SELECT ID FROM WORDS WHERE WORD = 'HOWEVER,';
SELECT ID FROM WORDS WHERE WORD = 'IT';
SELECT ID FROM WORDS WHERE WORD = 'TOOK';
SELECT ID FROM WORDS WHERE WORD = '$19.5';
SELECT ID FROM WORDS WHERE WORD = 'MILLION';
SELECT ID FROM WORDS WHERE WORD = 'IN';
SELECT ID FROM WORDS WHERE WORD = 'OREGON';
SELECT ID FROM WORDS WHERE WORD = 'LOTTERY';
SELECT ID FROM WORDS WHERE WORD = 'FUNDS';
SELECT ID FROM WORDS WHERE WORD = 'FOR';
SELECT ID FROM WORDS WHERE WORD = 'THE';
SELECT ID FROM WORDS WHERE WORD = 'PORT';
SELECT ID FROM WORDS WHERE WORD = 'OF';
SELECT ID FROM WORDS WHERE WORD = 'NEWPORT';
SELECT ID FROM WORDS WHERE WORD = 'TO';
SELECT ID FROM WORDS WHERE WORD = 'EVENTUALLY';
SELECT ID FROM WORDS WHERE WORD = 'LAND';
SELECT ID FROM WORDS WHERE WORD = 'THE';
SELECT ID FROM WORDS WHERE WORD = 'NEW';
SELECT ID FROM WORDS WHERE WORD = 'NOAA';
SELECT ID FROM WORDS WHERE WORD = 'MARINE';
SELECT ID FROM WORDS WHERE WORD = 'SAYS';
SELECT ID FROM WORDS WHERE WORD = 'GOP';
SELECT ID FROM WORDS WHERE WORD = 'PRIMARY';
SELECT ID FROM WORDS WHERE WORD = 'OPPONENTS';
SELECT ID FROM WORDS WHERE WORD = 'GLENN';
SELECT ID FROM WORDS WHERE WORD = 'GROTHMAN';
SELECT ID FROM WORDS WHERE WORD = 'AND';
SELECT ID FROM WORDS WHERE WORD = 'JOE';
SELECT ID FROM WORDS WHERE WORD = 'LEIBHAM';
SELECT ID FROM WORDS WHERE WORD = 'CAST';
SELECT ID FROM WORDS WHERE WORD = 'A';
SELECT ID FROM WORDS WHERE WORD = 'COMPROMISE';
SELECT ID FROM WORDS WHERE WORD = 'VOTE';
SELECT ID FROM WORDS WHERE WORD = 'THAT';
SELECT ID FROM WORDS WHERE WORD = 'COST';
SELECT ID FROM WORDS WHERE WORD = '$788';
SELECT ID FROM WORDS WHERE WORD = 'MILLION';
SELECT ID FROM WORDS WHERE WORD = 'IN';
SELECT ID FROM WORDS WHERE WORD = 'HIGHER';
SELECT ID FROM WORDS WHERE WORD = 'FOR';
SELECT ID FROM WORDS WHERE WORD = 'THE';
SELECT ID FROM WORDS WHERE WORD = 'FIRST';
SELECT ID FROM WORDS WHERE WORD = 'TIME';
SELECT ID FROM WORDS WHERE WORD = 'IN';
SELECT ID FROM WORDS WHERE WORD = 'HISTORY,';
SELECT ID FROM WORDS WHERE WORD = 'THE';
SELECT ID FROM WORDS WHERE WORD = 'SHARE';
SELECT ID FROM WORDS WHERE WORD = 'OF';
SELECT ID FROM WORDS WHERE WORD = 'THE';
SELECT ID FROM WORDS WHERE WORD = 'NATIONAL';
SELECT ID FROM WORDS WHERE WORD = 'POPULAR';
SELECT ID FROM WORDS WHERE WORD = 'VOTE';
SELECT ID FROM WORDS WHERE WORD = 'MARGIN';
SELECT ID FROM WORDS WHERE WORD = 'IS';
SELECT ID FROM WORDS WHERE WORD = 'SMALLER';
SELECT ID FROM WORDS WHERE WORD = 'THAN';
SELECT ID FROM WORDS WHERE WORD = 'THE';
SELECT ID FROM WORDS WHERE WORD = 'LATINO';
SELECT ID FROM WORDS WHERE WORD = 'SINCE';
SELECT ID FROM WORDS WHERE WORD = '2000,';
SELECT ID FROM WORDS WHERE WORD = 'NEARLY';
SELECT ID FROM WORDS WHERE WORD = '12';
SELECT ID FROM WORDS WHERE WORD = 'MILLION';
SELECT ID FROM WORDS WHERE WORD = 'AMERICANS';
SELECT ID FROM WORDS WHERE WORD = 'HAVE';
SELECT ID FROM WORDS WHERE WORD = 'SLIPPED';
SELECT ID FROM WORDS WHERE WORD = 'OUT';
SELECT ID FROM WORDS WHERE WORD = 'OF';
SELECT ID FROM WORDS WHERE WORD = 'THE';
SELECT ID FROM WORDS WHERE WORD = 'MIDDLE';
SELECT ID FROM WORDS WHERE WORD = 'CLASS';
SELECT ID FROM WORDS WHERE WORD = 'AND';
