[[0.25891675029296335, 0.420571580830845, 0.5112747213686085, 0.7579544029403025, 0.8444218515250481], [0.30331272607892745, 0.4049341374504143, 0.4765969541523558, 0.5833820394550312, 0.7837985890347726], [0.28183784439970383, 0.5046868558173903, 0.6183689966753316, 0.7558042041572239, 0.9081128851953352]]
brilho [0.4036284999504665, 0.40526675297971565, 0.4011586588162]
[[0.28183784439970383, 0.5046868558173903, 0.6183689966753316, 0.7558042041572239, 0.9081128851953352], [0.4065669096483301, 0.9078721244162502, 1.0670031930005994, 1.2107264978076129, 1.3980492871161259], [0.30331272607892745, 0.4049341374504143, 0.4765969541523558, 0.5833820394550312, 0.7837985890347726]]
brilho [0.4011586588162, 0.4000117445865133, 0.40526675297971565]
[[0.4065669096483301, 0.9078721244162502, 1.0670031930005994, 1.2107264978076129, 1.3980492871161259], [0.466669243773836, 0.9196379179797922, 1.0890546598048647, 1.3574059921017676, 1.555178965506213], [0.30331272607892745, 0.4049341374504143, 0.4765969541523558, 0.5833820394550312, 0.7837985890347726]]
brilho [0.4000117445865133, 0.400009559940998, 0.40526675297971565]
[[0.466669243773836, 0.9196379179797922, 1.0890546598048647, 1.3574059921017676, 1.555178965506213], [0.5592463228254463, 1.0383671164645614, 1.3717253063980206, 1.78542636357862, 2.031219795800493], [0.30331272607892745, 0.4049341374504143, 0.4765969541523558, 0.5833820394550312, 0.7837985890347726]]
brilho [0.400009559940998, 0.4851116511364612, 0.40526675297971565]
[[0.466669243773836, 0.9196379179797922, 1.0890546598048647, 1.3574059921017676, 1.555178965506213], [0.5988630482258239, 0.7787998401817351, 0.8734516117569328, 1.1110073741785098, 1.3856985825183934], [0.5592463228254463, 1.0383671164645614, 1.3717253063980206, 1.78542636357862, 2.031219795800493]]
brilho [0.400009559940998, 0.40008065714010294, 0.4851116511364612]
[[0.466669243773836, 0.9196379179797922, 1.0890546598048647, 1.3574059921017676, 1.555178965506213], [0.5326077433984925, 1.2760386297729462, 1.4759916478037551, 1.756599810189179, 1.9899124718538308], [0.5592463228254463, 1.0383671164645614, 1.3717253063980206, 1.78542636357862, 2.031219795800493]]
brilho [0.400009559940998, 0.5422891757187777, 0.4851116511364612]
[[0.466669243773836, 0.9196379179797922, 1.0890546598048647, 1.3574059921017676, 1.555178965506213], [0.7290682421040582, 1.2570881835772338, 1.5325100691549616, 2.0038970252105193, 2.244169592251152], [0.5326077433984925, 1.2760386297729462, 1.4759916478037551, 1.756599810189179, 1.9899124718538308]]
brilho [0.400009559940998, 0.5724860854539277, 0.5422891757187777]
[[0.466669243773836, 0.9196379179797922, 1.0890546598048647, 1.3574059921017676, 1.555178965506213], [0.5477734751826517, 1.1963461917921216, 1.436064511402424, 1.941164531460462, 2.1662034780422044], [0.7290682421040582, 1.2570881835772338, 1.5325100691549616, 2.0038970252105193, 2.244169592251152]]
brilho [0.400009559940998, 0.5206172533373032, 0.5724860854539277]
[[0.466669243773836, 0.9196379179797922, 1.0890546598048647, 1.3574059921017676, 1.555178965506213], [0.5335730408582817, 1.2708871985806087, 1.493058835351373, 1.99596320659777, 2.412392824005895], [0.7290682421040582, 1.2570881835772338, 1.5325100691549616, 2.0038970252105193, 2.244169592251152]]
brilho [0.400009559940998, 0.551467537641494, 0.5724860854539277]
[[0.466669243773836, 0.9196379179797922, 1.0890546598048647, 1.3574059921017676, 1.555178965506213], [0.6077795282828302, 1.2975503654691072, 1.526688495860533, 2.0188533528840855, 2.5314626113562526], [0.7290682421040582, 1.2570881835772338, 1.5325100691549616, 2.0038970252105193, 2.244169592251152]]
brilho [0.400009559940998, 0.5694019133564093, 0.5724860854539277]
[[0.466669243773836, 0.9196379179797922, 1.0890546598048647, 1.3574059921017676, 1.555178965506213], [0.6121582249264443, 1.567863246042625, 1.788350857358936, 2.3260351303923716, 2.8442162273312874], [0.7290682421040582, 1.2570881835772338, 1.5325100691549616, 2.0038970252105193, 2.244169592251152]]
brilho [0.400009559940998, 0.7019718125510546, 0.5724860854539277]
[[0.466669243773836, 0.9196379179797922, 1.0890546598048647, 1.3574059921017676, 1.555178965506213], [0.6617464450499939, 1.2879806875807567, 1.5868030751231679, 2.1030115251845927, 2.4699036317330654], [0.6121582249264443, 1.567863246042625, 1.788350857358936, 2.3260351303923716, 2.8442162273312874]]
brilho [0.400009559940998, 0.6009575873552587, 0.7019718125510546]
[[0.466669243773836, 0.9196379179797922, 1.0890546598048647, 1.3574059921017676, 1.555178965506213], [0.8239615723548446, 1.435157539497191, 1.816218950877679, 2.298367395037422, 2.6786323806678025], [0.6121582249264443, 1.567863246042625, 1.788350857358936, 2.3260351303923716, 2.8442162273312874]]
brilho [0.400009559940998, 0.7153526220855693, 0.7019718125510546]
[[0.466669243773836, 0.9196379179797922, 1.0890546598048647, 1.3574059921017676, 1.555178965506213], [0.6312855391379326, 1.750005110924151, 1.9769761895914337, 2.6287542276722817, 3.1573648911911016], [0.8239615723548446, 1.435157539497191, 1.816218950877679, 2.298367395037422, 2.6786323806678025]]
brilho [0.400009559940998, 0.789738395685141, 0.7153526220855693]
[[0.466669243773836, 0.9196379179797922, 1.0890546598048647, 1.3574059921017676, 1.555178965506213], [0.9013720193405854, 1.6446664691590418, 2.1869773677405573, 2.6608830809722632, 3.063975091395772], [0.6312855391379326, 1.750005110924151, 1.9769761895914337, 2.6287542276722817, 3.1573648911911016]]
brilho [0.400009559940998, 0.8797351088307285, 0.789738395685141]
[[0.466669243773836, 0.9196379179797922, 1.0890546598048647, 1.3574059921017676, 1.555178965506213], [0.6319070605361637, 1.7960863133278941, 2.0334223348894094, 2.8886234335482124, 3.563306858379195], [0.9013720193405854, 1.6446664691590418, 2.1869773677405573, 2.6608830809722632, 3.063975091395772]]
brilho [0.400009559940998, 0.8147246352808852, 0.8797351088307285]
[[0.466669243773836, 0.9196379179797922, 1.0890546598048647, 1.3574059921017676, 1.555178965506213], [0.6985653689740265, 2.05624342724774, 2.358516942500407, 3.2843126185598863, 3.993355237325469], [0.9013720193405854, 1.6446664691590418, 2.1869773677405573, 2.6608830809722632, 3.063975091395772]]
brilho [0.400009559940998, 0.9473051756394686, 0.8797351088307285]
[[0.466669243773836, 0.9196379179797922, 1.0890546598048647, 1.3574059921017676, 1.555178965506213], [0.9211781723913588, 1.9703524383272513, 2.5346187708667647, 3.0134753053235976, 3.4343909525129286], [0.6985653689740265, 2.05624342724774, 2.358516942500407, 3.2843126185598863, 3.993355237325469]]
brilho [0.400009559940998, 1.0112667796828037, 0.9473051756394686]
[[0.466669243773836, 0.9196379179797922, 1.0890546598048647, 1.3574059921017676, 1.555178965506213], [0.7191660733000362, 2.138169923947916, 2.5276407099868785, 3.5945752709679253, 4.35259684837295], [0.9211781723913588, 1.9703524383272513, 2.5346187708667647, 3.0134753053235976, 3.4343909525129286]]
brilho [0.400009559940998, 1.0088341501516176, 1.0112667796828037]
[[0.466669243773836, 0.9196379179797922, 1.0890546598048647, 1.3574059921017676, 1.555178965506213], [0.7545974972033659, 2.1878700055063467, 2.691900961621122, 3.7961596834326095, 4.559957451842626], [0.9211781723913588, 1.9703524383272513, 2.5346187708667647, 3.0134753053235976, 3.4343909525129286]]
brilho [0.400009559940998, 1.0639260094578502, 1.0112667796828037]
[[0.466669243773836, 0.9196379179797922, 1.0890546598048647, 1.3574059921017676, 1.555178965506213], [1.1089352647715605, 2.283657389882729, 2.981727758886928, 3.4732155893003775, 3.921553043182526], [0.7545974972033659, 2.1878700055063467, 2.691900961621122, 3.7961596834326095, 4.559957451842626]]
brilho [0.400009559940998, 1.1505282603178697, 1.0639260094578502]
[[0.466669243773836, 0.9196379179797922, 1.0890546598048647, 1.3574059921017676, 1.555178965506213], [0.9387632240973232, 2.399389036651774, 2.984345305529768, 4.135810956334192, 5.054186967604757], [1.1089352647715605, 2.283657389882729, 2.981727758886928, 3.4732155893003775, 3.921553043182526]]
brilho [0.400009559940998, 1.1512516139348683, 1.1505282603178697]
[[0.466669243773836, 0.9196379179797922, 1.0890546598048647, 1.3574059921017676, 1.555178965506213], [1.1299859013258997, 2.3431123687996935, 3.085343517534443, 3.672192135153276, 4.395533433670213], [0.9387632240973232, 2.399389036651774, 2.984345305529768, 4.135810956334192, 5.054186967604757]]
brilho [0.400009559940998, 1.1783946279132191, 1.1512516139348683]
[[0.466669243773836, 0.9196379179797922, 1.0890546598048647, 1.3574059921017676, 1.555178965506213], [1.099993381535484, 2.647091999099556, 3.3243100470747637, 4.5746392477700715, 5.512710303966193], [1.1299859013258997, 2.3431123687996935, 3.085343517534443, 3.672192135153276, 4.395533433670213]]
brilho [0.400009559940998, 1.2369100673262767, 1.1783946279132191]
[[0.466669243773836, 0.9196379179797922, 1.0890546598048647, 1.3574059921017676, 1.555178965506213], [1.1477200307182058, 2.417295806713593, 3.213784468918523, 4.0642754138537995, 4.816700090590134], [1.099993381535484, 2.647091999099556, 3.3243100470747637, 4.5746392477700715, 5.512710303966193]]
brilho [0.400009559940998, 1.2108130717173446, 1.2369100673262767]
[[0.466669243773836, 0.9196379179797922, 1.0890546598048647, 1.3574059921017676, 1.555178965506213], [1.2221297758548069, 2.4976408368276832, 3.379081652519062, 4.392317244707753, 5.238677433398728], [1.099993381535484, 2.647091999099556, 3.3243100470747637, 4.5746392477700715, 5.512710303966193]]
brilho [0.400009559940998, 1.2492502618691794, 1.2369100673262767]
[[0.466669243773836, 0.9196379179797922, 1.0890546598048647, 1.3574059921017676, 1.555178965506213], [1.2030457975682751, 2.914800151263844, 3.623617178908496, 4.987487556350245, 5.965600665642621], [1.2221297758548069, 2.4976408368276832, 3.379081652519062, 4.392317244707753, 5.238677433398728]]
brilho [0.400009559940998, 1.2998329046873442, 1.2492502618691794]
[[0.466669243773836, 0.9196379179797922, 1.0890546598048647, 1.3574059921017676, 1.555178965506213], [1.2549401974911485, 2.624870536069323, 3.5304840915935065, 4.822258955768388, 5.710150944055192], [1.2030457975682751, 2.914800151263844, 3.623617178908496, 4.987487556350245, 5.965600665642621]]
brilho [0.400009559940998, 1.281410704969997, 1.2998329046873442]
[[0.466669243773836, 0.9196379179797922, 1.0890546598048647, 1.3574059921017676, 1.555178965506213], [1.3306270836910419, 2.870786015617455, 3.8672559958932737, 5.180853328940983, 6.141813535609292], [1.2030457975682751, 2.914800151263844, 3.623617178908496, 4.987487556350245, 5.965600665642621]]
brilho [0.400009559940998, 1.3434841893691603, 1.2998329046873442]
[[0.466669243773836, 0.9196379179797922, 1.0890546598048647, 1.3574059921017676, 1.555178965506213], [1.2556922098964576, 3.088134139583828, 3.8153242154909397, 5.2620594394661335, 6.353810614992461], [1.3306270836910419, 2.870786015617455, 3.8672559958932737, 5.180853328940983, 6.141813535609292]]
brilho [0.400009559940998, 1.3347058824457847, 1.3434841893691603]
[[0.466669243773836, 0.9196379179797922, 1.0890546598048647, 1.3574059921017676, 1.555178965506213], [1.319246772370012, 3.4878047452947354, 4.251591576377673, 5.717951098530895, 6.812254319037965], [1.3306270836910419, 2.870786015617455, 3.8672559958932737, 5.180853328940983, 6.141813535609292]]
brilho [0.400009559940998, 1.4004829985036376, 1.3434841893691603]
[[0.466669243773836, 0.9196379179797922, 1.0890546598048647, 1.3574059921017676, 1.555178965506213], [1.3529475364032482, 2.9084558082267353, 4.110338546267641, 5.631389028765435, 6.608958326795076], [1.319246772370012, 3.4878047452947354, 4.251591576377673, 5.717951098530895, 6.812254319037965]]
brilho [0.400009559940998, 1.3810832718999786, 1.4004829985036376]
[[0.466669243773836, 0.9196379179797922, 1.0890546598048647, 1.3574059921017676, 1.555178965506213], [1.4096699842221025, 3.0611116032402137, 4.323323670303723, 5.914395515889313, 7.070398618363832], [1.319246772370012, 3.4878047452947354, 4.251591576377673, 5.717951098530895, 6.812254319037965]]
brilho [0.400009559940998, 1.409700213779894, 1.4004829985036376]
[[0.466669243773836, 0.9196379179797922, 1.0890546598048647, 1.3574059921017676, 1.555178965506213], [1.35441150530819, 3.5270740151206375, 4.431218233788291, 6.079222484575315, 7.293375562293175], [1.4096699842221025, 3.0611116032402137, 4.323323670303723, 5.914395515889313, 7.070398618363832]]
brilho [0.400009559940998, 1.4228055801805197, 1.409700213779894]
[[0.466669243773836, 0.9196379179797922, 1.0890546598048647, 1.3574059921017676, 1.555178965506213], [1.4132622678482378, 3.0734366104582915, 4.384917730918342, 6.098960589474326, 7.539529752445106], [1.35441150530819, 3.5270740151206375, 4.431218233788291, 6.079222484575315, 7.293375562293175]]
brilho [0.400009559940998, 1.4172905698150549, 1.4228055801805197]
[[0.466669243773836, 0.9196379179797922, 1.0890546598048647, 1.3574059921017676, 1.555178965506213], [1.5052850429358156, 3.2197526034407784, 4.702875584172213, 6.567524011582061, 8.018603699938854], [1.35441150530819, 3.5270740151206375, 4.431218233788291, 6.079222484575315, 7.293375562293175]]
brilho [0.400009559940998, 1.4520935347455783, 1.4228055801805197]
[[0.466669243773836, 0.9196379179797922, 1.0890546598048647, 1.3574059921017676, 1.555178965506213], [1.3646863156290783, 3.550201853571958, 4.4973351390051945, 6.224752244147991, 7.503268251220213], [1.5052850429358156, 3.2197526034407784, 4.702875584172213, 6.567524011582061, 8.018603699938854]]
brilho [0.400009559940998, 1.4304064210679888, 1.4520935347455783]
[[0.466669243773836, 0.9196379179797922, 1.0890546598048647, 1.3574059921017676, 1.555178965506213], [1.393614872579587, 3.734829873191857, 4.701648249596769, 6.433364984046094, 7.977734215691044], [1.5052850429358156, 3.2197526034407784, 4.702875584172213, 6.567524011582061, 8.018603699938854]]
brilho [0.400009559940998, 1.451972311384161, 1.4520935347455783]
[[0.466669243773836, 0.9196379179797922, 1.0890546598048647, 1.3574059921017676, 1.555178965506213], [1.59300332514444, 3.950688120973913, 4.924730441571692, 6.817185355456733, 8.37556279353211], [1.5052850429358156, 3.2197526034407784, 4.702875584172213, 6.567524011582061, 8.018603699938854]]
brilho [0.400009559940998, 1.4725039393349453, 1.4520935347455783]
[[0.466669243773836, 0.9196379179797922, 1.0890546598048647, 1.3574059921017676, 1.555178965506213], [1.5091733676537475, 3.369032663949839, 5.01224334318394, 6.8819842008543715, 8.402920829710276], [1.59300332514444, 3.950688120973913, 4.924730441571692, 6.817185355456733, 8.37556279353211]]
brilho [0.400009559940998, 1.4797824003510558, 1.4725039393349453]
[[0.466669243773836, 0.9196379179797922, 1.0890546598048647, 1.3574059921017676, 1.555178965506213], [1.6132768876661256, 4.0111039263661725, 5.053018350745765, 7.080236309837967, 8.817421802904137], [1.5091733676537475, 3.369032663949839, 5.01224334318394, 6.8819842008543715, 8.402920829710276]]
brilho [0.400009559940998, 1.4830346175322278, 1.4797824003510558]
[[0.466669243773836, 0.9196379179797922, 1.0890546598048647, 1.3574059921017676, 1.555178965506213], [1.633696891441525, 3.5218346303697987, 5.182188546392061, 7.147076919677079, 8.86290987363896], [1.6132768876661256, 4.0111039263661725, 5.053018350745765, 7.080236309837967, 8.817421802904137]]
brilho [0.400009559940998, 1.4927834358394672, 1.4830346175322278]
[[0.466669243773836, 0.9196379179797922, 1.0890546598048647, 1.3574059921017676, 1.555178965506213], [1.7594039717215368, 4.19700608814406, 5.367423803719208, 7.469511439364991, 9.211510515531632], [1.633696891441525, 3.5218346303697987, 5.182188546392061, 7.147076919677079, 8.86290987363896]]
brilho [0.400009559940998, 1.5053969971641006, 1.4927834358394672]
[[0.466669243773836, 0.9196379179797922, 1.0890546598048647, 1.3574059921017676, 1.555178965506213], [1.663807945191376, 3.6719272066009037, 5.3413086348081, 7.473104160126353, 9.210257690097183], [1.7594039717215368, 4.19700608814406, 5.367423803719208, 7.469511439364991, 9.211510515531632]]
brilho [0.400009559940998, 1.5037105141616547, 1.5053969971641006]
[[0.466669243773836, 0.9196379179797922, 1.0890546598048647, 1.3574059921017676, 1.555178965506213], [1.6670196720404489, 3.6925161377298528, 5.675812424781044, 7.816252421246186, 9.581234618437898], [1.7594039717215368, 4.19700608814406, 5.367423803719208, 7.469511439364991, 9.211510515531632]]
brilho [0.400009559940998, 1.523254846215176, 1.5053969971641006]
[[0.466669243773836, 0.9196379179797922, 1.0890546598048647, 1.3574059921017676, 1.555178965506213], [1.8435316710471263, 4.362103974408869, 5.578278749974911, 7.687146576014076, 9.66011100401357], [1.6670196720404489, 3.6925161377298528, 5.675812424781044, 7.816252421246186, 9.581234618437898]]
brilho [0.400009559940998, 1.5179970511583998, 1.523254846215176]
[[0.466669243773836, 0.9196379179797922, 1.0890546598048647, 1.3574059921017676, 1.555178965506213], [1.8684283035762588, 4.460201307867203, 5.688358510807934, 7.9804117053045855, 10.130128326182327], [1.6670196720404489, 3.6925161377298528, 5.675812424781044, 7.816252421246186, 9.581234618437898]]
brilho [0.400009559940998, 1.523906717586878, 1.523254846215176]
[[0.466669243773836, 0.9196379179797922, 1.0890546598048647, 1.3574059921017676, 1.555178965506213], [1.8092316672078481, 3.8690516785916094, 5.9049595872704135, 8.072311746551902, 10.019963345402163], [1.8684283035762588, 4.460201307867203, 5.688358510807934, 7.9804117053045855, 10.130128326182327]]
brilho [0.400009559940998, 1.5343408437152013, 1.523906717586878]
[[0.466669243773836, 0.9196379179797922, 1.0890546598048647, 1.3574059921017676, 1.555178965506213], [1.870365578545664, 4.48210493468375, 5.769787282086949, 8.11334772491235, 10.457442114444076], [1.8092316672078481, 3.8690516785916094, 5.9049595872704135, 8.072311746551902, 10.019963345402163]]
brilho [0.400009559940998, 1.5280075212031703, 1.5343408437152013]
[[0.466669243773836, 0.9196379179797922, 1.0890546598048647, 1.3574059921017676, 1.555178965506213], [1.8847801368147115, 4.64356942295128, 5.932359014993573, 8.341219917375165, 10.85483719372537], [1.8092316672078481, 3.8690516785916094, 5.9049595872704135, 8.072311746551902, 10.019963345402163]]
brilho [0.400009559940998, 1.5355561825686845, 1.5343408437152013]
[[0.466669243773836, 0.9196379179797922, 1.0890546598048647, 1.3574059921017676, 1.555178965506213], [1.8314831178724529, 3.9963712659194646, 6.076929775411192, 8.428551941736707, 10.487055075460258], [1.8847801368147115, 4.64356942295128, 5.932359014993573, 8.341219917375165, 10.85483719372537]]
brilho [0.400009559940998, 1.5416113932291429, 1.5355561825686845]
[[0.466669243773836, 0.9196379179797922, 1.0890546598048647, 1.3574059921017676, 1.555178965506213], [1.9233517918870155, 4.850575847185539, 6.152678903036816, 8.723940604443403, 11.314454272824886], [1.8314831178724529, 3.9963712659194646, 6.076929775411192, 8.428551941736707, 10.487055075460258]]
brilho [0.400009559940998, 1.5445566641528392, 1.5416113932291429]
[[0.466669243773836, 0.9196379179797922, 1.0890546598048647, 1.3574059921017676, 1.555178965506213], [1.932075640609345, 4.139124161461259, 6.294351616687202, 8.699089790466488, 10.765582107670287], [1.9233517918870155, 4.850575847185539, 6.152678903036816, 8.723940604443403, 11.314454272824886]]
brilho [0.400009559940998, 1.5496772657378564, 1.5445566641528392]
[[0.466669243773836, 0.9196379179797922, 1.0890546598048647, 1.3574059921017676, 1.555178965506213], [2.0477386397185655, 4.99285433918843, 6.482489298897634, 9.091982320948802, 11.685415050582664], [1.932075640609345, 4.139124161461259, 6.294351616687202, 8.699089790466488, 10.765582107670287]]
brilho [0.400009559940998, 1.5557618975014373, 1.5496772657378564]
[[0.466669243773836, 0.9196379179797922, 1.0890546598048647, 1.3574059921017676, 1.555178965506213], [2.0428546307732582, 4.259192205172993, 6.553428265293258, 9.036412667543164, 11.181482050863965], [2.0477386397185655, 4.99285433918843, 6.482489298897634, 9.091982320948802, 11.685415050582664]]
brilho [0.400009559940998, 1.5578622083065465, 1.5557618975014373]
[[0.466669243773836, 0.9196379179797922, 1.0890546598048647, 1.3574059921017676, 1.555178965506213], [2.085966742252013, 5.190644765037551, 6.737726557835695, 9.47450262857353, 12.17329334031487], [2.0428546307732582, 4.259192205172993, 6.553428265293258, 9.036412667543164, 11.181482050863965]]
brilho [0.400009559940998, 1.5628687062135869, 1.5578622083065465]
[[0.466669243773836, 0.9196379179797922, 1.0890546598048647, 1.3574059921017676, 1.555178965506213], [2.096861578409925, 4.5224099844075125, 6.8679229440381775, 9.453379552968368, 11.631886977692506], [2.085966742252013, 5.190644765037551, 6.737726557835695, 9.47450262857353, 12.17329334031487]]
brilho [0.400009559940998, 1.5660457605634444, 1.5628687062135869]
[[0.466669243773836, 0.9196379179797922, 1.0890546598048647, 1.3574059921017676, 1.555178965506213], [2.215545891950644, 5.492797761554726, 7.089435983996845, 9.885350777919422, 12.597183759912692], [2.096861578409925, 4.5224099844075125, 6.8679229440381775, 9.453379552968368, 11.631886977692506]]
brilho [0.400009559940998, 1.5708435337457385, 1.5660457605634444]
[[0.466669243773836, 0.9196379179797922, 1.0890546598048647, 1.3574059921017676, 1.555178965506213], [2.226914872651993, 4.674861194194705, 7.046101897319197, 9.723136205599916, 11.967679400591857], [2.215545891950644, 5.492797761554726, 7.089435983996845, 9.885350777919422, 12.597183759912692]]
brilho [0.400009559940998, 1.569961125008451, 1.5708435337457385]
[[0.466669243773836, 0.9196379179797922, 1.0890546598048647, 1.3574059921017676, 1.555178965506213], [2.3351770146283752, 4.886187641084979, 7.263708487046506, 10.169350672596346, 12.453726022778666], [2.215545891950644, 5.492797761554726, 7.089435983996845, 9.885350777919422, 12.597183759912692]]
brilho [0.400009559940998, 1.5741397867587874, 1.5708435337457385]
[[0.466669243773836, 0.9196379179797922, 1.0890546598048647, 1.3574059921017676, 1.555178965506213], [2.2365154153087228, 5.697264663102759, 7.320760901667505, 10.228674085794722, 13.057937663162326], [2.3351770146283752, 4.886187641084979, 7.263708487046506, 10.169350672596346, 12.453726022778666]]
brilho [0.400009559940998, 1.575136296077053, 1.5741397867587874]
[[0.466669243773836, 0.9196379179797922, 1.0890546598048647, 1.3574059921017676, 1.555178965506213], [2.3461646687949114, 4.97060964360469, 7.387105621089626, 10.563191368656794, 12.856959509551467], [2.2365154153087228, 5.697264663102759, 7.320760901667505, 10.228674085794722, 13.057937663162326]]
brilho [0.400009559940998, 1.5762472109574948, 1.575136296077053]
[[0.466669243773836, 0.9196379179797922, 1.0890546598048647, 1.3574059921017676, 1.555178965506213], [2.2501490078314785, 5.7154226872660985, 7.687120379070213, 10.631621413803494, 13.524149167984843], [2.3461646687949114, 4.97060964360469, 7.387105621089626, 10.563191368656794, 12.856959509551467]]
brilho [0.400009559940998, 1.580685589024888, 1.5762472109574948]
[[0.466669243773836, 0.9196379179797922, 1.0890546598048647, 1.3574059921017676, 1.555178965506213], [2.5015467675380147, 5.245833869084493, 7.773561825786345, 11.013462197590165, 13.345623265038851], [2.2501490078314785, 5.7154226872660985, 7.687120379070213, 10.631621413803494, 13.524149167984843]]
brilho [0.400009559940998, 1.5818038043112412, 1.580685589024888]
[[0.466669243773836, 0.9196379179797922, 1.0890546598048647, 1.3574059921017676, 1.555178965506213], [2.395037807450186, 6.006424535035079, 8.027483071994032, 10.974676821365158, 13.912107973728906], [2.5015467675380147, 5.245833869084493, 7.773561825786345, 11.013462197590165, 13.345623265038851]]
brilho [0.400009559940998, 1.5847293653042807, 1.5818038043112412]
[[0.466669243773836, 0.9196379179797922, 1.0890546598048647, 1.3574059921017676, 1.555178965506213], [2.6782245837596954, 5.538906795612737, 8.11422420414088, 11.373504425144413, 13.80380404972643], [2.395037807450186, 6.006424535035079, 8.027483071994032, 10.974676821365158, 13.912107973728906]]
brilho [0.400009559940998, 1.5856173002338048, 1.5847293653042807]
[[0.466669243773836, 0.9196379179797922, 1.0890546598048647, 1.3574059921017676, 1.555178965506213], [2.395544203998413, 6.076803906114147, 8.327834570385532, 11.366069512067158, 14.40584348521825], [2.6782245837596954, 5.538906795612737, 8.11422420414088, 11.373504425144413, 13.80380404972643]]
brilho [0.400009559940998, 1.5875906948467995, 1.5856173002338048]
[[0.466669243773836, 0.9196379179797922, 1.0890546598048647, 1.3574059921017676, 1.555178965506213], [2.7631540055395325, 5.625823564646145, 8.326163819445302, 11.647943055695803, 14.278698073525375], [2.395544203998413, 6.076803906114147, 8.327834570385532, 11.366069512067158, 14.40584348521825]]
brilho [0.400009559940998, 1.5875763591091279, 1.5875906948467995]
[[0.466669243773836, 0.9196379179797922, 1.0890546598048647, 1.3574059921017676, 1.555178965506213], [3.0320892334077367, 5.903103490431844, 8.685122947707557, 12.121070034339752, 14.77412201565823], [2.395544203998413, 6.076803906114147, 8.327834570385532, 11.366069512067158, 14.40584348521825]]
brilho [0.400009559940998, 1.590306539893197, 1.5875906948467995]
[[0.466669243773836, 0.9196379179797922, 1.0890546598048647, 1.3574059921017676, 1.555178965506213], [2.5760149591885564, 6.282622103381893, 8.608633895614867, 11.673136261097797, 14.88060355952218], [3.0320892334077367, 5.903103490431844, 8.685122947707557, 12.121070034339752, 14.77412201565823]]
brilho [0.400009559940998, 1.5897800369124073, 1.590306539893197]
[[0.466669243773836, 0.9196379179797922, 1.0890546598048647, 1.3574059921017676, 1.555178965506213], [2.700612179205419, 6.419858431004506, 9.054511027591351, 12.136384616113842, 15.353076066127548], [3.0320892334077367, 5.903103490431844, 8.685122947707557, 12.121070034339752, 14.77412201565823]]
brilho [0.400009559940998, 1.592492303278027, 1.590306539893197]
[[0.466669243773836, 0.9196379179797922, 1.0890546598048647, 1.3574059921017676, 1.555178965506213], [3.1584320271004467, 6.220477959752105, 9.12601658940938, 12.585063160593338, 15.244317429306765], [2.700612179205419, 6.419858431004506, 9.054511027591351, 12.136384616113842, 15.353076066127548]]
brilho [0.400009559940998, 1.5928547423849497, 1.592492303278027]
[[0.466669243773836, 0.9196379179797922, 1.0890546598048647, 1.3574059921017676, 1.555178965506213], [2.7198207988845167, 6.614489380565429, 9.287167522695274, 12.55131078581025, 15.793149380520669], [3.1584320271004467, 6.220477959752105, 9.12601658940938, 12.585063160593338, 15.244317429306765]]
brilho [0.400009559940998, 1.5936088138423308, 1.5928547423849497]
[[0.466669243773836, 0.9196379179797922, 1.0890546598048647, 1.3574059921017676, 1.555178965506213], [3.179992108621616, 6.275883295891442, 9.221403279747662, 12.85537413795954, 15.708383714355804], [2.7198207988845167, 6.614489380565429, 9.287167522695274, 12.55131078581025, 15.793149380520669]]
brilho [0.400009559940998, 1.5933111857911995, 1.5936088138423308]
[[0.466669243773836, 0.9196379179797922, 1.0890546598048647, 1.3574059921017676, 1.555178965506213], [3.209916203905481, 6.3385745332696715, 9.288381357750222, 13.008423064966752, 15.94883014668296], [2.7198207988845167, 6.614489380565429, 9.287167522695274, 12.55131078581025, 15.793149380520669]]
brilho [0.400009559940998, 1.5936141811670315, 1.5936088138423308]
[[0.466669243773836, 0.9196379179797922, 1.0890546598048647, 1.3574059921017676, 1.555178965506213], [2.7612203302516747, 6.7152916374781695, 9.567065816661422, 12.844252463429019, 16.199798781058814], [3.209916203905481, 6.3385745332696715, 9.288381357750222, 13.008423064966752, 15.94883014668296]]
brilho [0.400009559940998, 1.5947345975890552, 1.5936141811670315]
[[0.466669243773836, 0.9196379179797922, 1.0890546598048647, 1.3574059921017676, 1.555178965506213], [3.2268140532565357, 6.631325890888264, 9.609156183085599, 13.387269026046052, 16.357730217420052], [2.7612203302516747, 6.7152916374781695, 9.567065816661422, 12.844252463429019, 16.199798781058814]]
brilho [0.400009559940998, 1.594885830618398, 1.5947345975890552]
[[0.466669243773836, 0.9196379179797922, 1.0890546598048647, 1.3574059921017676, 1.555178965506213], [2.8012138738168786, 6.886983036554976, 9.838787213563688, 13.250733508819927, 16.610095901114633], [3.2268140532565357, 6.631325890888264, 9.609156183085599, 13.387269026046052, 16.357730217420052]]
brilho [0.400009559940998, 1.5956376914977721, 1.594885830618398]
[[0.466669243773836, 0.9196379179797922, 1.0890546598048647, 1.3574059921017676, 1.555178965506213], [3.2364144554399545, 6.7279973233093955, 9.816074328225833, 13.754145736718357, 16.80069947483245], [2.8012138738168786, 6.886983036554976, 9.838787213563688, 13.250733508819927, 16.610095901114633]]
brilho [0.400009559940998, 1.5955685314493369, 1.5956376914977721]
[[0.466669243773836, 0.9196379179797922, 1.0890546598048647, 1.3574059921017676, 1.555178965506213], [3.413904602658591, 7.009365190932263, 10.152233167502798, 14.13237958767368, 17.251620140916646], [2.8012138738168786, 6.886983036554976, 9.838787213563688, 13.250733508819927, 16.610095901114633]]
brilho [0.400009559940998, 1.596489021817604, 1.5956376914977721]
[[0.466669243773836, 0.9196379179797922, 1.0890546598048647, 1.3574059921017676, 1.555178965506213], [2.80803715025769, 7.115220962735472, 10.115813541807047, 13.558740423862371, 16.936813079999524], [3.413904602658591, 7.009365190932263, 10.152233167502798, 14.13237958767368, 17.251620140916646]]
brilho [0.400009559940998, 1.5963993172089321, 1.596489021817604]
[[0.466669243773836, 0.9196379179797922, 1.0890546598048647, 1.3574059921017676, 1.555178965506213], [2.824570998730642, 7.2820274309486335, 10.35150482458657, 13.972026979719182, 17.41438669865922], [3.413904602658591, 7.009365190932263, 10.152233167502798, 14.13237958767368, 17.251620140916646]]
brilho [0.400009559940998, 1.5969417550029805, 1.596489021817604]
[[0.466669243773836, 0.9196379179797922, 1.0890546598048647, 1.3574059921017676, 1.555178965506213], [3.5351953085449015, 7.321723105857892, 10.47229318476012, 14.571827727989916, 17.72441981095669], [2.824570998730642, 7.2820274309486335, 10.35150482458657, 13.972026979719182, 17.41438669865922]]
brilho [0.400009559940998, 1.5971872855776124, 1.5969417550029805]
[[0.466669243773836, 0.9196379179797922, 1.0890546598048647, 1.3574059921017676, 1.555178965506213], [2.831304837803454, 7.3510263726775165, 10.582954221358085, 14.254486222997237, 17.852642614321052], [3.5351953085449015, 7.321723105857892, 10.47229318476012, 14.571827727989916, 17.72441981095669]]
brilho [0.400009559940998, 1.5973949047627016, 1.5971872855776124]
[[0.466669243773836, 0.9196379179797922, 1.0890546598048647, 1.3574059921017676, 1.555178965506213], [3.5911465148304127, 7.511660268211374, 10.778030278401337, 14.908623191353925, 18.113582419018243], [2.831304837803454, 7.3510263726775165, 10.582954221358085, 14.254486222997237, 17.852642614321052]]
brilho [0.400009559940998, 1.5977243182543546, 1.5973949047627016]
[[0.466669243773836, 0.9196379179797922, 1.0890546598048647, 1.3574059921017676, 1.555178965506213], [3.047075398662986, 7.5690440411245845, 10.818521207642338, 14.583826950440457, 18.335667956906782], [3.5911465148304127, 7.511660268211374, 10.778030278401337, 14.908623191353925, 18.113582419018243]]
brilho [0.400009559940998, 1.5977872927757037, 1.5977243182543546]
[[0.466669243773836, 0.9196379179797922, 1.0890546598048647, 1.3574059921017676, 1.555178965506213], [3.6112985643829374, 7.630168824235664, 10.938815397887687, 15.145898545458978, 18.419384718769564], [3.047075398662986, 7.5690440411245845, 10.818521207642338, 14.583826950440457, 18.335667956906782]]
brilho [0.400009559940998, 1.597964299119121, 1.5977872927757037]
[[0.466669243773836, 0.9196379179797922, 1.0890546598048647, 1.3574059921017676, 1.555178965506213], [3.127764922663902, 7.739291932946889, 11.12061334804121, 14.940424520996435, 18.797950115731652], [3.6112985643829374, 7.630168824235664, 10.938815397887687, 15.145898545458978, 18.419384718769564]]
brilho [0.400009559940998, 1.5982053288832947, 1.597964299119121]
[[0.466669243773836, 0.9196379179797922, 1.0890546598048647, 1.3574059921017676, 1.555178965506213], [3.6997474678074407, 7.728015324353512, 11.230655985908486, 15.52261388538004, 18.898053562194004], [3.127764922663902, 7.739291932946889, 11.12061334804121, 14.940424520996435, 18.797950115731652]]
brilho [0.400009559940998, 1.5983371468990566, 1.5982053288832947]
[[0.466669243773836, 0.9196379179797922, 1.0890546598048647, 1.3574059921017676, 1.555178965506213], [3.1658493463619948, 7.822170947376436, 11.319812053980858, 15.155713244169787, 19.15333503443269], [3.6997474678074407, 7.728015324353512, 11.230655985908486, 15.52261388538004, 18.898053562194004]]
brilho [0.400009559940998, 1.5984368184615672, 1.5983371468990566]
[[0.466669243773836, 0.9196379179797922, 1.0890546598048647, 1.3574059921017676, 1.555178965506213], [3.7589862138342016, 7.895601389005838, 11.58887955751158, 15.89055301965014, 19.338989556220632], [3.1658493463619948, 7.822170947376436, 11.319812053980858, 15.155713244169787, 19.15333503443269]]
brilho [0.400009559940998, 1.598702868577137, 1.5984368184615672]
[[0.466669243773836, 0.9196379179797922, 1.0890546598048647, 1.3574059921017676, 1.555178965506213], [3.3184705233295277, 8.194060484783442, 11.760058699024738, 15.647985296114367, 19.64964484895498], [3.7589862138342016, 7.895601389005838, 11.58887955751158, 15.89055301965014, 19.338989556220632]]
brilho [0.400009559940998, 1.598848066187949, 1.598702868577137]
[[0.466669243773836, 0.9196379179797922, 1.0890546598048647, 1.3574059921017676, 1.555178965506213], [4.017546163928179, 8.219279374741339, 11.937302858862957, 16.242782972391666, 19.806758578810136], [3.3184705233295277, 8.194060484783442, 11.760058699024738, 15.647985296114367, 19.64964484895498]]
brilho [0.400009559940998, 1.5989813220236389, 1.598848066187949]
[[0.466669243773836, 0.9196379179797922, 1.0890546598048647, 1.3574059921017676, 1.555178965506213], [3.3725401007700526, 8.420374762615259, 12.000411114759094, 15.940111745672061, 20.058326825461332], [4.017546163928179, 8.219279374741339, 11.937302858862957, 16.242782972391666, 19.806758578810136]]
brilho [0.400009559940998, 1.5990249539691617, 1.5989813220236389]
[[0.466669243773836, 0.9196379179797922, 1.0890546598048647, 1.3574059921017676, 1.555178965506213], [4.276115923836875, 8.52340649668401, 12.351046539739492, 16.66756605755466, 20.24608801297302], [3.3725401007700526, 8.420374762615259, 12.000411114759094, 15.940111745672061, 20.058326825461332]]
brilho [0.400009559940998, 1.5992355067161872, 1.5990249539691617]
[[0.466669243773836, 0.9196379179797922, 1.0890546598048647, 1.3574059921017676, 1.555178965506213], [3.4159375968298025, 8.587638781691396, 12.228173516008749, 16.193509306810245, 20.352434532325468], [4.276115923836875, 8.52340649668401, 12.351046539739492, 16.66756605755466, 20.24608801297302]]
brilho [0.400009559940998, 1.5991674676461771, 1.5992355067161872]
[[0.466669243773836, 0.9196379179797922, 1.0890546598048647, 1.3574059921017676, 1.555178965506213], [3.4501835553000273, 8.622060758207112, 12.29999290508722, 16.390131319239632, 20.76823654514454], [4.276115923836875, 8.52340649668401, 12.351046539739492, 16.66756605755466, 20.24608801297302]]
brilho [0.400009559940998, 1.5992079381362456, 1.5992355067161872]
[[0.466669243773836, 0.9196379179797922, 1.0890546598048647, 1.3574059921017676, 1.555178965506213], [3.4537111892690047, 8.690465159250524, 12.579131465307029, 16.66949370420901, 21.199254612312064], [4.276115923836875, 8.52340649668401, 12.351046539739492, 16.66756605755466, 20.24608801297302]]
brilho [0.400009559940998, 1.5993474284569726, 1.5992355067161872]
[[0.466669243773836, 0.9196379179797922, 1.0890546598048647, 1.3574059921017676, 1.555178965506213], [4.388423997659181, 8.679154227991372, 12.598861751433677, 17.086859476022592, 20.719540074219747], [3.4537111892690047, 8.690465159250524, 12.579131465307029, 16.66949370420901, 21.199254612312064]]
brilho [0.400009559940998, 1.599356304423521, 1.5993474284569726]
[[0.466669243773836, 0.9196379179797922, 1.0890546598048647, 1.3574059921017676, 1.555178965506213], [3.633295179406651, 8.882635096043137, 12.819691235697439, 17.040687738190286, 21.63949185795211], [4.388423997659181, 8.679154227991372, 12.598861751433677, 17.086859476022592, 20.719540074219747]]
brilho [0.400009559940998, 1.599447792159941, 1.599356304423521]
[[0.466669243773836, 0.9196379179797922, 1.0890546598048647, 1.3574059921017676, 1.555178965506213], [4.588863025234301, 8.919017977225746, 12.982009612178159, 17.52011679917326, 21.216068369211843], [3.633295179406651, 8.882635096043137, 12.819691235697439, 17.040687738190286, 21.63949185795211]]
bests [0.466669243773836, 0.9196379179797922, 1.0890546598048647, 1.3574059921017676, 1.555178965506213]
Melhores fireflies:
[0.466669243773836, 0.9196379179797922, 1.0890546598048647, 1.3574059921017676, 1.555178965506213]
