Data:    (DDMMAAAA)932019
Hora:    (HHMMSS)192029
Training_File:   ../database/training_tab.csv
Validation_File: ../database/training_tab.csv
['0', 'Says the Annies List political group supports third-trimester abortions on demand.']
0
0
0.5
['0.5', 'When did the decline of coal start? It started when natural gas took off that started to begin in (President George W.) Bushs administration.']
0.5
0.5
0.6666666567325592
['0.7', 'Hillary Clinton agrees with John McCain "by voting to give George Bush the benefit of the doubt on Iran."']
0.7
0.7
0.7692307692620608
['0', 'Health care reform legislation is likely to mandate free sex change surgeries.']
0
0
0.5
['0.5', 'The economic turnaround started at the end of my term.']
0.5
0.5
0.66650390625
['1', 'The Chicago Bears have had more starting quarterbacks in the last 10 years than the total number of tenured (UW) faculty fired during the last two decades.']
1
1
1.0
['0.3', 'Jim Dunnam has not lived in the district he represents for years now.']
0.3
0.3
0.5890901971506499
['0.5', 'I_m the only person on this stage who has worked actively just last year passing, along with Russ Feingold, some of the toughest ethics reform since Watergate.']
0.5
0.5
0.6666666679084301
['1', 'McCain opposed a requirement that the government buy American-made motorcycles. And he said all buy-American provisions were quote _disgraceful._ ']
1
1
0.625
['0.3', 'U.S. Rep. Ron Kind, D-Wis., and his fellow Democrats went on a spending spree and now their credit card is maxed out']
0.3
0.3
0.5882007956966302
['0.5', 'Water rates in Manila, Philippines, were raised up to 845 percent when a subsidiary of the World Bank became a partial owner.']
0.5
0.5
0.6666666269302368
['0.7', 'Almost 100,000 people left Puerto Rico last year.']
0.7
0.7
0.769213105
['0', 'Women and men both are making less when you adjust for inflation than when John Kitzhaber was first elected governor.']
0
0
0.5
['0.7', 'The United States has the highest corporate tax rate in the free world.']
0.7
0.7
0.76923081215485
['0.7', 'We just had the best year for the auto industry in America in history.']
0.7
0.7
0.769230756353545
['0.5', 'Says Scott Walker favors cutting up to 350,000 families and children off health care.']
0.5
0.5
0.666656494140625
['0.3', 'Says Mitt Romney wants to get rid of Planned Parenthood.']
0.3
0.3
0.58574286545
['0', 'I dont know who (Jonathan Gruber) is.']
0
0
0.5
['0.7', 'Hate crimes against American Muslims and mosques have tripled after Paris and San Bernardino.']
0.7
0.7
0.769230756353545
['0.5', 'Rick Perry has never lost an election and remains the only person to have won the Texas governorship three times in landslide elections.']
0.5
0.5
0.6666666865348816
['0', 'ISIS supporter tweeted at 10:34 a.m. Shooting began at 10:45 a.m. in Chattanooga, Tenn.']
0
0
0.5
['0.7', 'Youth unemployment in minority communities is about 40 to 45 percent.']
0.7
0.7
0.7692312461649999
['1', 'Says Paul Ryan is still endorsing Trump.']
1
1
1.0
['0.3', 'If you look at states that are right to work, they constantly do not have budget deficits and they have very good business climates.']
0.3
0.3
0.5882183898913488
['0', 'What (the Obama administration is) going to come out with in the next several months is youre not even going to be able to burn coal very limitedly in the existing plants.']
0
0
0.5
['0.7', 'We cut business taxes so today 70 percent of our businesses dont pay a business tax.']
0.7
0.7
0.769230768071819
['0.7', 'Says Mark Pryor votes with Obama 93 percent of the time.']
0.7
0.7
0.7661156230824999
['1', 'We have a federal government that thinks they have the authority to regulate our toilet seats.']
1
1
1.0
['1', 'Austin is a city that has basically doubled in size every 25 years or so since it was founded.']
1
1
1.0
['1', 'The nuclear test conducted in our nation this time is the Earth_s 2,054th nuclear test. The five permanent members of the U.N. Security Council have conducted 99.99 percent of the total nuclear tests.']
1
1
1.0
['0', 'In the case of a catastrophic event, the Atlanta-area offices of the Centers for Disease Control and Prevention will self-destruct.']
0
0
0.5
['1', 'Under President George W. Bush, we added $4.9 trillion to the debt. Under President Obama weve added $6.5 trillion to the debt.']
1
1
1.0
