Data:    (DD/MM/AAAA)29/3/2019
Hora:    (HH:MM:SS)20:59:54
Training_File:   ../reports/report2932019205954/training_tab.csv
Validation_File: ../reports/report2932019205954/training_tab.csv
Palavra: FOR
Palavra: THE
Palavra: FIRST
Probabilidade: 0.75
Palavra: THE
Palavra: FIRST
Palavra: TIME
Probabilidade: 0.75
Palavra: FIRST
Palavra: TIME
Palavra: IN
Probabilidade: 0.75
Palavra: TIME
Palavra: IN
Palavra: HISTORY
Probabilidade: 0.75
Palavra: IN
Palavra: HISTORY
Palavra: THE
Probabilidade: 0.75
Palavra: HISTORY
Palavra: THE
Palavra: SHARE
Probabilidade: 0.75
Palavra: THE
Palavra: SHARE
Palavra: OF
Probabilidade: 0.75
Palavra: SHARE
Palavra: OF
Palavra: THE
Probabilidade: 0.75
Palavra: OF
Palavra: THE
Palavra: NATIONAL
Probabilidade: 0.75
Palavra: THE
Palavra: NATIONAL
Palavra: POPULAR
Probabilidade: 0.75
Palavra: NATIONAL
Palavra: POPULAR
Palavra: VOTE
Probabilidade: 0.75
Palavra: POPULAR
Palavra: VOTE
Palavra: MARGIN
Probabilidade: 0.75
Palavra: VOTE
Palavra: MARGIN
Palavra: IS
Probabilidade: 0.75
Palavra: MARGIN
Palavra: IS
Palavra: SMALLER
Probabilidade: 0.75
Palavra: IS
Palavra: SMALLER
Palavra: THAN
Probabilidade: 0.75
Palavra: SMALLER
Palavra: THAN
Palavra: THE
Probabilidade: 0.75
Palavra: THAN
Palavra: THE
Palavra: LATINO
Probabilidade: 0.75
Palavra: THE
Palavra: LATINO
Palavra: VOTE
Probabilidade: 0.75
Palavra: LATINO
Palavra: VOTE
Palavra: MARGIN.
Probabilidade: 0.75
Palavra: VOTE
Palavra: MARGIN.
Palavra: _
Probabilidade: 0.75
Palavra: MARGIN.
Palavra: _
Palavra: _
Probabilidade: 0.75
['0.75', 'For the first time in history the share of the national popular vote margin is smaller than the Latino vote margin.']
0.75
0.7999999999999545
Palavra: SINCE
Palavra: 2000
Palavra: NEARLY
Probabilidade: 0.5
Palavra: 2000
Palavra: NEARLY
Palavra: 12
Probabilidade: 0.5
Palavra: NEARLY
Palavra: 12
Palavra: MILLION
Probabilidade: 0.5
Palavra: 12
Palavra: MILLION
Palavra: AMERICANS
Probabilidade: 0.5
Palavra: MILLION
Palavra: AMERICANS
Palavra: HAVE
Probabilidade: 0.5
Palavra: AMERICANS
Palavra: HAVE
Palavra: SLIPPED
Probabilidade: 0.5
Palavra: HAVE
Palavra: SLIPPED
Palavra: OUT
Probabilidade: 0.5
Palavra: SLIPPED
Palavra: OUT
Palavra: OF
Probabilidade: 0.5
Palavra: OUT
Palavra: OF
Palavra: THE
Probabilidade: 0.5
Palavra: OF
Palavra: THE
Palavra: MIDDLE
Probabilidade: 0.5
Palavra: THE
Palavra: MIDDLE
Palavra: CLASS
Probabilidade: 0.5
Palavra: MIDDLE
Palavra: CLASS
Palavra: AND
Probabilidade: 0.5
Palavra: CLASS
Palavra: AND
Palavra: INTO
Probabilidade: 0.5
Palavra: AND
Palavra: INTO
Palavra: POVERTY.
Probabilidade: 0.5
Palavra: INTO
Palavra: POVERTY.
Palavra: _
Probabilidade: 0.5
Palavra: POVERTY.
Palavra: _
Palavra: _
Probabilidade: 0.5
['0.5', 'Since 2000 nearly 12 million Americans have slipped out of the middle class and into poverty.']
0.5
0.6666717529296875
Palavra: WHEN
Palavra: MITT
Palavra: ROMNEY
Probabilidade: 0.0
Palavra: MITT
Palavra: ROMNEY
Palavra: WAS
Probabilidade: 0.0
Palavra: ROMNEY
Palavra: WAS
Palavra: GOVERNOR
Probabilidade: 0.0
Palavra: WAS
Palavra: GOVERNOR
Palavra: OF
Probabilidade: 0.0
Palavra: GOVERNOR
Palavra: OF
Palavra: MASSACHUSETTS
Probabilidade: 0.0
Palavra: OF
Palavra: MASSACHUSETTS
Palavra: WE
Probabilidade: 0.0
Palavra: MASSACHUSETTS
Palavra: WE
Palavra: DIDNT
Probabilidade: 0.0
Palavra: WE
Palavra: DIDNT
Palavra: JUST
Probabilidade: 0.0
Palavra: DIDNT
Palavra: JUST
Palavra: SLOW
Probabilidade: 0.0
Palavra: JUST
Palavra: SLOW
Palavra: THE
Probabilidade: 0.0
Palavra: SLOW
Palavra: THE
Palavra: RATE
Probabilidade: 0.0
Palavra: THE
Palavra: RATE
Palavra: OF
Probabilidade: 0.0
Palavra: RATE
Palavra: OF
Palavra: GROWTH
Probabilidade: 0.0
Palavra: OF
Palavra: GROWTH
Palavra: OF
Probabilidade: 0.0
Palavra: GROWTH
Palavra: OF
Palavra: OUR
Probabilidade: 0.0
Palavra: OF
Palavra: OUR
Palavra: GOVERNMENT
Probabilidade: 0.0
Palavra: OUR
Palavra: GOVERNMENT
Palavra: WE
Probabilidade: 0.0
Palavra: GOVERNMENT
Palavra: WE
Palavra: ACTUALLY
Probabilidade: 0.0
Palavra: WE
Palavra: ACTUALLY
Palavra: CUT
Probabilidade: 0.0
Palavra: ACTUALLY
Palavra: CUT
Palavra: IT.
Probabilidade: 0.0
Palavra: CUT
Palavra: IT.
Palavra: _
Probabilidade: 0.0
Palavra: IT.
Palavra: _
Palavra: _
Probabilidade: 0.0
['0', 'When Mitt Romney was governor of Massachusetts we didnt just slow the rate of growth of our government we actually cut it.']
0
1.0
Palavra: THE
Palavra: ECONOMY
Palavra: BLED
Probabilidade: 0.75
Palavra: ECONOMY
Palavra: BLED
Palavra: $24
Probabilidade: 0.75
Palavra: BLED
Palavra: $24
Palavra: BILLION
Probabilidade: 0.75
Palavra: $24
Palavra: BILLION
Palavra: DUE
Probabilidade: 0.75
Palavra: BILLION
Palavra: DUE
Palavra: TO
Probabilidade: 0.75
Palavra: DUE
Palavra: TO
Palavra: THE
Probabilidade: 0.75
Palavra: TO
Palavra: THE
Palavra: GOVERNMENT
Probabilidade: 0.75
Palavra: THE
Palavra: GOVERNMENT
Palavra: SHUTDOWN.
Probabilidade: 0.75
Palavra: GOVERNMENT
Palavra: SHUTDOWN.
Palavra: _
Probabilidade: 0.75
Palavra: SHUTDOWN.
Palavra: _
Palavra: _
Probabilidade: 0.75
['0.75', 'The economy bled $24 billion due to the government shutdown.']
0.75
0.8000001907348633
Palavra: MOST
Palavra: OF
Palavra: THE
Probabilidade: 0.25
Palavra: OF
Palavra: THE
Palavra: (AFFORDABLE
Probabilidade: 0.25
Palavra: THE
Palavra: (AFFORDABLE
Palavra: CARE
Probabilidade: 0.25
Palavra: (AFFORDABLE
Palavra: CARE
Palavra: ACT)
Probabilidade: 0.25
Palavra: CARE
Palavra: ACT)
Palavra: HAS
Probabilidade: 0.25
Palavra: ACT)
Palavra: HAS
Palavra: ALREADY
Probabilidade: 0.25
Palavra: HAS
Palavra: ALREADY
Palavra: IN
Probabilidade: 0.25
Palavra: ALREADY
Palavra: IN
Palavra: SOME
Probabilidade: 0.25
Palavra: IN
Palavra: SOME
Palavra: SENSE
Probabilidade: 0.25
Palavra: SOME
Palavra: SENSE
Palavra: BEEN
Probabilidade: 0.25
Palavra: SENSE
Palavra: BEEN
Palavra: WAIVED
Probabilidade: 0.25
Palavra: BEEN
Palavra: WAIVED
Palavra: OR
Probabilidade: 0.25
Palavra: WAIVED
Palavra: OR
Palavra: OTHERWISE
Probabilidade: 0.25
Palavra: OR
Palavra: OTHERWISE
Palavra: SUSPENDED.
Probabilidade: 0.25
Palavra: OTHERWISE
Palavra: SUSPENDED.
Palavra: _
Probabilidade: 0.25
Palavra: SUSPENDED.
Palavra: _
Palavra: _
Probabilidade: 0.25
['0.25', 'Most of the (Affordable Care Act) has already in some sense been waived or otherwise suspended.']
0.25
0.575723969610408
Palavra: IN
Palavra: THIS
Palavra: LAST
Probabilidade: 0.5
Palavra: THIS
Palavra: LAST
Palavra: ELECTION
Probabilidade: 0.5
Palavra: LAST
Palavra: ELECTION
Palavra: IN
Probabilidade: 0.5
Palavra: ELECTION
Palavra: IN
Palavra: NOVEMBER
Probabilidade: 0.5
Palavra: IN
Palavra: NOVEMBER
Palavra: ...
Probabilidade: 0.5
Palavra: NOVEMBER
Palavra: ...
Palavra: 63
Probabilidade: 0.5
Palavra: ...
Palavra: 63
Palavra: PERCENT
Probabilidade: 0.5
Palavra: 63
Palavra: PERCENT
Palavra: OF
Probabilidade: 0.5
Palavra: PERCENT
Palavra: OF
Palavra: THE
Probabilidade: 0.75
Palavra: OF
Palavra: THE
Palavra: AMERICAN
Probabilidade: 0.5
Palavra: THE
Palavra: AMERICAN
Palavra: PEOPLE
Probabilidade: 0.5
Palavra: AMERICAN
Palavra: PEOPLE
Palavra: CHOSE
Probabilidade: 0.5
Palavra: PEOPLE
Palavra: CHOSE
Palavra: NOT
Probabilidade: 0.5
Palavra: CHOSE
Palavra: NOT
Palavra: TO
Probabilidade: 0.5
Palavra: NOT
Palavra: TO
Palavra: VOTE
Probabilidade: 0.5
Palavra: TO
Palavra: VOTE
Palavra: ...
Probabilidade: 0.5
Palavra: VOTE
Palavra: ...
Palavra: 80
Probabilidade: 0.5
Palavra: ...
Palavra: 80
Palavra: PERCENT
Probabilidade: 0.5
Palavra: 80
Palavra: PERCENT
Palavra: OF
Probabilidade: 0.5
Palavra: PERCENT
Palavra: OF
Palavra: YOUNG
Probabilidade: 0.5
Palavra: OF
Palavra: YOUNG
Palavra: PEOPLE
Probabilidade: 0.5
Palavra: YOUNG
Palavra: PEOPLE
Palavra: (AND)
Probabilidade: 0.5
Palavra: PEOPLE
Palavra: (AND)
Palavra: 75
Probabilidade: 0.5
Palavra: (AND)
Palavra: 75
Palavra: PERCENT
Probabilidade: 0.5
Palavra: 75
Palavra: PERCENT
Palavra: OF
Probabilidade: 0.5
Palavra: PERCENT
Palavra: OF
Palavra: LOW-INCOME
Probabilidade: 0.5
Palavra: OF
Palavra: LOW-INCOME
Palavra: WORKERS
Probabilidade: 0.5
Palavra: LOW-INCOME
Palavra: WORKERS
Palavra: CHOSE
Probabilidade: 0.5
Palavra: WORKERS
Palavra: CHOSE
Palavra: NOT
Probabilidade: 0.5
Palavra: CHOSE
Palavra: NOT
Palavra: TO
Probabilidade: 0.5
Palavra: NOT
Palavra: TO
Palavra: VOTE.
Probabilidade: 0.5
Palavra: TO
Palavra: VOTE.
Palavra: _
Probabilidade: 0.5
Palavra: VOTE.
Palavra: _
Palavra: _
Probabilidade: 0.5
['0.5', 'In this last election in November ... 63 percent of the American people chose not to vote ... 80 percent of young people (and) 75 percent of low-income workers chose not to vote.']
0.5
0.6666666765813716
Palavra: MCCAIN
Palavra: OPPOSED
Palavra: A
Probabilidade: 1.0
Palavra: OPPOSED
Palavra: A
Palavra: REQUIREMENT
Probabilidade: 1.0
Palavra: A
Palavra: REQUIREMENT
Palavra: THAT
Probabilidade: 1.0
Palavra: REQUIREMENT
Palavra: THAT
Palavra: THE
Probabilidade: 1.0
Palavra: THAT
Palavra: THE
Palavra: GOVERNMENT
Probabilidade: 1.0
Palavra: THE
Palavra: GOVERNMENT
Palavra: BUY
Probabilidade: 1.0
Palavra: GOVERNMENT
Palavra: BUY
Palavra: AMERICAN-MADE
Probabilidade: 1.0
Palavra: BUY
Palavra: AMERICAN-MADE
Palavra: MOTORCYCLES.
Probabilidade: 1.0
Palavra: AMERICAN-MADE
Palavra: MOTORCYCLES.
Palavra: AND
Probabilidade: 1.0
Palavra: MOTORCYCLES.
Palavra: AND
Palavra: HE
Probabilidade: 1.0
Palavra: AND
Palavra: HE
Palavra: SAID
Probabilidade: 1.0
Palavra: HE
Palavra: SAID
Palavra: ALL
Probabilidade: 1.0
Palavra: SAID
Palavra: ALL
Palavra: BUY-AMERICAN
Probabilidade: 1.0
Palavra: ALL
Palavra: BUY-AMERICAN
Palavra: PROVISIONS
Probabilidade: 1.0
Palavra: BUY-AMERICAN
Palavra: PROVISIONS
Palavra: WERE
Probabilidade: 1.0
Palavra: PROVISIONS
Palavra: WERE
Palavra: QUOTE
Probabilidade: 1.0
Palavra: WERE
Palavra: QUOTE
Palavra: DISGRACEFUL.
Probabilidade: 1.0
Palavra: QUOTE
Palavra: DISGRACEFUL.
Palavra: _
Probabilidade: 1.0
Palavra: DISGRACEFUL.
Palavra: _
Palavra: _
Probabilidade: 1.0
['1', 'McCain opposed a requirement that the government buy American-made motorcycles. And he said all buy-American provisions were quote disgraceful. ']
1
1.0
Palavra: U.S.
Palavra: REP.
Palavra: RON
Probabilidade: 0.25
Palavra: REP.
Palavra: RON
Palavra: KIND
Probabilidade: 0.25
Palavra: RON
Palavra: KIND
Palavra: D-WIS.
Probabilidade: 0.25
Palavra: KIND
Palavra: D-WIS.
Palavra: AND
Probabilidade: 0.25
Palavra: D-WIS.
Palavra: AND
Palavra: HIS
Probabilidade: 0.25
Palavra: AND
Palavra: HIS
Palavra: FELLOW
Probabilidade: 0.25
Palavra: HIS
Palavra: FELLOW
Palavra: DEMOCRATS
Probabilidade: 0.25
Palavra: FELLOW
Palavra: DEMOCRATS
Palavra: WENT
Probabilidade: 0.25
Palavra: DEMOCRATS
Palavra: WENT
Palavra: ON
Probabilidade: 0.25
Palavra: WENT
Palavra: ON
Palavra: A
Probabilidade: 0.25
Palavra: ON
Palavra: A
Palavra: SPENDING
Probabilidade: 0.25
Palavra: A
Palavra: SPENDING
Palavra: SPREE
Probabilidade: 0.25
Palavra: SPENDING
Palavra: SPREE
Palavra: AND
Probabilidade: 0.25
Palavra: SPREE
Palavra: AND
Palavra: NOW
Probabilidade: 0.25
Palavra: AND
Palavra: NOW
Palavra: THEIR
Probabilidade: 0.25
Palavra: NOW
Palavra: THEIR
Palavra: CREDIT
Probabilidade: 0.25
Palavra: THEIR
Palavra: CREDIT
Palavra: CARD
Probabilidade: 0.25
Palavra: CREDIT
Palavra: CARD
Palavra: IS
Probabilidade: 0.25
Palavra: CARD
Palavra: IS
Palavra: MAXED
Probabilidade: 0.25
Palavra: IS
Palavra: MAXED
Palavra: OUT
Probabilidade: 0.25
Palavra: MAXED
Palavra: OUT
Palavra: _
Probabilidade: 0.25
Palavra: OUT
Palavra: _
Palavra: _
Probabilidade: 0.25
['0.25', 'U.S. Rep. Ron Kind D-Wis. and his fellow Democrats went on a spending spree and now their credit card is maxed out']
0.25
0.572193060020993
Palavra: WATER
Palavra: RATES
Palavra: IN
Probabilidade: 0.5
Palavra: RATES
Palavra: IN
Palavra: MANILA
Probabilidade: 0.5
Palavra: IN
Palavra: MANILA
Palavra: PHILIPPINES
Probabilidade: 0.5
Palavra: MANILA
Palavra: PHILIPPINES
Palavra: WERE
Probabilidade: 0.5
Palavra: PHILIPPINES
Palavra: WERE
Palavra: RAISED
Probabilidade: 0.5
Palavra: WERE
Palavra: RAISED
Palavra: UP
Probabilidade: 0.5
Palavra: RAISED
Palavra: UP
Palavra: TO
Probabilidade: 0.5
Palavra: UP
Palavra: TO
Palavra: 845
Probabilidade: 0.5
Palavra: TO
Palavra: 845
Palavra: PERCENT
Probabilidade: 0.5
Palavra: 845
Palavra: PERCENT
Palavra: WHEN
Probabilidade: 0.5
Palavra: PERCENT
Palavra: WHEN
Palavra: A
Probabilidade: 0.5
Palavra: WHEN
Palavra: A
Palavra: SUBSIDIARY
Probabilidade: 0.5
Palavra: A
Palavra: SUBSIDIARY
Palavra: OF
Probabilidade: 0.5
Palavra: SUBSIDIARY
Palavra: OF
Palavra: THE
Probabilidade: 0.5
Palavra: OF
Palavra: THE
Palavra: WORLD
Probabilidade: 0.5
Palavra: THE
Palavra: WORLD
Palavra: BANK
Probabilidade: 0.5
Palavra: WORLD
Palavra: BANK
Palavra: BECAME
Probabilidade: 0.5
Palavra: BANK
Palavra: BECAME
Palavra: A
Probabilidade: 0.5
Palavra: BECAME
Palavra: A
Palavra: PARTIAL
Probabilidade: 0.5
Palavra: A
Palavra: PARTIAL
Palavra: OWNER.
Probabilidade: 0.5
Palavra: PARTIAL
Palavra: OWNER.
Palavra: _
Probabilidade: 0.5
Palavra: OWNER.
Palavra: _
Palavra: _
Probabilidade: 0.5
['0.5', 'Water rates in Manila Philippines were raised up to 845 percent when a subsidiary of the World Bank became a partial owner.']
0.5
0.6666667461395264
Palavra: ALMOST
Palavra: 100000
Palavra: PEOPLE
Probabilidade: 0.75
Palavra: 100000
Palavra: PEOPLE
Palavra: LEFT
Probabilidade: 0.75
Palavra: PEOPLE
Palavra: LEFT
Palavra: PUERTO
Probabilidade: 0.75
Palavra: LEFT
Palavra: PUERTO
Palavra: RICO
Probabilidade: 0.75
Palavra: PUERTO
Palavra: RICO
Palavra: LAST
Probabilidade: 0.75
Palavra: RICO
Palavra: LAST
Palavra: YEAR.
Probabilidade: 0.75
Palavra: LAST
Palavra: YEAR.
Palavra: _
Probabilidade: 0.75
Palavra: YEAR.
Palavra: _
Palavra: _
Probabilidade: 0.75
['0.75', 'Almost 100000 people left Puerto Rico last year.']
0.75
0.8000030517578125
Palavra: WOMEN
Palavra: AND
Palavra: MEN
Probabilidade: 0.0
Palavra: AND
Palavra: MEN
Palavra: BOTH
Probabilidade: 0.0
Palavra: MEN
Palavra: BOTH
Palavra: ARE
Probabilidade: 0.0
Palavra: BOTH
Palavra: ARE
Palavra: MAKING
Probabilidade: 0.0
Palavra: ARE
Palavra: MAKING
Palavra: LESS
Probabilidade: 0.0
Palavra: MAKING
Palavra: LESS
Palavra: WHEN
Probabilidade: 0.0
Palavra: LESS
Palavra: WHEN
Palavra: YOU
Probabilidade: 0.0
Palavra: WHEN
Palavra: YOU
Palavra: ADJUST
Probabilidade: 0.0
Palavra: YOU
Palavra: ADJUST
Palavra: FOR
Probabilidade: 0.0
Palavra: ADJUST
Palavra: FOR
Palavra: INFLATION
Probabilidade: 0.0
Palavra: FOR
Palavra: INFLATION
Palavra: THAN
Probabilidade: 0.0
Palavra: INFLATION
Palavra: THAN
Palavra: WHEN
Probabilidade: 0.0
Palavra: THAN
Palavra: WHEN
Palavra: JOHN
Probabilidade: 0.0
Palavra: WHEN
Palavra: JOHN
Palavra: KITZHABER
Probabilidade: 0.0
Palavra: JOHN
Palavra: KITZHABER
Palavra: WAS
Probabilidade: 0.0
Palavra: KITZHABER
Palavra: WAS
Palavra: FIRST
Probabilidade: 0.0
Palavra: WAS
Palavra: FIRST
Palavra: ELECTED
Probabilidade: 0.0
Palavra: FIRST
Palavra: ELECTED
Palavra: GOVERNOR.
Probabilidade: 0.0
Palavra: ELECTED
Palavra: GOVERNOR.
Palavra: _
Probabilidade: 0.0
Palavra: GOVERNOR.
Palavra: _
Palavra: _
Probabilidade: 0.0
['0', 'Women and men both are making less when you adjust for inflation than when John Kitzhaber was first elected governor.']
0
1.0
Palavra: THE
Palavra: UNITED
Palavra: STATES
Probabilidade: 0.75
Palavra: UNITED
Palavra: STATES
Palavra: HAS
Probabilidade: 0.75
Palavra: STATES
Palavra: HAS
Palavra: THE
Probabilidade: 0.75
Palavra: HAS
Palavra: THE
Palavra: HIGHEST
Probabilidade: 0.75
Palavra: THE
Palavra: HIGHEST
Palavra: CORPORATE
Probabilidade: 0.75
Palavra: HIGHEST
Palavra: CORPORATE
Palavra: TAX
Probabilidade: 0.75
Palavra: CORPORATE
Palavra: TAX
Palavra: RATE
Probabilidade: 0.75
Palavra: TAX
Palavra: RATE
Palavra: IN
Probabilidade: 0.75
Palavra: RATE
Palavra: IN
Palavra: THE
Probabilidade: 0.75
Palavra: IN
Palavra: THE
Palavra: FREE
Probabilidade: 0.75
Palavra: THE
Palavra: FREE
Palavra: WORLD.
Probabilidade: 0.75
Palavra: FREE
Palavra: WORLD.
Palavra: _
Probabilidade: 0.75
Palavra: WORLD.
Palavra: _
Palavra: _
Probabilidade: 0.75
['0.75', 'The United States has the highest corporate tax rate in the free world.']
0.75
0.7999999970197678
Palavra: WE
Palavra: JUST
Palavra: HAD
Probabilidade: 0.75
Palavra: JUST
Palavra: HAD
Palavra: THE
Probabilidade: 0.75
Palavra: HAD
Palavra: THE
Palavra: BEST
Probabilidade: 0.75
Palavra: THE
Palavra: BEST
Palavra: YEAR
Probabilidade: 0.75
Palavra: BEST
Palavra: YEAR
Palavra: FOR
Probabilidade: 0.75
Palavra: YEAR
Palavra: FOR
Palavra: THE
Probabilidade: 0.75
Palavra: FOR
Palavra: THE
Palavra: AUTO
Probabilidade: 0.75
Palavra: THE
Palavra: AUTO
Palavra: INDUSTRY
Probabilidade: 0.75
Palavra: AUTO
Palavra: INDUSTRY
Palavra: IN
Probabilidade: 0.75
Palavra: INDUSTRY
Palavra: IN
Palavra: AMERICA
Probabilidade: 0.75
Palavra: IN
Palavra: AMERICA
Palavra: IN
Probabilidade: 0.75
Palavra: AMERICA
Palavra: IN
Palavra: HISTORY.
Probabilidade: 0.75
Palavra: IN
Palavra: HISTORY.
Palavra: _
Probabilidade: 0.75
Palavra: HISTORY.
Palavra: _
Palavra: _
Probabilidade: 0.75
['0.75', 'We just had the best year for the auto industry in America in history.']
0.75
0.8000000007450581
Palavra: SAYS
Palavra: SCOTT
Palavra: WALKER
Probabilidade: 0.5
Palavra: SCOTT
Palavra: WALKER
Palavra: FAVORS
Probabilidade: 0.5
Palavra: WALKER
Palavra: FAVORS
Palavra: CUTTING
Probabilidade: 0.5
Palavra: FAVORS
Palavra: CUTTING
Palavra: UP
Probabilidade: 0.5
Palavra: CUTTING
Palavra: UP
Palavra: TO
Probabilidade: 0.5
Palavra: UP
Palavra: TO
Palavra: 350000
Probabilidade: 0.5
Palavra: TO
Palavra: 350000
Palavra: FAMILIES
Probabilidade: 0.5
Palavra: 350000
Palavra: FAMILIES
Palavra: AND
Probabilidade: 0.5
Palavra: FAMILIES
Palavra: AND
Palavra: CHILDREN
Probabilidade: 0.5
Palavra: AND
Palavra: CHILDREN
Palavra: OFF
Probabilidade: 0.5
Palavra: CHILDREN
Palavra: OFF
Palavra: HEALTH
Probabilidade: 0.5
Palavra: OFF
Palavra: HEALTH
Palavra: CARE.
Probabilidade: 0.5
Palavra: HEALTH
Palavra: CARE.
Palavra: _
Probabilidade: 0.5
Palavra: CARE.
Palavra: _
Palavra: _
Probabilidade: 0.5
['0.5', 'Says Scott Walker favors cutting up to 350000 families and children off health care.']
0.5
0.66668701171875
Palavra: SAYS
Palavra: MITT
Palavra: ROMNEY
Probabilidade: 0.25
Palavra: MITT
Palavra: ROMNEY
Palavra: WANTS
Probabilidade: 0.25
Palavra: ROMNEY
Palavra: WANTS
Palavra: TO
Probabilidade: 0.25
Palavra: WANTS
Palavra: TO
Palavra: GET
Probabilidade: 0.25
Palavra: TO
Palavra: GET
Palavra: RID
Probabilidade: 0.25
Palavra: GET
Palavra: RID
Palavra: OF
Probabilidade: 0.25
Palavra: RID
Palavra: OF
Palavra: PLANNED
Probabilidade: 0.25
Palavra: OF
Palavra: PLANNED
Palavra: PARENTHOOD.
Probabilidade: 0.25
Palavra: PLANNED
Palavra: PARENTHOOD.
Palavra: _
Probabilidade: 0.25
Palavra: PARENTHOOD.
Palavra: _
Palavra: _
Probabilidade: 0.25
['0.25', 'Says Mitt Romney wants to get rid of Planned Parenthood.']
0.25
0.5955629348754883
Palavra: I
Palavra: DONT
Palavra: KNOW
Probabilidade: 0.0
Palavra: DONT
Palavra: KNOW
Palavra: WHO
Probabilidade: 0.0
Palavra: KNOW
Palavra: WHO
Palavra: (JONATHAN
Probabilidade: 0.0
Palavra: WHO
Palavra: (JONATHAN
Palavra: GRUBER)
Probabilidade: 0.0
Palavra: (JONATHAN
Palavra: GRUBER)
Palavra: IS.
Probabilidade: 0.0
Palavra: GRUBER)
Palavra: IS.
Palavra: _
Probabilidade: 0.0
Palavra: IS.
Palavra: _
Palavra: _
Probabilidade: 0.0
['0', 'I dont know who (Jonathan Gruber) is.']
0
0.0
Palavra: HATE
Palavra: CRIMES
Palavra: AGAINST
Probabilidade: 0.75
Palavra: CRIMES
Palavra: AGAINST
Palavra: AMERICAN
Probabilidade: 0.75
Palavra: AGAINST
Palavra: AMERICAN
Palavra: MUSLIMS
Probabilidade: 0.75
Palavra: AMERICAN
Palavra: MUSLIMS
Palavra: AND
Probabilidade: 0.75
Palavra: MUSLIMS
Palavra: AND
Palavra: MOSQUES
Probabilidade: 0.75
Palavra: AND
Palavra: MOSQUES
Palavra: HAVE
Probabilidade: 0.75
Palavra: MOSQUES
Palavra: HAVE
Palavra: TRIPLED
Probabilidade: 0.75
Palavra: HAVE
Palavra: TRIPLED
Palavra: AFTER
Probabilidade: 0.75
Palavra: TRIPLED
Palavra: AFTER
Palavra: PARIS
Probabilidade: 0.75
Palavra: AFTER
Palavra: PARIS
Palavra: AND
Probabilidade: 0.75
Palavra: PARIS
Palavra: AND
Palavra: SAN
Probabilidade: 0.75
Palavra: AND
Palavra: SAN
Palavra: BERNARDINO.
Probabilidade: 0.75
Palavra: SAN
Palavra: BERNARDINO.
Palavra: _
Probabilidade: 0.75
Palavra: BERNARDINO.
Palavra: _
Palavra: _
Probabilidade: 0.75
['0.75', 'Hate crimes against American Muslims and mosques have tripled after Paris and San Bernardino.']
0.75
0.8000000007450581
Palavra: RICK
Palavra: PERRY
Palavra: HAS
Probabilidade: 0.5
Palavra: PERRY
Palavra: HAS
Palavra: NEVER
Probabilidade: 0.5
Palavra: HAS
Palavra: NEVER
Palavra: LOST
Probabilidade: 0.5
Palavra: NEVER
Palavra: LOST
Palavra: AN
Probabilidade: 0.5
Palavra: LOST
Palavra: AN
Palavra: ELECTION
Probabilidade: 0.5
Palavra: AN
Palavra: ELECTION
Palavra: AND
Probabilidade: 0.5
Palavra: ELECTION
Palavra: AND
Palavra: REMAINS
Probabilidade: 0.5
Palavra: AND
Palavra: REMAINS
Palavra: THE
Probabilidade: 0.5
Palavra: REMAINS
Palavra: THE
Palavra: ONLY
Probabilidade: 0.5
Palavra: THE
Palavra: ONLY
Palavra: PERSON
Probabilidade: 0.5
Palavra: ONLY
Palavra: PERSON
Palavra: TO
Probabilidade: 0.5
Palavra: PERSON
Palavra: TO
Palavra: HAVE
Probabilidade: 0.5
Palavra: TO
Palavra: HAVE
Palavra: WON
Probabilidade: 0.5
Palavra: HAVE
Palavra: WON
Palavra: THE
Probabilidade: 0.5
Palavra: WON
Palavra: THE
Palavra: TEXAS
Probabilidade: 0.5
Palavra: THE
Palavra: TEXAS
Palavra: GOVERNORSHIP
Probabilidade: 0.5
Palavra: TEXAS
Palavra: GOVERNORSHIP
Palavra: THREE
Probabilidade: 0.5
Palavra: GOVERNORSHIP
Palavra: THREE
Palavra: TIMES
Probabilidade: 0.5
Palavra: THREE
Palavra: TIMES
Palavra: IN
Probabilidade: 0.5
Palavra: TIMES
Palavra: IN
Palavra: LANDSLIDE
Probabilidade: 0.5
Palavra: IN
Palavra: LANDSLIDE
Palavra: ELECTIONS.
Probabilidade: 0.5
Palavra: LANDSLIDE
Palavra: ELECTIONS.
Palavra: _
Probabilidade: 0.5
Palavra: ELECTIONS.
Palavra: _
Palavra: _
Probabilidade: 0.5
['0.5', 'Rick Perry has never lost an election and remains the only person to have won the Texas governorship three times in landslide elections.']
0.5
0.6666666269302368
Palavra: ISIS
Palavra: SUPPORTER
Palavra: TWEETED
Probabilidade: 0.0
Palavra: SUPPORTER
Palavra: TWEETED
Palavra: AT
Probabilidade: 0.0
Palavra: TWEETED
Palavra: AT
Palavra: 10:34
Probabilidade: 0.0
Palavra: AT
Palavra: 10:34
Palavra: A.M.
Probabilidade: 0.0
Palavra: 10:34
Palavra: A.M.
Palavra: SHOOTING
Probabilidade: 0.0
Palavra: A.M.
Palavra: SHOOTING
Palavra: BEGAN
Probabilidade: 0.0
Palavra: SHOOTING
Palavra: BEGAN
Palavra: AT
Probabilidade: 0.0
Palavra: BEGAN
Palavra: AT
Palavra: 10:45
Probabilidade: 0.0
Palavra: AT
Palavra: 10:45
Palavra: A.M.
Probabilidade: 0.0
Palavra: 10:45
Palavra: A.M.
Palavra: IN
Probabilidade: 0.0
Palavra: A.M.
Palavra: IN
Palavra: CHATTANOOGA
Probabilidade: 0.0
Palavra: IN
Palavra: CHATTANOOGA
Palavra: TENN.
Probabilidade: 0.0
Palavra: CHATTANOOGA
Palavra: TENN.
Palavra: _
Probabilidade: 0.0
Palavra: TENN.
Palavra: _
Palavra: _
Probabilidade: 0.0
['0', 'ISIS supporter tweeted at 10:34 a.m. Shooting began at 10:45 a.m. in Chattanooga Tenn.']
0
1.0
Palavra: YOUTH
Palavra: UNEMPLOYMENT
Palavra: IN
Probabilidade: 0.75
Palavra: UNEMPLOYMENT
Palavra: IN
Palavra: MINORITY
Probabilidade: 0.75
Palavra: IN
Palavra: MINORITY
Palavra: COMMUNITIES
Probabilidade: 0.75
Palavra: MINORITY
Palavra: COMMUNITIES
Palavra: IS
Probabilidade: 0.75
Palavra: COMMUNITIES
Palavra: IS
Palavra: ABOUT
Probabilidade: 0.75
Palavra: IS
Palavra: ABOUT
Palavra: 40
Probabilidade: 0.75
Palavra: ABOUT
Palavra: 40
Palavra: TO
Probabilidade: 0.75
Palavra: 40
Palavra: TO
Palavra: 45
Probabilidade: 0.75
Palavra: TO
Palavra: 45
Palavra: PERCENT.
Probabilidade: 0.75
Palavra: 45
Palavra: PERCENT.
Palavra: _
Probabilidade: 0.75
Palavra: PERCENT.
Palavra: _
Palavra: _
Probabilidade: 0.625
['0.75', 'Youth unemployment in minority communities is about 40 to 45 percent.']
0.75
0.6999999284744263
Palavra: SAYS
Palavra: PAUL
Palavra: RYAN
Probabilidade: 1.0
Palavra: PAUL
Palavra: RYAN
Palavra: IS
Probabilidade: 1.0
Palavra: RYAN
Palavra: IS
Palavra: STILL
Probabilidade: 1.0
Palavra: IS
Palavra: STILL
Palavra: ENDORSING
Probabilidade: 1.0
Palavra: STILL
Palavra: ENDORSING
Palavra: TRUMP.
Probabilidade: 1.0
Palavra: ENDORSING
Palavra: TRUMP.
Palavra: _
Probabilidade: 1.0
Palavra: TRUMP.
Palavra: _
Palavra: _
Probabilidade: 1.0
['1', 'Says Paul Ryan is still endorsing Trump.']
1
1.0
Palavra: IF
Palavra: YOU
Palavra: LOOK
Probabilidade: 0.25
Palavra: YOU
Palavra: LOOK
Palavra: AT
Probabilidade: 0.25
Palavra: LOOK
Palavra: AT
Palavra: STATES
Probabilidade: 0.25
Palavra: AT
Palavra: STATES
Palavra: THAT
Probabilidade: 0.25
Palavra: STATES
Palavra: THAT
Palavra: ARE
Probabilidade: 0.25
Palavra: THAT
Palavra: ARE
Palavra: RIGHT
Probabilidade: 0.25
Palavra: ARE
Palavra: RIGHT
Palavra: TO
Probabilidade: 0.25
Palavra: RIGHT
Palavra: TO
Palavra: WORK
Probabilidade: 0.25
Palavra: TO
Palavra: WORK
Palavra: THEY
Probabilidade: 0.25
Palavra: WORK
Palavra: THEY
Palavra: CONSTANTLY
Probabilidade: 0.25
Palavra: THEY
Palavra: CONSTANTLY
Palavra: DO
Probabilidade: 0.25
Palavra: CONSTANTLY
Palavra: DO
Palavra: NOT
Probabilidade: 0.25
Palavra: DO
Palavra: NOT
Palavra: HAVE
Probabilidade: 0.25
Palavra: NOT
Palavra: HAVE
Palavra: BUDGET
Probabilidade: 0.25
Palavra: HAVE
Palavra: BUDGET
Palavra: DEFICITS
Probabilidade: 0.25
Palavra: BUDGET
Palavra: DEFICITS
Palavra: AND
Probabilidade: 0.25
Palavra: DEFICITS
Palavra: AND
Palavra: THEY
Probabilidade: 0.25
Palavra: AND
Palavra: THEY
Palavra: HAVE
Probabilidade: 0.25
Palavra: THEY
Palavra: HAVE
Palavra: VERY
Probabilidade: 0.25
Palavra: HAVE
Palavra: VERY
Palavra: GOOD
Probabilidade: 0.25
Palavra: VERY
Palavra: GOOD
Palavra: BUSINESS
Probabilidade: 0.25
Palavra: GOOD
Palavra: BUSINESS
Palavra: CLIMATES.
Probabilidade: 0.25
Palavra: BUSINESS
Palavra: CLIMATES.
Palavra: _
Probabilidade: 0.25
Palavra: CLIMATES.
Palavra: _
Palavra: _
Probabilidade: 0.25
['0.25', 'If you look at states that are right to work they constantly do not have budget deficits and they have very good business climates.']
0.25
0.5718585962618086
Palavra: WHAT
Palavra: (THE
Palavra: OBAMA
Probabilidade: 0.0
Palavra: (THE
Palavra: OBAMA
Palavra: ADMINISTRATION
Probabilidade: 0.0
Palavra: OBAMA
Palavra: ADMINISTRATION
Palavra: IS)
Probabilidade: 0.0
Palavra: ADMINISTRATION
Palavra: IS)
Palavra: GOING
Probabilidade: 0.0
Palavra: IS)
Palavra: GOING
Palavra: TO
Probabilidade: 0.0
Palavra: GOING
Palavra: TO
Palavra: COME
Probabilidade: 0.0
Palavra: TO
Palavra: COME
Palavra: OUT
Probabilidade: 0.0
Palavra: COME
Palavra: OUT
Palavra: WITH
Probabilidade: 0.0
Palavra: OUT
Palavra: WITH
Palavra: IN
Probabilidade: 0.0
Palavra: WITH
Palavra: IN
Palavra: THE
Probabilidade: 0.0
Palavra: IN
Palavra: THE
Palavra: NEXT
Probabilidade: 0.0
Palavra: THE
Palavra: NEXT
Palavra: SEVERAL
Probabilidade: 0.0
Palavra: NEXT
Palavra: SEVERAL
Palavra: MONTHS
Probabilidade: 0.0
Palavra: SEVERAL
Palavra: MONTHS
Palavra: IS
Probabilidade: 0.0
Palavra: MONTHS
Palavra: IS
Palavra: YOURE
Probabilidade: 0.0
Palavra: IS
Palavra: YOURE
Palavra: NOT
Probabilidade: 0.0
Palavra: YOURE
Palavra: NOT
Palavra: EVEN
Probabilidade: 0.0
Palavra: NOT
Palavra: EVEN
Palavra: GOING
Probabilidade: 0.0
Palavra: EVEN
Palavra: GOING
Palavra: TO
Probabilidade: 0.0
Palavra: GOING
Palavra: TO
Palavra: BE
Probabilidade: 0.0
Palavra: TO
Palavra: BE
Palavra: ABLE
Probabilidade: 0.0
Palavra: BE
Palavra: ABLE
Palavra: TO
Probabilidade: 0.0
Palavra: ABLE
Palavra: TO
Palavra: BURN
Probabilidade: 0.0
Palavra: TO
Palavra: BURN
Palavra: COAL
Probabilidade: 0.0
Palavra: BURN
Palavra: COAL
Palavra: VERY
Probabilidade: 0.0
Palavra: COAL
Palavra: VERY
Palavra: LIMITEDLY
Probabilidade: 0.0
Palavra: VERY
Palavra: LIMITEDLY
Palavra: IN
Probabilidade: 0.0
Palavra: LIMITEDLY
Palavra: IN
Palavra: THE
Probabilidade: 0.0
Palavra: IN
Palavra: THE
Palavra: EXISTING
Probabilidade: 0.0
Palavra: THE
Palavra: EXISTING
Palavra: PLANTS.
Probabilidade: 0.0
Palavra: EXISTING
Palavra: PLANTS.
Palavra: _
Probabilidade: 0.0
Palavra: PLANTS.
Palavra: _
Palavra: _
Probabilidade: 0.0
['0', 'What (the Obama administration is) going to come out with in the next several months is youre not even going to be able to burn coal very limitedly in the existing plants.']
0
1.0
Palavra: WE
Palavra: CUT
Palavra: BUSINESS
Probabilidade: 0.75
Palavra: CUT
Palavra: BUSINESS
Palavra: TAXES
Probabilidade: 0.75
Palavra: BUSINESS
Palavra: TAXES
Palavra: SO
Probabilidade: 0.75
Palavra: TAXES
Palavra: SO
Palavra: TODAY
Probabilidade: 0.75
Palavra: SO
Palavra: TODAY
Palavra: 70
Probabilidade: 0.75
Palavra: TODAY
Palavra: 70
Palavra: PERCENT
Probabilidade: 0.75
Palavra: 70
Palavra: PERCENT
Palavra: OF
Probabilidade: 0.75
Palavra: PERCENT
Palavra: OF
Palavra: OUR
Probabilidade: 0.75
Palavra: OF
Palavra: OUR
Palavra: BUSINESSES
Probabilidade: 0.75
Palavra: OUR
Palavra: BUSINESSES
Palavra: DONT
Probabilidade: 0.75
Palavra: BUSINESSES
Palavra: DONT
Palavra: PAY
Probabilidade: 0.75
Palavra: DONT
Palavra: PAY
Palavra: A
Probabilidade: 0.75
Palavra: PAY
Palavra: A
Palavra: BUSINESS
Probabilidade: 0.75
Palavra: A
Palavra: BUSINESS
Palavra: TAX.
Probabilidade: 0.75
Palavra: BUSINESS
Palavra: TAX.
Palavra: _
Probabilidade: 0.75
Palavra: TAX.
Palavra: _
Palavra: _
Probabilidade: 0.75
['0.75', 'We cut business taxes so today 70 percent of our businesses dont pay a business tax.']
0.75
0.8000000000465661
Palavra: SAYS
Palavra: MARK
Palavra: PRYOR
Probabilidade: 0.75
Palavra: MARK
Palavra: PRYOR
Palavra: VOTES
Probabilidade: 0.75
Palavra: PRYOR
Palavra: VOTES
Palavra: WITH
Probabilidade: 0.75
Palavra: VOTES
Palavra: WITH
Palavra: OBAMA
Probabilidade: 0.75
Palavra: WITH
Palavra: OBAMA
Palavra: 93
Probabilidade: 0.75
Palavra: OBAMA
Palavra: 93
Palavra: PERCENT
Probabilidade: 0.75
Palavra: 93
Palavra: PERCENT
Palavra: OF
Probabilidade: 0.75
Palavra: PERCENT
Palavra: OF
Palavra: THE
Probabilidade: 0.75
Palavra: OF
Palavra: THE
Palavra: TIME.
Probabilidade: 0.75
Palavra: THE
Palavra: TIME.
Palavra: _
Probabilidade: 0.75
Palavra: TIME.
Palavra: _
Palavra: _
Probabilidade: 0.75
['0.75', 'Says Mark Pryor votes with Obama 93 percent of the time.']
0.75
0.7999999523162842
Palavra: WE
Palavra: HAVE
Palavra: A
Probabilidade: 0.5
Palavra: HAVE
Palavra: A
Palavra: FEDERAL
Probabilidade: 1.0
Palavra: A
Palavra: FEDERAL
Palavra: GOVERNMENT
Probabilidade: 1.0
Palavra: FEDERAL
Palavra: GOVERNMENT
Palavra: THAT
Probabilidade: 1.0
Palavra: GOVERNMENT
Palavra: THAT
Palavra: THINKS
Probabilidade: 1.0
Palavra: THAT
Palavra: THINKS
Palavra: THEY
Probabilidade: 1.0
Palavra: THINKS
Palavra: THEY
Palavra: HAVE
Probabilidade: 1.0
Palavra: THEY
Palavra: HAVE
Palavra: THE
Probabilidade: 1.0
Palavra: HAVE
Palavra: THE
Palavra: AUTHORITY
Probabilidade: 1.0
Palavra: THE
Palavra: AUTHORITY
Palavra: TO
Probabilidade: 1.0
Palavra: AUTHORITY
Palavra: TO
Palavra: REGULATE
Probabilidade: 1.0
Palavra: TO
Palavra: REGULATE
Palavra: OUR
Probabilidade: 1.0
Palavra: REGULATE
Palavra: OUR
Palavra: TOILET
Probabilidade: 1.0
Palavra: OUR
Palavra: TOILET
Palavra: SEATS.
Probabilidade: 1.0
Palavra: TOILET
Palavra: SEATS.
Palavra: _
Probabilidade: 1.0
Palavra: SEATS.
Palavra: _
Palavra: _
Probabilidade: 1.0
['1', 'We have a federal government that thinks they have the authority to regulate our toilet seats.']
1
1.0
Palavra: AUSTIN
Palavra: IS
Palavra: A
Probabilidade: 1.0
Palavra: IS
Palavra: A
Palavra: CITY
Probabilidade: 1.0
Palavra: A
Palavra: CITY
Palavra: THAT
Probabilidade: 1.0
Palavra: CITY
Palavra: THAT
Palavra: HAS
Probabilidade: 1.0
Palavra: THAT
Palavra: HAS
Palavra: BASICALLY
Probabilidade: 1.0
Palavra: HAS
Palavra: BASICALLY
Palavra: DOUBLED
Probabilidade: 1.0
Palavra: BASICALLY
Palavra: DOUBLED
Palavra: IN
Probabilidade: 1.0
Palavra: DOUBLED
Palavra: IN
Palavra: SIZE
Probabilidade: 1.0
Palavra: IN
Palavra: SIZE
Palavra: EVERY
Probabilidade: 1.0
Palavra: SIZE
Palavra: EVERY
Palavra: 25
Probabilidade: 1.0
Palavra: EVERY
Palavra: 25
Palavra: YEARS
Probabilidade: 1.0
Palavra: 25
Palavra: YEARS
Palavra: OR
Probabilidade: 1.0
Palavra: YEARS
Palavra: OR
Palavra: SO
Probabilidade: 1.0
Palavra: OR
Palavra: SO
Palavra: SINCE
Probabilidade: 1.0
Palavra: SO
Palavra: SINCE
Palavra: IT
Probabilidade: 1.0
Palavra: SINCE
Palavra: IT
Palavra: WAS
Probabilidade: 1.0
Palavra: IT
Palavra: WAS
Palavra: FOUNDED.
Probabilidade: 1.0
Palavra: WAS
Palavra: FOUNDED.
Palavra: _
Probabilidade: 1.0
Palavra: FOUNDED.
Palavra: _
Palavra: _
Probabilidade: 1.0
['1', 'Austin is a city that has basically doubled in size every 25 years or so since it was founded.']
1
1.0
Palavra: THE
Palavra: NUCLEAR
Palavra: TEST
Probabilidade: 1.0
Palavra: NUCLEAR
Palavra: TEST
Palavra: CONDUCTED
Probabilidade: 1.0
Palavra: TEST
Palavra: CONDUCTED
Palavra: IN
Probabilidade: 1.0
Palavra: CONDUCTED
Palavra: IN
Palavra: OUR
Probabilidade: 1.0
Palavra: IN
Palavra: OUR
Palavra: NATION
Probabilidade: 1.0
Palavra: OUR
Palavra: NATION
Palavra: THIS
Probabilidade: 1.0
Palavra: NATION
Palavra: THIS
Palavra: TIME
Probabilidade: 1.0
Palavra: THIS
Palavra: TIME
Palavra: IS
Probabilidade: 1.0
Palavra: TIME
Palavra: IS
Palavra: THE
Probabilidade: 1.0
Palavra: IS
Palavra: THE
Palavra: EARTHS
Probabilidade: 1.0
Palavra: THE
Palavra: EARTHS
Palavra: 2054TH
Probabilidade: 1.0
Palavra: EARTHS
Palavra: 2054TH
Palavra: NUCLEAR
Probabilidade: 1.0
Palavra: 2054TH
Palavra: NUCLEAR
Palavra: TEST.
Probabilidade: 1.0
Palavra: NUCLEAR
Palavra: TEST.
Palavra: THE
Probabilidade: 1.0
Palavra: TEST.
Palavra: THE
Palavra: FIVE
Probabilidade: 1.0
Palavra: THE
Palavra: FIVE
Palavra: PERMANENT
Probabilidade: 1.0
Palavra: FIVE
Palavra: PERMANENT
Palavra: MEMBERS
Probabilidade: 1.0
Palavra: PERMANENT
Palavra: MEMBERS
Palavra: OF
Probabilidade: 1.0
Palavra: MEMBERS
Palavra: OF
Palavra: THE
Probabilidade: 1.0
Palavra: OF
Palavra: THE
Palavra: U.N.
Probabilidade: 1.0
Palavra: THE
Palavra: U.N.
Palavra: SECURITY
Probabilidade: 1.0
Palavra: U.N.
Palavra: SECURITY
Palavra: COUNCIL
Probabilidade: 1.0
Palavra: SECURITY
Palavra: COUNCIL
Palavra: HAVE
Probabilidade: 1.0
Palavra: COUNCIL
Palavra: HAVE
Palavra: CONDUCTED
Probabilidade: 1.0
Palavra: HAVE
Palavra: CONDUCTED
Palavra: 99.99
Probabilidade: 1.0
Palavra: CONDUCTED
Palavra: 99.99
Palavra: PERCENT
Probabilidade: 1.0
Palavra: 99.99
Palavra: PERCENT
Palavra: OF
Probabilidade: 1.0
Palavra: PERCENT
Palavra: OF
Palavra: THE
Probabilidade: 0.75
Palavra: OF
Palavra: THE
Palavra: TOTAL
Probabilidade: 1.0
Palavra: THE
Palavra: TOTAL
Palavra: NUCLEAR
Probabilidade: 1.0
Palavra: TOTAL
Palavra: NUCLEAR
Palavra: TESTS.
Probabilidade: 1.0
Palavra: NUCLEAR
Palavra: TESTS.
Palavra: _
Probabilidade: 1.0
Palavra: TESTS.
Palavra: _
Palavra: _
Probabilidade: 1.0
['1', 'The nuclear test conducted in our nation this time is the Earths 2054th nuclear test. The five permanent members of the U.N. Security Council have conducted 99.99 percent of the total nuclear tests.']
1
1.0
Palavra: IN
Palavra: THE
Palavra: CASE
Probabilidade: 0.0
Palavra: THE
Palavra: CASE
Palavra: OF
Probabilidade: 0.0
Palavra: CASE
Palavra: OF
Palavra: A
Probabilidade: 0.0
Palavra: OF
Palavra: A
Palavra: CATASTROPHIC
Probabilidade: 0.0
Palavra: A
Palavra: CATASTROPHIC
Palavra: EVENT
Probabilidade: 0.0
Palavra: CATASTROPHIC
Palavra: EVENT
Palavra: THE
Probabilidade: 0.0
Palavra: EVENT
Palavra: THE
Palavra: ATLANTA-AREA
Probabilidade: 0.0
Palavra: THE
Palavra: ATLANTA-AREA
Palavra: OFFICES
Probabilidade: 0.0
Palavra: ATLANTA-AREA
Palavra: OFFICES
Palavra: OF
Probabilidade: 0.0
Palavra: OFFICES
Palavra: OF
Palavra: THE
Probabilidade: 0.0
Palavra: OF
Palavra: THE
Palavra: CENTERS
Probabilidade: 0.0
Palavra: THE
Palavra: CENTERS
Palavra: FOR
Probabilidade: 0.0
Palavra: CENTERS
Palavra: FOR
Palavra: DISEASE
Probabilidade: 0.0
Palavra: FOR
Palavra: DISEASE
Palavra: CONTROL
Probabilidade: 0.0
Palavra: DISEASE
Palavra: CONTROL
Palavra: AND
Probabilidade: 0.0
Palavra: CONTROL
Palavra: AND
Palavra: PREVENTION
Probabilidade: 0.0
Palavra: AND
Palavra: PREVENTION
Palavra: WILL
Probabilidade: 0.0
Palavra: PREVENTION
Palavra: WILL
Palavra: SELF-DESTRUCT.
Probabilidade: 0.0
Palavra: WILL
Palavra: SELF-DESTRUCT.
Palavra: _
Probabilidade: 0.0
Palavra: SELF-DESTRUCT.
Palavra: _
Palavra: _
Probabilidade: 0.0
['0', 'In the case of a catastrophic event the Atlanta-area offices of the Centers for Disease Control and Prevention will self-destruct.']
0
1.0
Palavra: UNDER
Palavra: PRESIDENT
Palavra: GEORGE
Probabilidade: 1.0
Palavra: PRESIDENT
Palavra: GEORGE
Palavra: W.
Probabilidade: 1.0
Palavra: GEORGE
Palavra: W.
Palavra: BUSH
Probabilidade: 1.0
Palavra: W.
Palavra: BUSH
Palavra: WE
Probabilidade: 1.0
Palavra: BUSH
Palavra: WE
Palavra: ADDED
Probabilidade: 1.0
Palavra: WE
Palavra: ADDED
Palavra: $4.9
Probabilidade: 1.0
Palavra: ADDED
Palavra: $4.9
Palavra: TRILLION
Probabilidade: 1.0
Palavra: $4.9
Palavra: TRILLION
Palavra: TO
Probabilidade: 1.0
Palavra: TRILLION
Palavra: TO
Palavra: THE
Probabilidade: 1.0
Palavra: TO
Palavra: THE
Palavra: DEBT.
Probabilidade: 1.0
Palavra: THE
Palavra: DEBT.
Palavra: UNDER
Probabilidade: 1.0
Palavra: DEBT.
Palavra: UNDER
Palavra: PRESIDENT
Probabilidade: 1.0
Palavra: UNDER
Palavra: PRESIDENT
Palavra: OBAMA
Probabilidade: 1.0
Palavra: PRESIDENT
Palavra: OBAMA
Palavra: WEVE
Probabilidade: 1.0
Palavra: OBAMA
Palavra: WEVE
Palavra: ADDED
Probabilidade: 1.0
Palavra: WEVE
Palavra: ADDED
Palavra: $6.5
Probabilidade: 1.0
Palavra: ADDED
Palavra: $6.5
Palavra: TRILLION
Probabilidade: 1.0
Palavra: $6.5
Palavra: TRILLION
Palavra: TO
Probabilidade: 1.0
Palavra: TRILLION
Palavra: TO
Palavra: THE
Probabilidade: 1.0
Palavra: TO
Palavra: THE
Palavra: DEBT.
Probabilidade: 1.0
Palavra: THE
Palavra: DEBT.
Palavra: _
Probabilidade: 1.0
Palavra: DEBT.
Palavra: _
Palavra: _
Probabilidade: 1.0
['1', 'Under President George W. Bush we added $4.9 trillion to the debt. Under President Obama weve added $6.5 trillion to the debt.']
1
1.0
Palavra: SAYS
Palavra: A
Palavra: U.S.
Probabilidade: 0.0
Palavra: A
Palavra: U.S.
Palavra: SUPREME
Probabilidade: 0.0
Palavra: U.S.
Palavra: SUPREME
Palavra: COURT
Probabilidade: 0.0
Palavra: SUPREME
Palavra: COURT
Palavra: JUSTICE
Probabilidade: 0.0
Palavra: COURT
Palavra: JUSTICE
Palavra: SUGGESTED
Probabilidade: 0.0
Palavra: JUSTICE
Palavra: SUGGESTED
Palavra: THAT
Probabilidade: 0.0
Palavra: SUGGESTED
Palavra: THAT
Palavra: SOME
Probabilidade: 0.0
Palavra: THAT
Palavra: SOME
Palavra: U.S.
Probabilidade: 0.0
Palavra: SOME
Palavra: U.S.
Palavra: CASES
Probabilidade: 0.0
Palavra: U.S.
Palavra: CASES
Palavra: WILL
Probabilidade: 0.0
Palavra: CASES
Palavra: WILL
Palavra: BE
Probabilidade: 0.0
Palavra: WILL
Palavra: BE
Palavra: DECIDED
Probabilidade: 0.0
Palavra: BE
Palavra: DECIDED
Palavra: BASED
Probabilidade: 0.0
Palavra: DECIDED
Palavra: BASED
Palavra: ON
Probabilidade: 0.0
Palavra: BASED
Palavra: ON
Palavra: SOUTH
Probabilidade: 0.0
Palavra: ON
Palavra: SOUTH
Palavra: AFRICAN
Probabilidade: 0.0
Palavra: SOUTH
Palavra: AFRICAN
Palavra: LAW.
Probabilidade: 0.0
Palavra: AFRICAN
Palavra: LAW.
Palavra: _
Probabilidade: 0.0
Palavra: LAW.
Palavra: _
Palavra: _
Probabilidade: 0.0
['0', 'Says a U.S. Supreme Court justice suggested that some U.S. cases will be decided based on South African law.']
0
0.0
Palavra: SAYS
Palavra: MARCO
Palavra: RUBIO
Probabilidade: 0.5
Palavra: MARCO
Palavra: RUBIO
Palavra: SKIPPED
Probabilidade: 0.5
Palavra: RUBIO
Palavra: SKIPPED
Palavra: 18
Probabilidade: 0.5
Palavra: SKIPPED
Palavra: 18
Palavra: DEFENSE
Probabilidade: 0.5
Palavra: 18
Palavra: DEFENSE
Palavra: VOTES
Probabilidade: 0.5
Palavra: DEFENSE
Palavra: VOTES
Palavra: INCLUDING
Probabilidade: 0.5
Palavra: VOTES
Palavra: INCLUDING
Palavra: ONE
Probabilidade: 0.5
Palavra: INCLUDING
Palavra: ONE
Palavra: TO
Probabilidade: 0.5
Palavra: ONE
Palavra: TO
Palavra: ARM
Probabilidade: 0.5
Palavra: TO
Palavra: ARM
Palavra: THE
Probabilidade: 0.5
Palavra: ARM
Palavra: THE
Palavra: KURDS
Probabilidade: 0.5
Palavra: THE
Palavra: KURDS
Palavra: TO
Probabilidade: 0.5
Palavra: KURDS
Palavra: TO
Palavra: FIGHT
Probabilidade: 0.5
Palavra: TO
Palavra: FIGHT
Palavra: ISIS.
Probabilidade: 0.5
Palavra: FIGHT
Palavra: ISIS.
Palavra: _
Probabilidade: 0.5
Palavra: ISIS.
Palavra: _
Palavra: _
Probabilidade: 0.5
['0.5', 'Says Marco Rubio skipped 18 defense votes including one to arm the Kurds to fight ISIS.']
0.5
0.6666717529296875
Palavra: REP.
Palavra: DAVID
Palavra: CICILLINE
Probabilidade: 0.0
Palavra: DAVID
Palavra: CICILLINE
Palavra: IS
Probabilidade: 0.0
Palavra: CICILLINE
Palavra: IS
Palavra: RESPONSIBLE
Probabilidade: 0.0
Palavra: IS
Palavra: RESPONSIBLE
Palavra: FOR
Probabilidade: 0.0
Palavra: RESPONSIBLE
Palavra: FOR
Palavra: THE
Probabilidade: 0.0
Palavra: FOR
Palavra: THE
Palavra: FEDERAL
Probabilidade: 0.0
Palavra: THE
Palavra: FEDERAL
Palavra: LOAN
Probabilidade: 0.0
Palavra: FEDERAL
Palavra: LOAN
Palavra: GUARANTEE
Probabilidade: 0.0
Palavra: LOAN
Palavra: GUARANTEE
Palavra: TO
Probabilidade: 0.0
Palavra: GUARANTEE
Palavra: TO
Palavra: SOLYNDRA
Probabilidade: 0.0
Palavra: TO
Palavra: SOLYNDRA
Palavra: THE
Probabilidade: 0.0
Palavra: SOLYNDRA
Palavra: THE
Palavra: FAILED
Probabilidade: 0.0
Palavra: THE
Palavra: FAILED
Palavra: SOLAR
Probabilidade: 0.0
Palavra: FAILED
Palavra: SOLAR
Palavra: COMPANY
Probabilidade: 0.0
Palavra: SOLAR
Palavra: COMPANY
Palavra: _
Probabilidade: 0.0
Palavra: COMPANY
Palavra: _
Palavra: _
Probabilidade: 0.0
['0', 'Rep. David Cicilline is responsible for the federal loan guarantee to Solyndra the failed solar company']
0
1.0
Palavra: SAYS
Palavra: OHIO
Palavra: BUDGET
Probabilidade: 0.0
Palavra: OHIO
Palavra: BUDGET
Palavra: ITEM
Probabilidade: 0.0
Palavra: BUDGET
Palavra: ITEM
Palavra: LATER
Probabilidade: 0.0
Palavra: ITEM
Palavra: LATER
Palavra: SIGNED
Probabilidade: 0.0
Palavra: LATER
Palavra: SIGNED
Palavra: INTO
Probabilidade: 0.0
Palavra: SIGNED
Palavra: INTO
Palavra: LAW
Probabilidade: 0.0
Palavra: INTO
Palavra: LAW
Palavra: BY
Probabilidade: 0.0
Palavra: LAW
Palavra: BY
Palavra: GOV.
Probabilidade: 0.0
Palavra: BY
Palavra: GOV.
Palavra: JOHN
Probabilidade: 0.0
Palavra: GOV.
Palavra: JOHN
Palavra: KASICH
Probabilidade: 0.0
Palavra: JOHN
Palavra: KASICH
Palavra: REQUIRES
Probabilidade: 0.0
Palavra: KASICH
Palavra: REQUIRES
Palavra: WOMEN
Probabilidade: 0.0
Palavra: REQUIRES
Palavra: WOMEN
Palavra: SEEKING
Probabilidade: 0.0
Palavra: WOMEN
Palavra: SEEKING
Palavra: AN
Probabilidade: 0.0
Palavra: SEEKING
Palavra: AN
Palavra: ABORTION
Probabilidade: 0.0
Palavra: AN
Palavra: ABORTION
Palavra: TO
Probabilidade: 0.0
Palavra: ABORTION
Palavra: TO
Palavra: UNDERGO
Probabilidade: 0.0
Palavra: TO
Palavra: UNDERGO
Palavra: A
Probabilidade: 0.0
Palavra: UNDERGO
Palavra: A
Palavra: MANDATORY
Probabilidade: 0.0
Palavra: A
Palavra: MANDATORY
Palavra: VAGINAL
Probabilidade: 0.0
Palavra: MANDATORY
Palavra: VAGINAL
Palavra: PROBE.
Probabilidade: 0.0
Palavra: VAGINAL
Palavra: PROBE.
Palavra: _
Probabilidade: 0.0
Palavra: PROBE.
Palavra: _
Palavra: _
Probabilidade: 0.0
['0', 'Says Ohio budget item later signed into law by Gov. John Kasich requires women seeking an abortion to undergo a mandatory vaginal probe.']
0
0.0
Palavra: WE
Palavra: HAVE
Palavra: A
Probabilidade: 0.5
Palavra: HAVE
Palavra: A
Palavra: DIRECTOR
Probabilidade: 0.0
Palavra: A
Palavra: DIRECTOR
Palavra: OF
Probabilidade: 0.0
Palavra: DIRECTOR
Palavra: OF
Palavra: HOMELAND
Probabilidade: 0.0
Palavra: OF
Palavra: HOMELAND
Palavra: SECURITY
Probabilidade: 0.0
Palavra: HOMELAND
Palavra: SECURITY
Palavra: WHO
Probabilidade: 0.0
Palavra: SECURITY
Palavra: WHO
Palavra: CANNOT
Probabilidade: 0.0
Palavra: WHO
Palavra: CANNOT
Palavra: USE
Probabilidade: 0.0
Palavra: CANNOT
Palavra: USE
Palavra: AND
Probabilidade: 0.0
Palavra: USE
Palavra: AND
Palavra: WILL
Probabilidade: 0.0
Palavra: AND
Palavra: WILL
Palavra: NOT
Probabilidade: 0.0
Palavra: WILL
Palavra: NOT
Palavra: USE
Probabilidade: 0.0
Palavra: NOT
Palavra: USE
Palavra: THE
Probabilidade: 0.0
Palavra: USE
Palavra: THE
Palavra: TERM
Probabilidade: 0.0
Palavra: THE
Palavra: TERM
Palavra: TERRORIST
Probabilidade: 0.0
Palavra: TERM
Palavra: TERRORIST
Palavra: ATTACK
Probabilidade: 0.0
Palavra: TERRORIST
Palavra: ATTACK
Palavra: BUT
Probabilidade: 0.0
Palavra: ATTACK
Palavra: BUT
Palavra: INSTEAD
Probabilidade: 0.0
Palavra: BUT
Palavra: INSTEAD
Palavra: SUBSTITUTES
Probabilidade: 0.0
Palavra: INSTEAD
Palavra: SUBSTITUTES
Palavra: MAN-MADE
Probabilidade: 0.0
Palavra: SUBSTITUTES
Palavra: MAN-MADE
Palavra: DISASTER.
Probabilidade: 0.0
Palavra: MAN-MADE
Palavra: DISASTER.
Palavra: _
Probabilidade: 0.0
Palavra: DISASTER.
Palavra: _
Palavra: _
Probabilidade: 0.0
['0', 'We have a director of homeland security who cannot use and will not use the term terrorist attack but instead substitutes man-made disaster. ']
0
0.5
Palavra: AFRICAN-AMERICAN
Palavra: YOUTH
Palavra: UNEMPLOYMENT
Probabilidade: 0.5
Palavra: YOUTH
Palavra: UNEMPLOYMENT
Palavra: IS
Probabilidade: 0.5
Palavra: UNEMPLOYMENT
Palavra: IS
Palavra: 51
Probabilidade: 0.5
Palavra: IS
Palavra: 51
Palavra: PERCENT.
Probabilidade: 0.5
Palavra: 51
Palavra: PERCENT.
Palavra: HISPANIC
Probabilidade: 0.5
Palavra: PERCENT.
Palavra: HISPANIC
Palavra: YOUTH
Probabilidade: 0.5
Palavra: HISPANIC
Palavra: YOUTH
Palavra: UNEMPLOYMENT
Probabilidade: 0.5
Palavra: YOUTH
Palavra: UNEMPLOYMENT
Palavra: IS
Probabilidade: 0.5
Palavra: UNEMPLOYMENT
Palavra: IS
Palavra: 36
Probabilidade: 0.5
Palavra: IS
Palavra: 36
Palavra: PERCENT.
Probabilidade: 0.5
Palavra: 36
Palavra: PERCENT.
Palavra: _
Probabilidade: 0.5
Palavra: PERCENT.
Palavra: _
Palavra: _
Probabilidade: 0.625
['0.5', 'African-American youth unemployment is 51 percent. Hispanic youth unemployment is 36 percent.']
0.5
0.75006103515625
Palavra: OBAMACARE
Palavra: WILL
Palavra: PROVIDE
Probabilidade: 0.0
Palavra: WILL
Palavra: PROVIDE
Palavra: INSURANCE
Probabilidade: 0.0
Palavra: PROVIDE
Palavra: INSURANCE
Palavra: TO
Probabilidade: 0.0
Palavra: INSURANCE
Palavra: TO
Palavra: ALL
Probabilidade: 0.0
Palavra: TO
Palavra: ALL
Palavra: NON-U.S.
Probabilidade: 0.0
Palavra: ALL
Palavra: NON-U.S.
Palavra: RESIDENTS
Probabilidade: 0.0
Palavra: NON-U.S.
Palavra: RESIDENTS
Palavra: EVEN
Probabilidade: 0.0
Palavra: RESIDENTS
Palavra: EVEN
Palavra: IF
Probabilidade: 0.0
Palavra: EVEN
Palavra: IF
Palavra: THEY
Probabilidade: 0.0
Palavra: IF
Palavra: THEY
Palavra: ARE
Probabilidade: 0.0
Palavra: THEY
Palavra: ARE
Palavra: HERE
Probabilidade: 0.0
Palavra: ARE
Palavra: HERE
Palavra: ILLEGALLY.
Probabilidade: 0.0
Palavra: HERE
Palavra: ILLEGALLY.
Palavra: _
Probabilidade: 0.0
Palavra: ILLEGALLY.
Palavra: _
Palavra: _
Probabilidade: 0.0
['0', 'Obamacare will provide insurance to all non-U.S. residents even if they are here illegally.']
0
1.0
Palavra: PRESIDENT
Palavra: BARACK
Palavra: OBAMA
Probabilidade: 0.0
Palavra: BARACK
Palavra: OBAMA
Palavra: TOOK
Probabilidade: 0.0
Palavra: OBAMA
Palavra: TOOK
Palavra: EXACTLY
Probabilidade: 0.0
Palavra: TOOK
Palavra: EXACTLY
Palavra: NONE
Probabilidade: 0.0
Palavra: EXACTLY
Palavra: NONE
Palavra: OF
Probabilidade: 0.0
Palavra: NONE
Palavra: OF
Palavra: HIS
Probabilidade: 0.0
Palavra: OF
Palavra: HIS
Palavra: OWN
Probabilidade: 0.0
Palavra: HIS
Palavra: OWN
Palavra: DEFICIT
Probabilidade: 0.0
Palavra: OWN
Palavra: DEFICIT
Palavra: REDUCTION
Probabilidade: 0.0
Palavra: DEFICIT
Palavra: REDUCTION
Palavra: COMMISSIONS
Probabilidade: 0.0
Palavra: REDUCTION
Palavra: COMMISSIONS
Palavra: IDEAS.
Probabilidade: 0.0
Palavra: COMMISSIONS
Palavra: IDEAS.
Palavra: NOT
Probabilidade: 0.0
Palavra: IDEAS.
Palavra: NOT
Palavra: ONE.
Probabilidade: 0.0
Palavra: NOT
Palavra: ONE.
Palavra: _
Probabilidade: 0.0
Palavra: ONE.
Palavra: _
Palavra: _
Probabilidade: 0.0
['0', 'President Barack Obama took exactly none of his own deficit reduction commissions ideas. Not one.']
0
0.0
Palavra: IT
Palavra: WAS
Palavra: UNDER
Probabilidade: 0.0
Palavra: WAS
Palavra: UNDER
Palavra: BARACK
Probabilidade: 0.0
Palavra: UNDER
Palavra: BARACK
Palavra: OBAMA
Probabilidade: 0.0
Palavra: BARACK
Palavra: OBAMA
Palavra: AND
Probabilidade: 0.0
Palavra: OBAMA
Palavra: AND
Palavra: HILLARY
Probabilidade: 0.0
Palavra: AND
Palavra: HILLARY
Palavra: CLINTON
Probabilidade: 0.0
Palavra: HILLARY
Palavra: CLINTON
Palavra: THAT
Probabilidade: 0.0
Palavra: CLINTON
Palavra: THAT
Palavra: CHANGED
Probabilidade: 0.0
Palavra: THAT
Palavra: CHANGED
Palavra: THE
Probabilidade: 0.0
Palavra: CHANGED
Palavra: THE
Palavra: RULES
Probabilidade: 0.0
Palavra: THE
Palavra: RULES
Palavra: OF
Probabilidade: 0.0
Palavra: RULES
Palavra: OF
Palavra: ENGAGEMENT
Probabilidade: 0.0
Palavra: OF
Palavra: ENGAGEMENT
Palavra: THAT
Probabilidade: 0.0
Palavra: ENGAGEMENT
Palavra: THAT
Palavra: PROBABLY
Probabilidade: 0.0
Palavra: THAT
Palavra: PROBABLY
Palavra: COST
Probabilidade: 0.0
Palavra: PROBABLY
Palavra: COST
Palavra: (CAPT.
Probabilidade: 0.0
Palavra: COST
Palavra: (CAPT.
Palavra: HUMAYUN
Probabilidade: 0.0
Palavra: (CAPT.
Palavra: HUMAYUN
Palavra: KHANS)
Probabilidade: 0.0
Palavra: HUMAYUN
Palavra: KHANS)
Palavra: LIFE.
Probabilidade: 0.0
Palavra: KHANS)
Palavra: LIFE.
Palavra: _
Probabilidade: 0.0
Palavra: LIFE.
Palavra: _
Palavra: _
Probabilidade: 0.0
['0', 'It was under Barack Obama and Hillary Clinton that changed the rules of engagement that probably cost (Capt. Humayun Khans) life.']
0
0.0
Palavra: HILLARY
Palavra: CLINTON
Palavra: IN
Probabilidade: 1.0
Palavra: CLINTON
Palavra: IN
Palavra: 2005
Probabilidade: 1.0
Palavra: IN
Palavra: 2005
Palavra: CO-SPONSORED
Probabilidade: 1.0
Palavra: 2005
Palavra: CO-SPONSORED
Palavra: LEGISLATION
Probabilidade: 1.0
Palavra: CO-SPONSORED
Palavra: LEGISLATION
Palavra: THAT
Probabilidade: 1.0
Palavra: LEGISLATION
Palavra: THAT
Palavra: WOULD
Probabilidade: 1.0
Palavra: THAT
Palavra: WOULD
Palavra: JAIL
Probabilidade: 1.0
Palavra: WOULD
Palavra: JAIL
Palavra: FLAG
Probabilidade: 1.0
Palavra: JAIL
Palavra: FLAG
Palavra: BURNERS.
Probabilidade: 1.0
Palavra: FLAG
Palavra: BURNERS.
Palavra: _
Probabilidade: 1.0
Palavra: BURNERS.
Palavra: _
Palavra: _
Probabilidade: 1.0
['1', 'Hillary Clinton in 2005 co-sponsored legislation that would jail flag burners.']
1
1.0
Numero de frases:    40
Erro positivo:   0.05000007152557373
Erro negativo:   -10.465433356519572
Contagem de Erros Positivos:     1
Contagem de Erros Negativos:     24
