Data:    (DD/MM/AAAA)18/5/2019
Hora:    (HH:MM:SS)19:14:13
Training_File:   ../reports/report1852019191412_1/training_tab.csv
Validation_File: ../reports/report1852019191412_1/validation_tab.csv
Palavra: SAYS
Palavra: THE
Palavra: ANNIES
Probabilidade: 0.5
Alfa: 1
Palavra: THE
Palavra: ANNIES
Palavra: LIST
Probabilidade: 0.5
Alfa: 1
Palavra: ANNIES
Palavra: LIST
Palavra: POLITICAL
Probabilidade: 0.5
Alfa: 1
Palavra: LIST
Palavra: POLITICAL
Palavra: GROUP
Probabilidade: 0.5
Alfa: 1
Palavra: POLITICAL
Palavra: GROUP
Palavra: SUPPORTS
Probabilidade: 0.5
Alfa: 1
Palavra: GROUP
Palavra: SUPPORTS
Palavra: THIRD-TRIMESTER
Probabilidade: 0.5
Alfa: 1
Palavra: SUPPORTS
Palavra: THIRD-TRIMESTER
Palavra: ABORTIONS
Probabilidade: 0.5
Alfa: 1
Palavra: THIRD-TRIMESTER
Palavra: ABORTIONS
Palavra: ON
Probabilidade: 0.5
Alfa: 1
Palavra: ABORTIONS
Palavra: ON
Palavra: DEMAND.
Probabilidade: 0.5
Alfa: 1
['0', 'Says the Annies List political group supports third-trimester abortions on demand.']
Probabilidade do texto:  0
Probabilidade calculada: 0.666015625
Palavra: WHEN
Palavra: DID
Palavra: THE
Probabilidade: 0.5
Alfa: 1
Palavra: DID
Palavra: THE
Palavra: DECLINE
Probabilidade: 0.5
Alfa: 1
Palavra: THE
Palavra: DECLINE
Palavra: OF
Probabilidade: 0.5
Alfa: 1
Palavra: DECLINE
Palavra: OF
Palavra: COAL
Probabilidade: 0.5
Alfa: 1
Palavra: OF
Palavra: COAL
Palavra: START?
Probabilidade: 0.5
Alfa: 1
Palavra: COAL
Palavra: START?
Palavra: IT
Probabilidade: 0.5
Alfa: 1
Palavra: START?
Palavra: IT
Palavra: STARTED
Probabilidade: 0.5
Alfa: 1
Palavra: IT
Palavra: STARTED
Palavra: WHEN
Probabilidade: 0.5
Alfa: 1
Palavra: STARTED
Palavra: WHEN
Palavra: NATURAL
Probabilidade: 0.5
Alfa: 1
Palavra: WHEN
Palavra: NATURAL
Palavra: GAS
Probabilidade: 0.5
Alfa: 1
Palavra: NATURAL
Palavra: GAS
Palavra: TOOK
Probabilidade: 0.5
Alfa: 1
Palavra: GAS
Palavra: TOOK
Palavra: OFF
Probabilidade: 0.5
Alfa: 1
Palavra: TOOK
Palavra: OFF
Palavra: THAT
Probabilidade: 0.5
Alfa: 1
Palavra: OFF
Palavra: THAT
Palavra: STARTED
Probabilidade: 0.5
Alfa: 1
Palavra: THAT
Palavra: STARTED
Palavra: TO
Probabilidade: 0.5
Alfa: 1
Palavra: STARTED
Palavra: TO
Palavra: BEGIN
Probabilidade: 0.5
Alfa: 1
Palavra: TO
Palavra: BEGIN
Palavra: IN
Probabilidade: 0.5
Alfa: 1
Palavra: BEGIN
Palavra: IN
Palavra: PRESIDENT
Probabilidade: 0.5
Alfa: 1
Palavra: IN
Palavra: PRESIDENT
Palavra: GEORGE
Probabilidade: 0.5
Alfa: 1
Palavra: PRESIDENT
Palavra: GEORGE
Palavra: W.
Probabilidade: 0.5
Alfa: 1
Palavra: GEORGE
Palavra: W.
Palavra: BUSHS
Probabilidade: 0.5
Alfa: 1
Palavra: W.
Palavra: BUSHS
Palavra: ADMINISTRATION.
Probabilidade: 0.5
Alfa: 1
['0.5', 'When did the decline of coal start? It started when natural gas took off that started to begin in President George W. Bushs administration.']
Probabilidade do texto:  0.5
Probabilidade calculada: 0.6666667461395264
Palavra: HILLARY
Palavra: CLINTON
Palavra: AGREES
Probabilidade: 0.5
Alfa: 1
Palavra: CLINTON
Palavra: AGREES
Palavra: WITH
Probabilidade: 0.5
Alfa: 1
Palavra: AGREES
Palavra: WITH
Palavra: JOHN
Probabilidade: 0.5
Alfa: 1
Palavra: WITH
Palavra: JOHN
Palavra: MCCAIN
Probabilidade: 0.5
Alfa: 1
Palavra: JOHN
Palavra: MCCAIN
Palavra: BY
Probabilidade: 0.5
Alfa: 1
Palavra: MCCAIN
Palavra: BY
Palavra: VOTING
Probabilidade: 0.5
Alfa: 1
Palavra: BY
Palavra: VOTING
Palavra: TO
Probabilidade: 0.5
Alfa: 1
Palavra: VOTING
Palavra: TO
Palavra: GIVE
Probabilidade: 0.5
Alfa: 1
Palavra: TO
Palavra: GIVE
Palavra: GEORGE
Probabilidade: 0.5
Alfa: 1
Palavra: GIVE
Palavra: GEORGE
Palavra: BUSH
Probabilidade: 0.5
Alfa: 1
Palavra: GEORGE
Palavra: BUSH
Palavra: THE
Probabilidade: 0.5
Alfa: 1
Palavra: BUSH
Palavra: THE
Palavra: BENEFIT
Probabilidade: 0.5
Alfa: 1
Palavra: THE
Palavra: BENEFIT
Palavra: OF
Probabilidade: 0.5
Alfa: 1
Palavra: BENEFIT
Palavra: OF
Palavra: THE
Probabilidade: 0.5
Alfa: 1
Palavra: OF
Palavra: THE
Palavra: DOUBT
Probabilidade: 0.5
Alfa: 1
Palavra: THE
Palavra: DOUBT
Palavra: ON
Probabilidade: 0.5
Alfa: 1
Palavra: DOUBT
Palavra: ON
Palavra: IRAN.
Probabilidade: 0.5
Alfa: 1
['0.75', 'Hillary Clinton agrees with John McCain by voting to give George Bush the benefit of the doubt on Iran.']
Probabilidade do texto:  0.75
Probabilidade calculada: 0.6666641235351562
Palavra: HEALTH
Palavra: CARE
Palavra: REFORM
Probabilidade: 0.5
Alfa: 1
Palavra: CARE
Palavra: REFORM
Palavra: LEGISLATION
Probabilidade: 0.5
Alfa: 1
Palavra: REFORM
Palavra: LEGISLATION
Palavra: IS
Probabilidade: 0.5
Alfa: 1
Palavra: LEGISLATION
Palavra: IS
Palavra: LIKELY
Probabilidade: 0.5
Alfa: 1
Palavra: IS
Palavra: LIKELY
Palavra: TO
Probabilidade: 0.5
Alfa: 1
Palavra: LIKELY
Palavra: TO
Palavra: MANDATE
Probabilidade: 0.5
Alfa: 1
Palavra: TO
Palavra: MANDATE
Palavra: FREE
Probabilidade: 0.5
Alfa: 1
Palavra: MANDATE
Palavra: FREE
Palavra: SEX
Probabilidade: 0.5
Alfa: 1
Palavra: FREE
Palavra: SEX
Palavra: CHANGE
Probabilidade: 0.5
Alfa: 1
Palavra: SEX
Palavra: CHANGE
Palavra: SURGERIES.
Probabilidade: 0.5
Alfa: 1
['0', 'Health care reform legislation is likely to mandate free sex change surgeries.']
Probabilidade do texto:  0
Probabilidade calculada: 0.6669921875
Palavra: THE
Palavra: ECONOMIC
Palavra: TURNAROUND
Probabilidade: 0.5
Alfa: 1
Palavra: ECONOMIC
Palavra: TURNAROUND
Palavra: STARTED
Probabilidade: 0.5
Alfa: 1
Palavra: TURNAROUND
Palavra: STARTED
Palavra: AT
Probabilidade: 0.5
Alfa: 1
Palavra: STARTED
Palavra: AT
Palavra: THE
Probabilidade: 0.5
Alfa: 1
Palavra: AT
Palavra: THE
Palavra: END
Probabilidade: 0.5
Alfa: 1
Palavra: THE
Palavra: END
Palavra: OF
Probabilidade: 0.75
Alfa: 1
Palavra: END
Palavra: OF
Palavra: MY
Probabilidade: 0.5
Alfa: 1
Palavra: OF
Palavra: MY
Palavra: TERM.
Probabilidade: 0.5
Alfa: 1
['0.5', 'The economic turnaround started at the end of my term.']
Probabilidade do texto:  0.5
Probabilidade calculada: 0.708984375
Palavra: THE
Palavra: CHICAGO
Palavra: BEARS
Probabilidade: 0.5
Alfa: 1
Palavra: CHICAGO
Palavra: BEARS
Palavra: HAVE
Probabilidade: 0.5
Alfa: 1
Palavra: BEARS
Palavra: HAVE
Palavra: HAD
Probabilidade: 0.5
Alfa: 1
Palavra: HAVE
Palavra: HAD
Palavra: MORE
Probabilidade: 0.5
Alfa: 1
Palavra: HAD
Palavra: MORE
Palavra: STARTING
Probabilidade: 0.5
Alfa: 1
Palavra: MORE
Palavra: STARTING
Palavra: QUARTERBACKS
Probabilidade: 0.5
Alfa: 1
Palavra: STARTING
Palavra: QUARTERBACKS
Palavra: IN
Probabilidade: 0.5
Alfa: 1
Palavra: QUARTERBACKS
Palavra: IN
Palavra: THE
Probabilidade: 0.5
Alfa: 1
Palavra: IN
Palavra: THE
Palavra: LAST
Probabilidade: 0.5
Alfa: 1
Palavra: THE
Palavra: LAST
Palavra: 10
Probabilidade: 0.5
Alfa: 1
Palavra: LAST
Palavra: 10
Palavra: YEARS
Probabilidade: 0.5
Alfa: 1
Palavra: 10
Palavra: YEARS
Palavra: THAN
Probabilidade: 0.5
Alfa: 1
Palavra: YEARS
Palavra: THAN
Palavra: THE
Probabilidade: 0.5
Alfa: 1
Palavra: THAN
Palavra: THE
Palavra: TOTAL
Probabilidade: 0.5
Alfa: 1
Palavra: THE
Palavra: TOTAL
Palavra: NUMBER
Probabilidade: 0.5
Alfa: 1
Palavra: TOTAL
Palavra: NUMBER
Palavra: OF
Probabilidade: 0.5
Alfa: 1
Palavra: NUMBER
Palavra: OF
Palavra: TENURED
Probabilidade: 0.5
Alfa: 1
Palavra: OF
Palavra: TENURED
Palavra: UW
Probabilidade: 0.5
Alfa: 1
Palavra: TENURED
Palavra: UW
Palavra: FACULTY
Probabilidade: 0.5
Alfa: 1
Palavra: UW
Palavra: FACULTY
Palavra: FIRED
Probabilidade: 0.5
Alfa: 1
Palavra: FACULTY
Palavra: FIRED
Palavra: DURING
Probabilidade: 0.5
Alfa: 1
Palavra: FIRED
Palavra: DURING
Palavra: THE
Probabilidade: 0.5
Alfa: 1
Palavra: DURING
Palavra: THE
Palavra: LAST
Probabilidade: 0.5
Alfa: 1
Palavra: THE
Palavra: LAST
Palavra: TWO
Probabilidade: 0.5
Alfa: 1
Palavra: LAST
Palavra: TWO
Palavra: DECADES.
Probabilidade: 0.5
Alfa: 1
['1', 'The Chicago Bears have had more starting quarterbacks in the last 10 years than the total number of tenured UW faculty fired during the last two decades.']
Probabilidade do texto:  1
Probabilidade calculada: 0.6666666567325592
Palavra: JIM
Palavra: DUNNAM
Palavra: HAS
Probabilidade: 0.5
Alfa: 1
Palavra: DUNNAM
Palavra: HAS
Palavra: NOT
Probabilidade: 0.5
Alfa: 1
Palavra: HAS
Palavra: NOT
Palavra: LIVED
Probabilidade: 0.5
Alfa: 1
Palavra: NOT
Palavra: LIVED
Palavra: IN
Probabilidade: 0.5
Alfa: 1
Palavra: LIVED
Palavra: IN
Palavra: THE
Probabilidade: 0.5
Alfa: 1
Palavra: IN
Palavra: THE
Palavra: DISTRICT
Probabilidade: 0.5
Alfa: 1
Palavra: THE
Palavra: DISTRICT
Palavra: HE
Probabilidade: 0.5
Alfa: 1
Palavra: DISTRICT
Palavra: HE
Palavra: REPRESENTS
Probabilidade: 0.5
Alfa: 1
Palavra: HE
Palavra: REPRESENTS
Palavra: FOR
Probabilidade: 0.5
Alfa: 1
Palavra: REPRESENTS
Palavra: FOR
Palavra: YEARS
Probabilidade: 0.5
Alfa: 1
Palavra: FOR
Palavra: YEARS
Palavra: NOW.
Probabilidade: 0.5
Alfa: 1
['0.25', 'Jim Dunnam has not lived in the district he represents for years now.']
Probabilidade do texto:  0.25
Probabilidade calculada: 0.66650390625
Palavra: IM
Palavra: THE
Palavra: ONLY
Probabilidade: 0.0
Alfa: 1
Palavra: THE
Palavra: ONLY
Palavra: PERSON
Probabilidade: 0.5
Alfa: 1
Palavra: ONLY
Palavra: PERSON
Palavra: ON
Probabilidade: 0.5
Alfa: 1
Palavra: PERSON
Palavra: ON
Palavra: THIS
Probabilidade: 0.5
Alfa: 1
Palavra: ON
Palavra: THIS
Palavra: STAGE
Probabilidade: 0.5
Alfa: 1
Palavra: THIS
Palavra: STAGE
Palavra: WHO
Probabilidade: 0.5
Alfa: 1
Palavra: STAGE
Palavra: WHO
Palavra: HAS
Probabilidade: 0.5
Alfa: 1
Palavra: WHO
Palavra: HAS
Palavra: WORKED
Probabilidade: 0.5
Alfa: 1
Palavra: HAS
Palavra: WORKED
Palavra: ACTIVELY
Probabilidade: 0.5
Alfa: 1
Palavra: WORKED
Palavra: ACTIVELY
Palavra: JUST
Probabilidade: 0.5
Alfa: 1
Palavra: ACTIVELY
Palavra: JUST
Palavra: LAST
Probabilidade: 0.5
Alfa: 1
Palavra: JUST
Palavra: LAST
Palavra: YEAR
Probabilidade: 0.5
Alfa: 1
Palavra: LAST
Palavra: YEAR
Palavra: PASSING
Probabilidade: 0.5
Alfa: 1
Palavra: YEAR
Palavra: PASSING
Palavra: ALONG
Probabilidade: 0.5
Alfa: 1
Palavra: PASSING
Palavra: ALONG
Palavra: WITH
Probabilidade: 0.5
Alfa: 1
Palavra: ALONG
Palavra: WITH
Palavra: RUSS
Probabilidade: 0.5
Alfa: 1
Palavra: WITH
Palavra: RUSS
Palavra: FEINGOLD
Probabilidade: 0.5
Alfa: 1
Palavra: RUSS
Palavra: FEINGOLD
Palavra: SOME
Probabilidade: 0.5
Alfa: 1
Palavra: FEINGOLD
Palavra: SOME
Palavra: OF
Probabilidade: 0.5
Alfa: 1
Palavra: SOME
Palavra: OF
Palavra: THE
Probabilidade: 0.5
Alfa: 1
Palavra: OF
Palavra: THE
Palavra: TOUGHEST
Probabilidade: 0.5
Alfa: 1
Palavra: THE
Palavra: TOUGHEST
Palavra: ETHICS
Probabilidade: 0.5
Alfa: 1
Palavra: TOUGHEST
Palavra: ETHICS
Palavra: REFORM
Probabilidade: 0.5
Alfa: 1
Palavra: ETHICS
Palavra: REFORM
Palavra: SINCE
Probabilidade: 0.5
Alfa: 1
Palavra: REFORM
Palavra: SINCE
Palavra: WATERGATE.
Probabilidade: 0.5
Alfa: 1
['0.5', 'Im the only person on this stage who has worked actively just last year passing along with Russ Feingold some of the toughest ethics reform since Watergate.']
Probabilidade do texto:  0.5
Probabilidade calculada: 0.6666666269302368
Palavra: HOWEVER
Palavra: IT
Palavra: TOOK
Probabilidade: 0.5
Alfa: 1
Palavra: IT
Palavra: TOOK
Palavra: $19.5
Probabilidade: 0.5
Alfa: 1
Palavra: TOOK
Palavra: $19.5
Palavra: MILLION
Probabilidade: 0.5
Alfa: 1
Palavra: $19.5
Palavra: MILLION
Palavra: IN
Probabilidade: 0.5
Alfa: 1
Palavra: MILLION
Palavra: IN
Palavra: OREGON
Probabilidade: 0.5
Alfa: 1
Palavra: IN
Palavra: OREGON
Palavra: LOTTERY
Probabilidade: 0.5
Alfa: 1
Palavra: OREGON
Palavra: LOTTERY
Palavra: FUNDS
Probabilidade: 0.5
Alfa: 1
Palavra: LOTTERY
Palavra: FUNDS
Palavra: FOR
Probabilidade: 0.5
Alfa: 1
Palavra: FUNDS
Palavra: FOR
Palavra: THE
Probabilidade: 0.5
Alfa: 1
Palavra: FOR
Palavra: THE
Palavra: PORT
Probabilidade: 0.5
Alfa: 1
Palavra: THE
Palavra: PORT
Palavra: OF
Probabilidade: 0.5
Alfa: 1
Palavra: PORT
Palavra: OF
Palavra: NEWPORT
Probabilidade: 0.5
Alfa: 1
Palavra: OF
Palavra: NEWPORT
Palavra: TO
Probabilidade: 0.5
Alfa: 1
Palavra: NEWPORT
Palavra: TO
Palavra: EVENTUALLY
Probabilidade: 0.5
Alfa: 1
Palavra: TO
Palavra: EVENTUALLY
Palavra: LAND
Probabilidade: 0.5
Alfa: 1
Palavra: EVENTUALLY
Palavra: LAND
Palavra: THE
Probabilidade: 0.5
Alfa: 1
Palavra: LAND
Palavra: THE
Palavra: NEW
Probabilidade: 0.5
Alfa: 1
Palavra: THE
Palavra: NEW
Palavra: NOAA
Probabilidade: 0.5
Alfa: 1
Palavra: NEW
Palavra: NOAA
Palavra: MARINE
Probabilidade: 0.5
Alfa: 1
Palavra: NOAA
Palavra: MARINE
Palavra: OPERATIONS
Probabilidade: 0.5
Alfa: 1
Palavra: MARINE
Palavra: OPERATIONS
Palavra: CENTER-PACIFIC.
Probabilidade: 0.5
Alfa: 1
['0.5', 'However it took $19.5 million in Oregon Lottery funds for the Port of Newport to eventually land the new NOAA Marine Operations Center-Pacific.']
Probabilidade do texto:  0.5
Probabilidade calculada: 0.6666665077209473
Palavra: SAYS
Palavra: GOP
Palavra: PRIMARY
Probabilidade: 0.5
Alfa: 1
Palavra: GOP
Palavra: PRIMARY
Palavra: OPPONENTS
Probabilidade: 0.5
Alfa: 1
Palavra: PRIMARY
Palavra: OPPONENTS
Palavra: GLENN
Probabilidade: 0.5
Alfa: 1
Palavra: OPPONENTS
Palavra: GLENN
Palavra: GROTHMAN
Probabilidade: 0.5
Alfa: 1
Palavra: GLENN
Palavra: GROTHMAN
Palavra: AND
Probabilidade: 0.5
Alfa: 1
Palavra: GROTHMAN
Palavra: AND
Palavra: JOE
Probabilidade: 0.5
Alfa: 1
Palavra: AND
Palavra: JOE
Palavra: LEIBHAM
Probabilidade: 0.5
Alfa: 1
Palavra: JOE
Palavra: LEIBHAM
Palavra: CAST
Probabilidade: 0.5
Alfa: 1
Palavra: LEIBHAM
Palavra: CAST
Palavra: A
Probabilidade: 0.5
Alfa: 1
Palavra: CAST
Palavra: A
Palavra: COMPROMISE
Probabilidade: 0.5
Alfa: 1
Palavra: A
Palavra: COMPROMISE
Palavra: VOTE
Probabilidade: 0.5
Alfa: 1
Palavra: COMPROMISE
Palavra: VOTE
Palavra: THAT
Probabilidade: 0.5
Alfa: 1
Palavra: VOTE
Palavra: THAT
Palavra: COST
Probabilidade: 0.5
Alfa: 1
Palavra: THAT
Palavra: COST
Palavra: $788
Probabilidade: 0.5
Alfa: 1
Palavra: COST
Palavra: $788
Palavra: MILLION
Probabilidade: 0.5
Alfa: 1
Palavra: $788
Palavra: MILLION
Palavra: IN
Probabilidade: 0.5
Alfa: 1
Palavra: MILLION
Palavra: IN
Palavra: HIGHER
Probabilidade: 0.5
Alfa: 1
Palavra: IN
Palavra: HIGHER
Palavra: ELECTRICITY
Probabilidade: 0.5
Alfa: 1
Palavra: HIGHER
Palavra: ELECTRICITY
Palavra: COSTS.
Probabilidade: 0.5
Alfa: 1
['0.75', 'Says GOP primary opponents Glenn Grothman and Joe Leibham cast a compromise vote that cost $788 million in higher electricity costs.']
Probabilidade do texto:  0.75
Probabilidade calculada: 0.6666660308837891
Palavra: FOR
Palavra: THE
Palavra: FIRST
Probabilidade: 0.5
Alfa: 1
Palavra: THE
Palavra: FIRST
Palavra: TIME
Probabilidade: 0.5
Alfa: 1
Palavra: FIRST
Palavra: TIME
Palavra: IN
Probabilidade: 0.5
Alfa: 1
Palavra: TIME
Palavra: IN
Palavra: HISTORY
Probabilidade: 0.5
Alfa: 1
Palavra: IN
Palavra: HISTORY
Palavra: THE
Probabilidade: 0.5
Alfa: 1
Palavra: HISTORY
Palavra: THE
Palavra: SHARE
Probabilidade: 0.5
Alfa: 1
Palavra: THE
Palavra: SHARE
Palavra: OF
Probabilidade: 0.5
Alfa: 1
Palavra: SHARE
Palavra: OF
Palavra: THE
Probabilidade: 0.5
Alfa: 1
Palavra: OF
Palavra: THE
Palavra: NATIONAL
Probabilidade: 0.5
Alfa: 1
Palavra: THE
Palavra: NATIONAL
Palavra: POPULAR
Probabilidade: 0.5
Alfa: 1
Palavra: NATIONAL
Palavra: POPULAR
Palavra: VOTE
Probabilidade: 0.5
Alfa: 1
Palavra: POPULAR
Palavra: VOTE
Palavra: MARGIN
Probabilidade: 0.5
Alfa: 1
Palavra: VOTE
Palavra: MARGIN
Palavra: IS
Probabilidade: 0.5
Alfa: 1
Palavra: MARGIN
Palavra: IS
Palavra: SMALLER
Probabilidade: 0.5
Alfa: 1
Palavra: IS
Palavra: SMALLER
Palavra: THAN
Probabilidade: 0.5
Alfa: 1
Palavra: SMALLER
Palavra: THAN
Palavra: THE
Probabilidade: 0.5
Alfa: 1
Palavra: THAN
Palavra: THE
Palavra: LATINO
Probabilidade: 0.5
Alfa: 1
Palavra: THE
Palavra: LATINO
Palavra: VOTE
Probabilidade: 0.5
Alfa: 1
Palavra: LATINO
Palavra: VOTE
Palavra: MARGIN.
Probabilidade: 0.5
Alfa: 1
['0.75', 'For the first time in history the share of the national popular vote margin is smaller than the Latino vote margin.']
Probabilidade do texto:  0.75
Probabilidade calculada: 0.6666660308837891
Palavra: SINCE
Palavra: 2000
Palavra: NEARLY
Probabilidade: 0.5
Alfa: 1
Palavra: 2000
Palavra: NEARLY
Palavra: 12
Probabilidade: 0.5
Alfa: 1
Palavra: NEARLY
Palavra: 12
Palavra: MILLION
Probabilidade: 0.5
Alfa: 1
Palavra: 12
Palavra: MILLION
Palavra: AMERICANS
Probabilidade: 0.5
Alfa: 1
Palavra: MILLION
Palavra: AMERICANS
Palavra: HAVE
Probabilidade: 0.5
Alfa: 1
Palavra: AMERICANS
Palavra: HAVE
Palavra: SLIPPED
Probabilidade: 0.5
Alfa: 1
Palavra: HAVE
Palavra: SLIPPED
Palavra: OUT
Probabilidade: 0.5
Alfa: 1
Palavra: SLIPPED
Palavra: OUT
Palavra: OF
Probabilidade: 0.5
Alfa: 1
Palavra: OUT
Palavra: OF
Palavra: THE
Probabilidade: 0.5
Alfa: 1
Palavra: OF
Palavra: THE
Palavra: MIDDLE
Probabilidade: 0.5
Alfa: 1
Palavra: THE
Palavra: MIDDLE
Palavra: CLASS
Probabilidade: 0.5
Alfa: 1
Palavra: MIDDLE
Palavra: CLASS
Palavra: AND
Probabilidade: 0.5
Alfa: 1
Palavra: CLASS
Palavra: AND
Palavra: INTO
Probabilidade: 0.5
Alfa: 1
Palavra: AND
Palavra: INTO
Palavra: POVERTY.
Probabilidade: 0.5
Alfa: 1
['0.5', 'Since 2000 nearly 12 million Americans have slipped out of the middle class and into poverty.']
Probabilidade do texto:  0.5
Probabilidade calculada: 0.66668701171875
Palavra: WHEN
Palavra: MITT
Palavra: ROMNEY
Probabilidade: 0.5
Alfa: 1
Palavra: MITT
Palavra: ROMNEY
Palavra: WAS
Probabilidade: 0.5
Alfa: 1
Palavra: ROMNEY
Palavra: WAS
Palavra: GOVERNOR
Probabilidade: 0.5
Alfa: 1
Palavra: WAS
Palavra: GOVERNOR
Palavra: OF
Probabilidade: 0.5
Alfa: 1
Palavra: GOVERNOR
Palavra: OF
Palavra: MASSACHUSETTS
Probabilidade: 0.5
Alfa: 1
Palavra: OF
Palavra: MASSACHUSETTS
Palavra: WE
Probabilidade: 0.5
Alfa: 1
Palavra: MASSACHUSETTS
Palavra: WE
Palavra: DIDNT
Probabilidade: 0.5
Alfa: 1
Palavra: WE
Palavra: DIDNT
Palavra: JUST
Probabilidade: 0.5
Alfa: 1
Palavra: DIDNT
Palavra: JUST
Palavra: SLOW
Probabilidade: 0.5
Alfa: 1
Palavra: JUST
Palavra: SLOW
Palavra: THE
Probabilidade: 0.5
Alfa: 1
Palavra: SLOW
Palavra: THE
Palavra: RATE
Probabilidade: 0.5
Alfa: 1
Palavra: THE
Palavra: RATE
Palavra: OF
Probabilidade: 0.5
Alfa: 1
Palavra: RATE
Palavra: OF
Palavra: GROWTH
Probabilidade: 0.5
Alfa: 1
Palavra: OF
Palavra: GROWTH
Palavra: OF
Probabilidade: 0.5
Alfa: 1
Palavra: GROWTH
Palavra: OF
Palavra: OUR
Probabilidade: 0.5
Alfa: 1
Palavra: OF
Palavra: OUR
Palavra: GOVERNMENT
Probabilidade: 0.5
Alfa: 1
Palavra: OUR
Palavra: GOVERNMENT
Palavra: WE
Probabilidade: 0.5
Alfa: 1
Palavra: GOVERNMENT
Palavra: WE
Palavra: ACTUALLY
Probabilidade: 0.5
Alfa: 1
Palavra: WE
Palavra: ACTUALLY
Palavra: CUT
Probabilidade: 0.5
Alfa: 1
Palavra: ACTUALLY
Palavra: CUT
Palavra: IT.
Probabilidade: 0.5
Alfa: 1
['0', 'When Mitt Romney was governor of Massachusetts we didnt just slow the rate of growth of our government we actually cut it.']
Probabilidade do texto:  0
Probabilidade calculada: 0.6666669845581055
Palavra: THE
Palavra: ECONOMY
Palavra: BLED
Probabilidade: 0.5
Alfa: 1
Palavra: ECONOMY
Palavra: BLED
Palavra: $24
Probabilidade: 0.5
Alfa: 1
Palavra: BLED
Palavra: $24
Palavra: BILLION
Probabilidade: 0.5
Alfa: 1
Palavra: $24
Palavra: BILLION
Palavra: DUE
Probabilidade: 0.5
Alfa: 1
Palavra: BILLION
Palavra: DUE
Palavra: TO
Probabilidade: 0.5
Alfa: 1
Palavra: DUE
Palavra: TO
Palavra: THE
Probabilidade: 0.5
Alfa: 1
Palavra: TO
Palavra: THE
Palavra: GOVERNMENT
Probabilidade: 0.5
Alfa: 1
Palavra: THE
Palavra: GOVERNMENT
Palavra: SHUTDOWN.
Probabilidade: 0.0
Alfa: 1
['0.75', 'The economy bled $24 billion due to the government shutdown.']
Probabilidade do texto:  0.75
Probabilidade calculada: 0.3359375
Palavra: MOST
Palavra: OF
Palavra: THE
Probabilidade: 0.5
Alfa: 1
Palavra: OF
Palavra: THE
Palavra: AFFORDABLE
Probabilidade: 0.5
Alfa: 1
Palavra: THE
Palavra: AFFORDABLE
Palavra: CARE
Probabilidade: 0.5
Alfa: 1
Palavra: AFFORDABLE
Palavra: CARE
Palavra: ACT
Probabilidade: 0.5
Alfa: 1
Palavra: CARE
Palavra: ACT
Palavra: HAS
Probabilidade: 0.5
Alfa: 1
Palavra: ACT
Palavra: HAS
Palavra: ALREADY
Probabilidade: 0.5
Alfa: 1
Palavra: HAS
Palavra: ALREADY
Palavra: IN
Probabilidade: 0.5
Alfa: 1
Palavra: ALREADY
Palavra: IN
Palavra: SOME
Probabilidade: 0.5
Alfa: 1
Palavra: IN
Palavra: SOME
Palavra: SENSE
Probabilidade: 0.5
Alfa: 1
Palavra: SOME
Palavra: SENSE
Palavra: BEEN
Probabilidade: 0.5
Alfa: 1
Palavra: SENSE
Palavra: BEEN
Palavra: WAIVED
Probabilidade: 0.5
Alfa: 1
Palavra: BEEN
Palavra: WAIVED
Palavra: OR
Probabilidade: 0.5
Alfa: 1
Palavra: WAIVED
Palavra: OR
Palavra: OTHERWISE
Probabilidade: 0.5
Alfa: 1
Palavra: OR
Palavra: OTHERWISE
Palavra: SUSPENDED.
Probabilidade: 0.5
Alfa: 1
['0.25', 'Most of the Affordable Care Act has already in some sense been waived or otherwise suspended.']
Probabilidade do texto:  0.25
Probabilidade calculada: 0.66668701171875
Palavra: IN
Palavra: THIS
Palavra: LAST
Probabilidade: 0.5
Alfa: 1
Palavra: THIS
Palavra: LAST
Palavra: ELECTION
Probabilidade: 0.5
Alfa: 1
Palavra: LAST
Palavra: ELECTION
Palavra: IN
Probabilidade: 0.5
Alfa: 1
Palavra: ELECTION
Palavra: IN
Palavra: NOVEMBER
Probabilidade: 0.5
Alfa: 1
Palavra: IN
Palavra: NOVEMBER
Palavra: ...
Probabilidade: 0.5
Alfa: 1
Palavra: NOVEMBER
Palavra: ...
Palavra: 63
Probabilidade: 0.5
Alfa: 1
Palavra: ...
Palavra: 63
Palavra: PERCENT
Probabilidade: 0.5
Alfa: 1
Palavra: 63
Palavra: PERCENT
Palavra: OF
Probabilidade: 0.5
Alfa: 1
Palavra: PERCENT
Palavra: OF
Palavra: THE
Probabilidade: 0.75
Alfa: 1
Palavra: OF
Palavra: THE
Palavra: AMERICAN
Probabilidade: 0.5
Alfa: 1
Palavra: THE
Palavra: AMERICAN
Palavra: PEOPLE
Probabilidade: 0.5
Alfa: 1
Palavra: AMERICAN
Palavra: PEOPLE
Palavra: CHOSE
Probabilidade: 0.5
Alfa: 1
Palavra: PEOPLE
Palavra: CHOSE
Palavra: NOT
Probabilidade: 0.5
Alfa: 1
Palavra: CHOSE
Palavra: NOT
Palavra: TO
Probabilidade: 0.5
Alfa: 1
Palavra: NOT
Palavra: TO
Palavra: VOTE
Probabilidade: 0.5
Alfa: 1
Palavra: TO
Palavra: VOTE
Palavra: ...
Probabilidade: 0.5
Alfa: 1
Palavra: VOTE
Palavra: ...
Palavra: 80
Probabilidade: 0.5
Alfa: 1
Palavra: ...
Palavra: 80
Palavra: PERCENT
Probabilidade: 0.5
Alfa: 1
Palavra: 80
Palavra: PERCENT
Palavra: OF
Probabilidade: 0.5
Alfa: 1
Palavra: PERCENT
Palavra: OF
Palavra: YOUNG
Probabilidade: 0.5
Alfa: 1
Palavra: OF
Palavra: YOUNG
Palavra: PEOPLE
Probabilidade: 0.5
Alfa: 1
Palavra: YOUNG
Palavra: PEOPLE
Palavra: AND
Probabilidade: 0.5
Alfa: 1
Palavra: PEOPLE
Palavra: AND
Palavra: 75
Probabilidade: 0.5
Alfa: 1
Palavra: AND
Palavra: 75
Palavra: PERCENT
Probabilidade: 0.5
Alfa: 1
Palavra: 75
Palavra: PERCENT
Palavra: OF
Probabilidade: 0.5
Alfa: 1
Palavra: PERCENT
Palavra: OF
Palavra: LOW-INCOME
Probabilidade: 0.5
Alfa: 1
Palavra: OF
Palavra: LOW-INCOME
Palavra: WORKERS
Probabilidade: 0.5
Alfa: 1
Palavra: LOW-INCOME
Palavra: WORKERS
Palavra: CHOSE
Probabilidade: 0.5
Alfa: 1
Palavra: WORKERS
Palavra: CHOSE
Palavra: NOT
Probabilidade: 0.5
Alfa: 1
Palavra: CHOSE
Palavra: NOT
Palavra: TO
Probabilidade: 0.5
Alfa: 1
Palavra: NOT
Palavra: TO
Palavra: VOTE.
Probabilidade: 0.5
Alfa: 1
['0.5', 'In this last election in November ... 63 percent of the American people chose not to vote ... 80 percent of young people and 75 percent of low-income workers chose not to vote.']
Probabilidade do texto:  0.5
Probabilidade calculada: 0.6666667063254863
Palavra: MCCAIN
Palavra: OPPOSED
Palavra: A
Probabilidade: 0.5
Alfa: 1
Palavra: OPPOSED
Palavra: A
Palavra: REQUIREMENT
Probabilidade: 0.5
Alfa: 1
Palavra: A
Palavra: REQUIREMENT
Palavra: THAT
Probabilidade: 0.5
Alfa: 1
Palavra: REQUIREMENT
Palavra: THAT
Palavra: THE
Probabilidade: 0.5
Alfa: 1
Palavra: THAT
Palavra: THE
Palavra: GOVERNMENT
Probabilidade: 0.5
Alfa: 1
Palavra: THE
Palavra: GOVERNMENT
Palavra: BUY
Probabilidade: 0.5
Alfa: 1
Palavra: GOVERNMENT
Palavra: BUY
Palavra: AMERICAN-MADE
Probabilidade: 0.5
Alfa: 1
Palavra: BUY
Palavra: AMERICAN-MADE
Palavra: MOTORCYCLES.
Probabilidade: 0.5
Alfa: 1
Palavra: AMERICAN-MADE
Palavra: MOTORCYCLES.
Palavra: AND
Probabilidade: 0.5
Alfa: 1
Palavra: MOTORCYCLES.
Palavra: AND
Palavra: HE
Probabilidade: 0.5
Alfa: 1
Palavra: AND
Palavra: HE
Palavra: SAID
Probabilidade: 0.5
Alfa: 1
Palavra: HE
Palavra: SAID
Palavra: ALL
Probabilidade: 0.5
Alfa: 1
Palavra: SAID
Palavra: ALL
Palavra: BUY-AMERICAN
Probabilidade: 0.5
Alfa: 1
Palavra: ALL
Palavra: BUY-AMERICAN
Palavra: PROVISIONS
Probabilidade: 0.5
Alfa: 1
Palavra: BUY-AMERICAN
Palavra: PROVISIONS
Palavra: WERE
Probabilidade: 0.5
Alfa: 1
Palavra: PROVISIONS
Palavra: WERE
Palavra: QUOTE
Probabilidade: 0.5
Alfa: 1
Palavra: WERE
Palavra: QUOTE
Palavra: DISGRACEFUL.
Probabilidade: 0.5
Alfa: 1
['1', 'McCain opposed a requirement that the government buy American-made motorcycles. And he said all buy-American provisions were quote disgraceful. ']
Probabilidade do texto:  1
Probabilidade calculada: 0.6666641235351562
Palavra: U.S.
Palavra: REP.
Palavra: RON
Probabilidade: 0.5
Alfa: 1
Palavra: REP.
Palavra: RON
Palavra: KIND
Probabilidade: 0.5
Alfa: 1
Palavra: RON
Palavra: KIND
Palavra: D-WIS.
Probabilidade: 0.5
Alfa: 1
Palavra: KIND
Palavra: D-WIS.
Palavra: AND
Probabilidade: 0.5
Alfa: 1
Palavra: D-WIS.
Palavra: AND
Palavra: HIS
Probabilidade: 0.5
Alfa: 1
Palavra: AND
Palavra: HIS
Palavra: FELLOW
Probabilidade: 0.5
Alfa: 1
Palavra: HIS
Palavra: FELLOW
Palavra: DEMOCRATS
Probabilidade: 0.5
Alfa: 1
Palavra: FELLOW
Palavra: DEMOCRATS
Palavra: WENT
Probabilidade: 0.5
Alfa: 1
Palavra: DEMOCRATS
Palavra: WENT
Palavra: ON
Probabilidade: 0.5
Alfa: 1
Palavra: WENT
Palavra: ON
Palavra: A
Probabilidade: 0.5
Alfa: 1
Palavra: ON
Palavra: A
Palavra: SPENDING
Probabilidade: 0.5
Alfa: 1
Palavra: A
Palavra: SPENDING
Palavra: SPREE
Probabilidade: 0.5
Alfa: 1
Palavra: SPENDING
Palavra: SPREE
Palavra: AND
Probabilidade: 0.5
Alfa: 1
Palavra: SPREE
Palavra: AND
Palavra: NOW
Probabilidade: 0.5
Alfa: 1
Palavra: AND
Palavra: NOW
Palavra: THEIR
Probabilidade: 0.5
Alfa: 1
Palavra: NOW
Palavra: THEIR
Palavra: CREDIT
Probabilidade: 0.5
Alfa: 1
Palavra: THEIR
Palavra: CREDIT
Palavra: CARD
Probabilidade: 0.5
Alfa: 1
Palavra: CREDIT
Palavra: CARD
Palavra: IS
Probabilidade: 0.5
Alfa: 1
Palavra: CARD
Palavra: IS
Palavra: MAXED
Probabilidade: 0.5
Alfa: 1
Palavra: IS
Palavra: MAXED
Palavra: OUT
Probabilidade: 0.5
Alfa: 1
['0.25', 'U.S. Rep. Ron Kind D-Wis. and his fellow Democrats went on a spending spree and now their credit card is maxed out']
Probabilidade do texto:  0.25
Probabilidade calculada: 0.6666669845581055
Palavra: WATER
Palavra: RATES
Palavra: IN
Probabilidade: 0.5
Alfa: 1
Palavra: RATES
Palavra: IN
Palavra: MANILA
Probabilidade: 0.5
Alfa: 1
Palavra: IN
Palavra: MANILA
Palavra: PHILIPPINES
Probabilidade: 0.5
Alfa: 1
Palavra: MANILA
Palavra: PHILIPPINES
Palavra: WERE
Probabilidade: 0.5
Alfa: 1
Palavra: PHILIPPINES
Palavra: WERE
Palavra: RAISED
Probabilidade: 0.5
Alfa: 1
Palavra: WERE
Palavra: RAISED
Palavra: UP
Probabilidade: 0.5
Alfa: 1
Palavra: RAISED
Palavra: UP
Palavra: TO
Probabilidade: 0.5
Alfa: 1
Palavra: UP
Palavra: TO
Palavra: 845
Probabilidade: 0.5
Alfa: 1
Palavra: TO
Palavra: 845
Palavra: PERCENT
Probabilidade: 0.5
Alfa: 1
Palavra: 845
Palavra: PERCENT
Palavra: WHEN
Probabilidade: 0.5
Alfa: 1
Palavra: PERCENT
Palavra: WHEN
Palavra: A
Probabilidade: 0.5
Alfa: 1
Palavra: WHEN
Palavra: A
Palavra: SUBSIDIARY
Probabilidade: 0.5
Alfa: 1
Palavra: A
Palavra: SUBSIDIARY
Palavra: OF
Probabilidade: 0.5
Alfa: 1
Palavra: SUBSIDIARY
Palavra: OF
Palavra: THE
Probabilidade: 0.5
Alfa: 1
Palavra: OF
Palavra: THE
Palavra: WORLD
Probabilidade: 0.0
Alfa: 1
Palavra: THE
Palavra: WORLD
Palavra: BANK
Probabilidade: 0.5
Alfa: 1
Palavra: WORLD
Palavra: BANK
Palavra: BECAME
Probabilidade: 0.5
Alfa: 1
Palavra: BANK
Palavra: BECAME
Palavra: A
Probabilidade: 0.5
Alfa: 1
Palavra: BECAME
Palavra: A
Palavra: PARTIAL
Probabilidade: 0.5
Alfa: 1
Palavra: A
Palavra: PARTIAL
Palavra: OWNER.
Probabilidade: 0.5
Alfa: 1
['0.5', 'Water rates in Manila Philippines were raised up to 845 percent when a subsidiary of the World Bank became a partial owner.']
Probabilidade do texto:  0.5
Probabilidade calculada: 0.6770839691162109
Palavra: ALMOST
Palavra: 100000
Palavra: PEOPLE
Probabilidade: 0.5
Alfa: 1
Palavra: 100000
Palavra: PEOPLE
Palavra: LEFT
Probabilidade: 0.5
Alfa: 1
Palavra: PEOPLE
Palavra: LEFT
Palavra: PUERTO
Probabilidade: 0.5
Alfa: 1
Palavra: LEFT
Palavra: PUERTO
Palavra: RICO
Probabilidade: 0.5
Alfa: 1
Palavra: PUERTO
Palavra: RICO
Palavra: LAST
Probabilidade: 0.5
Alfa: 1
Palavra: RICO
Palavra: LAST
Palavra: YEAR.
Probabilidade: 0.5
Alfa: 1
['0.75', 'Almost 100000 people left Puerto Rico last year.']
Probabilidade do texto:  0.75
Probabilidade calculada: 0.671875
Palavra: WOMEN
Palavra: AND
Palavra: MEN
Probabilidade: 0.5
Alfa: 1
Palavra: AND
Palavra: MEN
Palavra: BOTH
Probabilidade: 0.5
Alfa: 1
Palavra: MEN
Palavra: BOTH
Palavra: ARE
Probabilidade: 0.5
Alfa: 1
Palavra: BOTH
Palavra: ARE
Palavra: MAKING
Probabilidade: 0.5
Alfa: 1
Palavra: ARE
Palavra: MAKING
Palavra: LESS
Probabilidade: 0.5
Alfa: 1
Palavra: MAKING
Palavra: LESS
Palavra: WHEN
Probabilidade: 0.5
Alfa: 1
Palavra: LESS
Palavra: WHEN
Palavra: YOU
Probabilidade: 0.5
Alfa: 1
Palavra: WHEN
Palavra: YOU
Palavra: ADJUST
Probabilidade: 0.5
Alfa: 1
Palavra: YOU
Palavra: ADJUST
Palavra: FOR
Probabilidade: 0.5
Alfa: 1
Palavra: ADJUST
Palavra: FOR
Palavra: INFLATION
Probabilidade: 0.5
Alfa: 1
Palavra: FOR
Palavra: INFLATION
Palavra: THAN
Probabilidade: 0.5
Alfa: 1
Palavra: INFLATION
Palavra: THAN
Palavra: WHEN
Probabilidade: 0.5
Alfa: 1
Palavra: THAN
Palavra: WHEN
Palavra: JOHN
Probabilidade: 0.5
Alfa: 1
Palavra: WHEN
Palavra: JOHN
Palavra: KITZHABER
Probabilidade: 0.5
Alfa: 1
Palavra: JOHN
Palavra: KITZHABER
Palavra: WAS
Probabilidade: 0.5
Alfa: 1
Palavra: KITZHABER
Palavra: WAS
Palavra: FIRST
Probabilidade: 0.5
Alfa: 1
Palavra: WAS
Palavra: FIRST
Palavra: ELECTED
Probabilidade: 0.5
Alfa: 1
Palavra: FIRST
Palavra: ELECTED
Palavra: GOVERNOR.
Probabilidade: 0.5
Alfa: 1
['0', 'Women and men both are making less when you adjust for inflation than when John Kitzhaber was first elected governor.']
Probabilidade do texto:  0
Probabilidade calculada: 0.6666679382324219
Palavra: THE
Palavra: UNITED
Palavra: STATES
Probabilidade: 0.0
Alfa: 1
Palavra: UNITED
Palavra: STATES
Palavra: HAS
Probabilidade: 0.5
Alfa: 1
Palavra: STATES
Palavra: HAS
Palavra: THE
Probabilidade: 0.5
Alfa: 1
Palavra: HAS
Palavra: THE
Palavra: HIGHEST
Probabilidade: 0.5
Alfa: 1
Palavra: THE
Palavra: HIGHEST
Palavra: CORPORATE
Probabilidade: 0.5
Alfa: 1
Palavra: HIGHEST
Palavra: CORPORATE
Palavra: TAX
Probabilidade: 0.5
Alfa: 1
Palavra: CORPORATE
Palavra: TAX
Palavra: RATE
Probabilidade: 0.5
Alfa: 1
Palavra: TAX
Palavra: RATE
Palavra: IN
Probabilidade: 0.5
Alfa: 1
Palavra: RATE
Palavra: IN
Palavra: THE
Probabilidade: 0.5
Alfa: 1
Palavra: IN
Palavra: THE
Palavra: FREE
Probabilidade: 0.5
Alfa: 1
Palavra: THE
Palavra: FREE
Palavra: WORLD.
Probabilidade: 0.5
Alfa: 1
['0.75', 'The United States has the highest corporate tax rate in the free world.']
Probabilidade do texto:  0.75
Probabilidade calculada: 0.666015625
Palavra: WE
Palavra: JUST
Palavra: HAD
Probabilidade: 0.5
Alfa: 1
Palavra: JUST
Palavra: HAD
Palavra: THE
Probabilidade: 0.5
Alfa: 1
Palavra: HAD
Palavra: THE
Palavra: BEST
Probabilidade: 0.5
Alfa: 1
Palavra: THE
Palavra: BEST
Palavra: YEAR
Probabilidade: 0.5
Alfa: 1
Palavra: BEST
Palavra: YEAR
Palavra: FOR
Probabilidade: 0.5
Alfa: 1
Palavra: YEAR
Palavra: FOR
Palavra: THE
Probabilidade: 0.5
Alfa: 1
Palavra: FOR
Palavra: THE
Palavra: AUTO
Probabilidade: 0.5
Alfa: 1
Palavra: THE
Palavra: AUTO
Palavra: INDUSTRY
Probabilidade: 0.5
Alfa: 1
Palavra: AUTO
Palavra: INDUSTRY
Palavra: IN
Probabilidade: 0.5
Alfa: 1
Palavra: INDUSTRY
Palavra: IN
Palavra: AMERICA
Probabilidade: 0.5
Alfa: 1
Palavra: IN
Palavra: AMERICA
Palavra: IN
Probabilidade: 0.5
Alfa: 1
Palavra: AMERICA
Palavra: IN
Palavra: HISTORY.
Probabilidade: 0.5
Alfa: 1
['0.75', 'We just had the best year for the auto industry in America in history.']
Probabilidade do texto:  0.75
Probabilidade calculada: 0.666748046875
Palavra: SAYS
Palavra: SCOTT
Palavra: WALKER
Probabilidade: 0.5
Alfa: 1
Palavra: SCOTT
Palavra: WALKER
Palavra: FAVORS
Probabilidade: 0.5
Alfa: 1
Palavra: WALKER
Palavra: FAVORS
Palavra: CUTTING
Probabilidade: 0.5
Alfa: 1
Palavra: FAVORS
Palavra: CUTTING
Palavra: UP
Probabilidade: 0.5
Alfa: 1
Palavra: CUTTING
Palavra: UP
Palavra: TO
Probabilidade: 0.5
Alfa: 1
Palavra: UP
Palavra: TO
Palavra: 350000
Probabilidade: 0.5
Alfa: 1
Palavra: TO
Palavra: 350000
Palavra: FAMILIES
Probabilidade: 0.5
Alfa: 1
Palavra: 350000
Palavra: FAMILIES
Palavra: AND
Probabilidade: 0.5
Alfa: 1
Palavra: FAMILIES
Palavra: AND
Palavra: CHILDREN
Probabilidade: 0.5
Alfa: 1
Palavra: AND
Palavra: CHILDREN
Palavra: OFF
Probabilidade: 0.5
Alfa: 1
Palavra: CHILDREN
Palavra: OFF
Palavra: HEALTH
Probabilidade: 0.5
Alfa: 1
Palavra: OFF
Palavra: HEALTH
Palavra: CARE.
Probabilidade: 0.5
Alfa: 1
['0.5', 'Says Scott Walker favors cutting up to 350000 families and children off health care.']
Probabilidade do texto:  0.5
Probabilidade calculada: 0.666748046875
Palavra: SAYS
Palavra: MITT
Palavra: ROMNEY
Probabilidade: 0.5
Alfa: 1
Palavra: MITT
Palavra: ROMNEY
Palavra: WANTS
Probabilidade: 0.5
Alfa: 1
Palavra: ROMNEY
Palavra: WANTS
Palavra: TO
Probabilidade: 0.5
Alfa: 1
Palavra: WANTS
Palavra: TO
Palavra: GET
Probabilidade: 0.5
Alfa: 1
Palavra: TO
Palavra: GET
Palavra: RID
Probabilidade: 0.5
Alfa: 1
Palavra: GET
Palavra: RID
Palavra: OF
Probabilidade: 0.5
Alfa: 1
Palavra: RID
Palavra: OF
Palavra: PLANNED
Probabilidade: 0.5
Alfa: 1
Palavra: OF
Palavra: PLANNED
Palavra: PARENTHOOD.
Probabilidade: 0.5
Alfa: 1
['0.25', 'Says Mitt Romney wants to get rid of Planned Parenthood.']
Probabilidade do texto:  0.25
Probabilidade calculada: 0.66796875
Palavra: I
Palavra: DONT
Palavra: KNOW
Probabilidade: 0.5
Alfa: 1
Palavra: DONT
Palavra: KNOW
Palavra: WHO
Probabilidade: 0.5
Alfa: 1
Palavra: KNOW
Palavra: WHO
Palavra: JONATHAN
Probabilidade: 0.5
Alfa: 1
Palavra: WHO
Palavra: JONATHAN
Palavra: GRUBER
Probabilidade: 0.5
Alfa: 1
Palavra: JONATHAN
Palavra: GRUBER
Palavra: IS.
Probabilidade: 0.5
Alfa: 1
['0', 'I dont know who Jonathan Gruber is.']
Probabilidade do texto:  0
Probabilidade calculada: 0.65625
Palavra: HATE
Palavra: CRIMES
Palavra: AGAINST
Probabilidade: 0.5
Alfa: 1
Palavra: CRIMES
Palavra: AGAINST
Palavra: AMERICAN
Probabilidade: 0.5
Alfa: 1
Palavra: AGAINST
Palavra: AMERICAN
Palavra: MUSLIMS
Probabilidade: 0.5
Alfa: 1
Palavra: AMERICAN
Palavra: MUSLIMS
Palavra: AND
Probabilidade: 0.5
Alfa: 1
Palavra: MUSLIMS
Palavra: AND
Palavra: MOSQUES
Probabilidade: 0.5
Alfa: 1
Palavra: AND
Palavra: MOSQUES
Palavra: HAVE
Probabilidade: 0.5
Alfa: 1
Palavra: MOSQUES
Palavra: HAVE
Palavra: TRIPLED
Probabilidade: 0.5
Alfa: 1
Palavra: HAVE
Palavra: TRIPLED
Palavra: AFTER
Probabilidade: 0.5
Alfa: 1
Palavra: TRIPLED
Palavra: AFTER
Palavra: PARIS
Probabilidade: 0.5
Alfa: 1
Palavra: AFTER
Palavra: PARIS
Palavra: AND
Probabilidade: 0.5
Alfa: 1
Palavra: PARIS
Palavra: AND
Palavra: SAN
Probabilidade: 0.5
Alfa: 1
Palavra: AND
Palavra: SAN
Palavra: BERNARDINO.
Probabilidade: 0.5
Alfa: 1
['0.75', 'Hate crimes against American Muslims and mosques have tripled after Paris and San Bernardino.']
Probabilidade do texto:  0.75
Probabilidade calculada: 0.666748046875
Palavra: RICK
Palavra: PERRY
Palavra: HAS
Probabilidade: 0.0
Alfa: 1
Palavra: PERRY
Palavra: HAS
Palavra: NEVER
Probabilidade: 0.5
Alfa: 1
Palavra: HAS
Palavra: NEVER
Palavra: LOST
Probabilidade: 0.5
Alfa: 1
Palavra: NEVER
Palavra: LOST
Palavra: AN
Probabilidade: 0.5
Alfa: 1
Palavra: LOST
Palavra: AN
Palavra: ELECTION
Probabilidade: 0.5
Alfa: 1
Palavra: AN
Palavra: ELECTION
Palavra: AND
Probabilidade: 0.5
Alfa: 1
Palavra: ELECTION
Palavra: AND
Palavra: REMAINS
Probabilidade: 0.5
Alfa: 1
Palavra: AND
Palavra: REMAINS
Palavra: THE
Probabilidade: 0.5
Alfa: 1
Palavra: REMAINS
Palavra: THE
Palavra: ONLY
Probabilidade: 0.5
Alfa: 1
Palavra: THE
Palavra: ONLY
Palavra: PERSON
Probabilidade: 0.5
Alfa: 1
Palavra: ONLY
Palavra: PERSON
Palavra: TO
Probabilidade: 0.5
Alfa: 1
Palavra: PERSON
Palavra: TO
Palavra: HAVE
Probabilidade: 0.5
Alfa: 1
Palavra: TO
Palavra: HAVE
Palavra: WON
Probabilidade: 0.5
Alfa: 1
Palavra: HAVE
Palavra: WON
Palavra: THE
Probabilidade: 0.5
Alfa: 1
Palavra: WON
Palavra: THE
Palavra: TEXAS
Probabilidade: 0.5
Alfa: 1
Palavra: THE
Palavra: TEXAS
Palavra: GOVERNORSHIP
Probabilidade: 0.5
Alfa: 1
Palavra: TEXAS
Palavra: GOVERNORSHIP
Palavra: THREE
Probabilidade: 0.5
Alfa: 1
Palavra: GOVERNORSHIP
Palavra: THREE
Palavra: TIMES
Probabilidade: 0.5
Alfa: 1
Palavra: THREE
Palavra: TIMES
Palavra: IN
Probabilidade: 0.5
Alfa: 1
Palavra: TIMES
Palavra: IN
Palavra: LANDSLIDE
Probabilidade: 0.5
Alfa: 1
Palavra: IN
Palavra: LANDSLIDE
Palavra: ELECTIONS.
Probabilidade: 0.5
Alfa: 1
['0.5', 'Rick Perry has never lost an election and remains the only person to have won the Texas governorship three times in landslide elections.']
Probabilidade do texto:  0.5
Probabilidade calculada: 0.6666660308837891
Palavra: ISIS
Palavra: SUPPORTER
Palavra: TWEETED
Probabilidade: 0.5
Alfa: 1
Palavra: SUPPORTER
Palavra: TWEETED
Palavra: AT
Probabilidade: 0.5
Alfa: 1
Palavra: TWEETED
Palavra: AT
Palavra: 10:34
Probabilidade: 0.5
Alfa: 1
Palavra: AT
Palavra: 10:34
Palavra: A.M.
Probabilidade: 0.5
Alfa: 1
Palavra: 10:34
Palavra: A.M.
Palavra: SHOOTING
Probabilidade: 0.5
Alfa: 1
Palavra: A.M.
Palavra: SHOOTING
Palavra: BEGAN
Probabilidade: 0.5
Alfa: 1
Palavra: SHOOTING
Palavra: BEGAN
Palavra: AT
Probabilidade: 0.5
Alfa: 1
Palavra: BEGAN
Palavra: AT
Palavra: 10:45
Probabilidade: 0.5
Alfa: 1
Palavra: AT
Palavra: 10:45
Palavra: A.M.
Probabilidade: 0.5
Alfa: 1
Palavra: 10:45
Palavra: A.M.
Palavra: IN
Probabilidade: 0.5
Alfa: 1
Palavra: A.M.
Palavra: IN
Palavra: CHATTANOOGA
Probabilidade: 0.5
Alfa: 1
Palavra: IN
Palavra: CHATTANOOGA
Palavra: TENN.
Probabilidade: 0.5
Alfa: 1
['0', 'ISIS supporter tweeted at 10:34 a.m. Shooting began at 10:45 a.m. in Chattanooga Tenn.']
Probabilidade do texto:  0
Probabilidade calculada: 0.666748046875
Palavra: YOUTH
Palavra: UNEMPLOYMENT
Palavra: IN
Probabilidade: 0.5
Alfa: 1
Palavra: UNEMPLOYMENT
Palavra: IN
Palavra: MINORITY
Probabilidade: 0.5
Alfa: 1
Palavra: IN
Palavra: MINORITY
Palavra: COMMUNITIES
Probabilidade: 0.5
Alfa: 1
Palavra: MINORITY
Palavra: COMMUNITIES
Palavra: IS
Probabilidade: 0.5
Alfa: 1
Palavra: COMMUNITIES
Palavra: IS
Palavra: ABOUT
Probabilidade: 0.5
Alfa: 1
Palavra: IS
Palavra: ABOUT
Palavra: 40
Probabilidade: 0.5
Alfa: 1
Palavra: ABOUT
Palavra: 40
Palavra: TO
Probabilidade: 0.5
Alfa: 1
Palavra: 40
Palavra: TO
Palavra: 45
Probabilidade: 0.5
Alfa: 1
Palavra: TO
Palavra: 45
Palavra: PERCENT.
Probabilidade: 0.5
Alfa: 1
['0.75', 'Youth unemployment in minority communities is about 40 to 45 percent.']
Probabilidade do texto:  0.75
Probabilidade calculada: 0.666015625
Palavra: SAYS
Palavra: PAUL
Palavra: RYAN
Probabilidade: 0.5
Alfa: 1
Palavra: PAUL
Palavra: RYAN
Palavra: IS
Probabilidade: 0.5
Alfa: 1
Palavra: RYAN
Palavra: IS
Palavra: STILL
Probabilidade: 0.5
Alfa: 1
Palavra: IS
Palavra: STILL
Palavra: ENDORSING
Probabilidade: 0.5
Alfa: 1
Palavra: STILL
Palavra: ENDORSING
Palavra: TRUMP.
Probabilidade: 0.5
Alfa: 1
['1', 'Says Paul Ryan is still endorsing Trump.']
Probabilidade do texto:  1
Probabilidade calculada: 0.65625
Palavra: IF
Palavra: YOU
Palavra: LOOK
Probabilidade: 0.5
Alfa: 1
Palavra: YOU
Palavra: LOOK
Palavra: AT
Probabilidade: 0.5
Alfa: 1
Palavra: LOOK
Palavra: AT
Palavra: STATES
Probabilidade: 0.5
Alfa: 1
Palavra: AT
Palavra: STATES
Palavra: THAT
Probabilidade: 0.5
Alfa: 1
Palavra: STATES
Palavra: THAT
Palavra: ARE
Probabilidade: 0.5
Alfa: 1
Palavra: THAT
Palavra: ARE
Palavra: RIGHT
Probabilidade: 0.5
Alfa: 1
Palavra: ARE
Palavra: RIGHT
Palavra: TO
Probabilidade: 0.5
Alfa: 1
Palavra: RIGHT
Palavra: TO
Palavra: WORK
Probabilidade: 0.5
Alfa: 1
Palavra: TO
Palavra: WORK
Palavra: THEY
Probabilidade: 0.5
Alfa: 1
Palavra: WORK
Palavra: THEY
Palavra: CONSTANTLY
Probabilidade: 0.5
Alfa: 1
Palavra: THEY
Palavra: CONSTANTLY
Palavra: DO
Probabilidade: 0.5
Alfa: 1
Palavra: CONSTANTLY
Palavra: DO
Palavra: NOT
Probabilidade: 0.5
Alfa: 1
Palavra: DO
Palavra: NOT
Palavra: HAVE
Probabilidade: 0.5
Alfa: 1
Palavra: NOT
Palavra: HAVE
Palavra: BUDGET
Probabilidade: 0.5
Alfa: 1
Palavra: HAVE
Palavra: BUDGET
Palavra: DEFICITS
Probabilidade: 0.5
Alfa: 1
Palavra: BUDGET
Palavra: DEFICITS
Palavra: AND
Probabilidade: 0.5
Alfa: 1
Palavra: DEFICITS
Palavra: AND
Palavra: THEY
Probabilidade: 0.5
Alfa: 1
Palavra: AND
Palavra: THEY
Palavra: HAVE
Probabilidade: 0.5
Alfa: 1
Palavra: THEY
Palavra: HAVE
Palavra: VERY
Probabilidade: 0.5
Alfa: 1
Palavra: HAVE
Palavra: VERY
Palavra: GOOD
Probabilidade: 0.5
Alfa: 1
Palavra: VERY
Palavra: GOOD
Palavra: BUSINESS
Probabilidade: 0.5
Alfa: 1
Palavra: GOOD
Palavra: BUSINESS
Palavra: CLIMATES.
Probabilidade: 0.5
Alfa: 1
['0.25', 'If you look at states that are right to work they constantly do not have budget deficits and they have very good business climates.']
Probabilidade do texto:  0.25
Probabilidade calculada: 0.6666667461395264
Palavra: WHAT
Palavra: THE
Palavra: OBAMA
Probabilidade: 0.5
Alfa: 1
Palavra: THE
Palavra: OBAMA
Palavra: ADMINISTRATION
Probabilidade: 0.125
Alfa: 1
Palavra: OBAMA
Palavra: ADMINISTRATION
Palavra: IS
Probabilidade: 0.5
Alfa: 1
Palavra: ADMINISTRATION
Palavra: IS
Palavra: GOING
Probabilidade: 0.5
Alfa: 1
Palavra: IS
Palavra: GOING
Palavra: TO
Probabilidade: 0.5
Alfa: 1
Palavra: GOING
Palavra: TO
Palavra: COME
Probabilidade: 0.5
Alfa: 1
Palavra: TO
Palavra: COME
Palavra: OUT
Probabilidade: 0.5
Alfa: 1
Palavra: COME
Palavra: OUT
Palavra: WITH
Probabilidade: 0.5
Alfa: 1
Palavra: OUT
Palavra: WITH
Palavra: IN
Probabilidade: 0.5
Alfa: 1
Palavra: WITH
Palavra: IN
Palavra: THE
Probabilidade: 0.5
Alfa: 1
Palavra: IN
Palavra: THE
Palavra: NEXT
Probabilidade: 0.5
Alfa: 1
Palavra: THE
Palavra: NEXT
Palavra: SEVERAL
Probabilidade: 0.5
Alfa: 1
Palavra: NEXT
Palavra: SEVERAL
Palavra: MONTHS
Probabilidade: 0.5
Alfa: 1
Palavra: SEVERAL
Palavra: MONTHS
Palavra: IS
Probabilidade: 0.5
Alfa: 1
Palavra: MONTHS
Palavra: IS
Palavra: YOURE
Probabilidade: 0.5
Alfa: 1
Palavra: IS
Palavra: YOURE
Palavra: NOT
Probabilidade: 0.5
Alfa: 1
Palavra: YOURE
Palavra: NOT
Palavra: EVEN
Probabilidade: 0.5
Alfa: 1
Palavra: NOT
Palavra: EVEN
Palavra: GOING
Probabilidade: 0.5
Alfa: 1
Palavra: EVEN
Palavra: GOING
Palavra: TO
Probabilidade: 0.5
Alfa: 1
Palavra: GOING
Palavra: TO
Palavra: BE
Probabilidade: 0.5
Alfa: 1
Palavra: TO
Palavra: BE
Palavra: ABLE
Probabilidade: 0.5
Alfa: 1
Palavra: BE
Palavra: ABLE
Palavra: TO
Probabilidade: 0.5
Alfa: 1
Palavra: ABLE
Palavra: TO
Palavra: BURN
Probabilidade: 0.5
Alfa: 1
Palavra: TO
Palavra: BURN
Palavra: COAL
Probabilidade: 0.5
Alfa: 1
Palavra: BURN
Palavra: COAL
Palavra: VERY
Probabilidade: 0.5
Alfa: 1
Palavra: COAL
Palavra: VERY
Palavra: LIMITEDLY
Probabilidade: 0.5
Alfa: 1
Palavra: VERY
Palavra: LIMITEDLY
Palavra: IN
Probabilidade: 0.5
Alfa: 1
Palavra: LIMITEDLY
Palavra: IN
Palavra: THE
Probabilidade: 0.5
Alfa: 1
Palavra: IN
Palavra: THE
Palavra: EXISTING
Probabilidade: 0.5
Alfa: 1
Palavra: THE
Palavra: EXISTING
Palavra: PLANTS.
Probabilidade: 0.5
Alfa: 1
['0', 'What the Obama administration is going to come out with in the next several months is youre not even going to be able to burn coal very limitedly in the existing plants.']
Probabilidade do texto:  0
Probabilidade calculada: 0.6666666662786156
Palavra: WE
Palavra: CUT
Palavra: BUSINESS
Probabilidade: 0.5
Alfa: 1
Palavra: CUT
Palavra: BUSINESS
Palavra: TAXES
Probabilidade: 0.5
Alfa: 1
Palavra: BUSINESS
Palavra: TAXES
Palavra: SO
Probabilidade: 0.5
Alfa: 1
Palavra: TAXES
Palavra: SO
Palavra: TODAY
Probabilidade: 0.5
Alfa: 1
Palavra: SO
Palavra: TODAY
Palavra: 70
Probabilidade: 0.5
Alfa: 1
Palavra: TODAY
Palavra: 70
Palavra: PERCENT
Probabilidade: 0.5
Alfa: 1
Palavra: 70
Palavra: PERCENT
Palavra: OF
Probabilidade: 1.0
Alfa: 1
Palavra: PERCENT
Palavra: OF
Palavra: OUR
Probabilidade: 0.75
Alfa: 1
Palavra: OF
Palavra: OUR
Palavra: BUSINESSES
Probabilidade: 0.5
Alfa: 1
Palavra: OUR
Palavra: BUSINESSES
Palavra: DONT
Probabilidade: 0.5
Alfa: 1
Palavra: BUSINESSES
Palavra: DONT
Palavra: PAY
Probabilidade: 0.5
Alfa: 1
Palavra: DONT
Palavra: PAY
Palavra: A
Probabilidade: 0.5
Alfa: 1
Palavra: PAY
Palavra: A
Palavra: BUSINESS
Probabilidade: 0.5
Alfa: 1
Palavra: A
Palavra: BUSINESS
Palavra: TAX.
Probabilidade: 0.5
Alfa: 1
['0.75', 'We cut business taxes so today 70 percent of our businesses dont pay a business tax.']
Probabilidade do texto:  0.75
Probabilidade calculada: 0.66796875
Palavra: SAYS
Palavra: MARK
Palavra: PRYOR
Probabilidade: 0.5
Alfa: 1
Palavra: MARK
Palavra: PRYOR
Palavra: VOTES
Probabilidade: 0.5
Alfa: 1
Palavra: PRYOR
Palavra: VOTES
Palavra: WITH
Probabilidade: 0.5
Alfa: 1
Palavra: VOTES
Palavra: WITH
Palavra: OBAMA
Probabilidade: 0.5
Alfa: 1
Palavra: WITH
Palavra: OBAMA
Palavra: 93
Probabilidade: 0.5
Alfa: 1
Palavra: OBAMA
Palavra: 93
Palavra: PERCENT
Probabilidade: 0.5
Alfa: 1
Palavra: 93
Palavra: PERCENT
Palavra: OF
Probabilidade: 0.5
Alfa: 1
Palavra: PERCENT
Palavra: OF
Palavra: THE
Probabilidade: 0.75
Alfa: 1
Palavra: OF
Palavra: THE
Palavra: TIME.
Probabilidade: 0.5
Alfa: 1
['0.75', 'Says Mark Pryor votes with Obama 93 percent of the time.']
Probabilidade do texto:  0.75
Probabilidade calculada: 0.5830078125
Palavra: WE
Palavra: HAVE
Palavra: A
Probabilidade: 0.0
Alfa: 1
Palavra: HAVE
Palavra: A
Palavra: FEDERAL
Probabilidade: 0.5
Alfa: 1
Palavra: A
Palavra: FEDERAL
Palavra: GOVERNMENT
Probabilidade: 0.5
Alfa: 1
Palavra: FEDERAL
Palavra: GOVERNMENT
Palavra: THAT
Probabilidade: 0.5
Alfa: 1
Palavra: GOVERNMENT
Palavra: THAT
Palavra: THINKS
Probabilidade: 0.5
Alfa: 1
Palavra: THAT
Palavra: THINKS
Palavra: THEY
Probabilidade: 0.5
Alfa: 1
Palavra: THINKS
Palavra: THEY
Palavra: HAVE
Probabilidade: 0.5
Alfa: 1
Palavra: THEY
Palavra: HAVE
Palavra: THE
Probabilidade: 0.5
Alfa: 1
Palavra: HAVE
Palavra: THE
Palavra: AUTHORITY
Probabilidade: 0.5
Alfa: 1
Palavra: THE
Palavra: AUTHORITY
Palavra: TO
Probabilidade: 0.5
Alfa: 1
Palavra: AUTHORITY
Palavra: TO
Palavra: REGULATE
Probabilidade: 0.5
Alfa: 1
Palavra: TO
Palavra: REGULATE
Palavra: OUR
Probabilidade: 0.5
Alfa: 1
Palavra: REGULATE
Palavra: OUR
Palavra: TOILET
Probabilidade: 0.5
Alfa: 1
Palavra: OUR
Palavra: TOILET
Palavra: SEATS.
Probabilidade: 0.5
Alfa: 1
['1', 'We have a federal government that thinks they have the authority to regulate our toilet seats.']
Probabilidade do texto:  1
Probabilidade calculada: 0.666748046875
Palavra: AUSTIN
Palavra: IS
Palavra: A
Probabilidade: 0.5
Alfa: 1
Palavra: IS
Palavra: A
Palavra: CITY
Probabilidade: 0.5
Alfa: 1
Palavra: A
Palavra: CITY
Palavra: THAT
Probabilidade: 0.5
Alfa: 1
Palavra: CITY
Palavra: THAT
Palavra: HAS
Probabilidade: 0.5
Alfa: 1
Palavra: THAT
Palavra: HAS
Palavra: BASICALLY
Probabilidade: 0.5
Alfa: 1
Palavra: HAS
Palavra: BASICALLY
Palavra: DOUBLED
Probabilidade: 0.5
Alfa: 1
Palavra: BASICALLY
Palavra: DOUBLED
Palavra: IN
Probabilidade: 0.5
Alfa: 1
Palavra: DOUBLED
Palavra: IN
Palavra: SIZE
Probabilidade: 0.5
Alfa: 1
Palavra: IN
Palavra: SIZE
Palavra: EVERY
Probabilidade: 0.5
Alfa: 1
Palavra: SIZE
Palavra: EVERY
Palavra: 25
Probabilidade: 0.5
Alfa: 1
Palavra: EVERY
Palavra: 25
Palavra: YEARS
Probabilidade: 0.5
Alfa: 1
Palavra: 25
Palavra: YEARS
Palavra: OR
Probabilidade: 0.5
Alfa: 1
Palavra: YEARS
Palavra: OR
Palavra: SO
Probabilidade: 0.5
Alfa: 1
Palavra: OR
Palavra: SO
Palavra: SINCE
Probabilidade: 0.5
Alfa: 1
Palavra: SO
Palavra: SINCE
Palavra: IT
Probabilidade: 0.5
Alfa: 1
Palavra: SINCE
Palavra: IT
Palavra: WAS
Probabilidade: 0.5
Alfa: 1
Palavra: IT
Palavra: WAS
Palavra: FOUNDED.
Probabilidade: 0.5
Alfa: 1
['1', 'Austin is a city that has basically doubled in size every 25 years or so since it was founded.']
Probabilidade do texto:  1
Probabilidade calculada: 0.6666641235351562
Palavra: THE
Palavra: NUCLEAR
Palavra: TEST
Probabilidade: 0.5
Alfa: 1
Palavra: NUCLEAR
Palavra: TEST
Palavra: CONDUCTED
Probabilidade: 0.5
Alfa: 1
Palavra: TEST
Palavra: CONDUCTED
Palavra: IN
Probabilidade: 0.5
Alfa: 1
Palavra: CONDUCTED
Palavra: IN
Palavra: OUR
Probabilidade: 0.5
Alfa: 1
Palavra: IN
Palavra: OUR
Palavra: NATION
Probabilidade: 0.5
Alfa: 1
Palavra: OUR
Palavra: NATION
Palavra: THIS
Probabilidade: 0.5
Alfa: 1
Palavra: NATION
Palavra: THIS
Palavra: TIME
Probabilidade: 0.5
Alfa: 1
Palavra: THIS
Palavra: TIME
Palavra: IS
Probabilidade: 0.5
Alfa: 1
Palavra: TIME
Palavra: IS
Palavra: THE
Probabilidade: 0.5
Alfa: 1
Palavra: IS
Palavra: THE
Palavra: EARTHS
Probabilidade: 0.5
Alfa: 1
Palavra: THE
Palavra: EARTHS
Palavra: 2054TH
Probabilidade: 0.5
Alfa: 1
Palavra: EARTHS
Palavra: 2054TH
Palavra: NUCLEAR
Probabilidade: 0.5
Alfa: 1
Palavra: 2054TH
Palavra: NUCLEAR
Palavra: TEST.
Probabilidade: 0.5
Alfa: 1
Palavra: NUCLEAR
Palavra: TEST.
Palavra: THE
Probabilidade: 0.5
Alfa: 1
Palavra: TEST.
Palavra: THE
Palavra: FIVE
Probabilidade: 0.5
Alfa: 1
Palavra: THE
Palavra: FIVE
Palavra: PERMANENT
Probabilidade: 0.5
Alfa: 1
Palavra: FIVE
Palavra: PERMANENT
Palavra: MEMBERS
Probabilidade: 0.5
Alfa: 1
Palavra: PERMANENT
Palavra: MEMBERS
Palavra: OF
Probabilidade: 0.5
Alfa: 1
Palavra: MEMBERS
Palavra: OF
Palavra: THE
Probabilidade: 0.5
Alfa: 1
Palavra: OF
Palavra: THE
Palavra: U.N.
Probabilidade: 0.5
Alfa: 1
Palavra: THE
Palavra: U.N.
Palavra: SECURITY
Probabilidade: 0.5
Alfa: 1
Palavra: U.N.
Palavra: SECURITY
Palavra: COUNCIL
Probabilidade: 0.5
Alfa: 1
Palavra: SECURITY
Palavra: COUNCIL
Palavra: HAVE
Probabilidade: 0.5
Alfa: 1
Palavra: COUNCIL
Palavra: HAVE
Palavra: CONDUCTED
Probabilidade: 0.5
Alfa: 1
Palavra: HAVE
Palavra: CONDUCTED
Palavra: 99.99
Probabilidade: 0.5
Alfa: 1
Palavra: CONDUCTED
Palavra: 99.99
Palavra: PERCENT
Probabilidade: 0.5
Alfa: 1
Palavra: 99.99
Palavra: PERCENT
Palavra: OF
Probabilidade: 0.5
Alfa: 1
Palavra: PERCENT
Palavra: OF
Palavra: THE
Probabilidade: 0.75
Alfa: 1
Palavra: OF
Palavra: THE
Palavra: TOTAL
Probabilidade: 0.5
Alfa: 1
Palavra: THE
Palavra: TOTAL
Palavra: NUCLEAR
Probabilidade: 0.5
Alfa: 1
Palavra: TOTAL
Palavra: NUCLEAR
Palavra: TESTS.
Probabilidade: 0.5
Alfa: 1
['1', 'The nuclear test conducted in our nation this time is the Earths 2054th nuclear test. The five permanent members of the U.N. Security Council have conducted 99.99 percent of the total nuclear tests.']
Probabilidade do texto:  1
Probabilidade calculada: 0.6458333332557231
Palavra: IN
Palavra: THE
Palavra: CASE
Probabilidade: 0.5
Alfa: 1
Palavra: THE
Palavra: CASE
Palavra: OF
Probabilidade: 0.5
Alfa: 1
Palavra: CASE
Palavra: OF
Palavra: A
Probabilidade: 0.5
Alfa: 1
Palavra: OF
Palavra: A
Palavra: CATASTROPHIC
Probabilidade: 0.5
Alfa: 1
Palavra: A
Palavra: CATASTROPHIC
Palavra: EVENT
Probabilidade: 0.5
Alfa: 1
Palavra: CATASTROPHIC
Palavra: EVENT
Palavra: THE
Probabilidade: 0.5
Alfa: 1
Palavra: EVENT
Palavra: THE
Palavra: ATLANTA-AREA
Probabilidade: 0.5
Alfa: 1
Palavra: THE
Palavra: ATLANTA-AREA
Palavra: OFFICES
Probabilidade: 0.5
Alfa: 1
Palavra: ATLANTA-AREA
Palavra: OFFICES
Palavra: OF
Probabilidade: 0.5
Alfa: 1
Palavra: OFFICES
Palavra: OF
Palavra: THE
Probabilidade: 0.5
Alfa: 1
Palavra: OF
Palavra: THE
Palavra: CENTERS
Probabilidade: 0.5
Alfa: 1
Palavra: THE
Palavra: CENTERS
Palavra: FOR
Probabilidade: 0.5
Alfa: 1
Palavra: CENTERS
Palavra: FOR
Palavra: DISEASE
Probabilidade: 0.5
Alfa: 1
Palavra: FOR
Palavra: DISEASE
Palavra: CONTROL
Probabilidade: 0.5
Alfa: 1
Palavra: DISEASE
Palavra: CONTROL
Palavra: AND
Probabilidade: 0.5
Alfa: 1
Palavra: CONTROL
Palavra: AND
Palavra: PREVENTION
Probabilidade: 0.5
Alfa: 1
Palavra: AND
Palavra: PREVENTION
Palavra: WILL
Probabilidade: 0.5
Alfa: 1
Palavra: PREVENTION
Palavra: WILL
Palavra: SELF-DESTRUCT.
Probabilidade: 0.5
Alfa: 1
['0', 'In the case of a catastrophic event the Atlanta-area offices of the Centers for Disease Control and Prevention will self-destruct.']
Probabilidade do texto:  0
Probabilidade calculada: 0.6666679382324219
Palavra: UNDER
Palavra: PRESIDENT
Palavra: GEORGE
Probabilidade: 0.5
Alfa: 1
Palavra: PRESIDENT
Palavra: GEORGE
Palavra: W.
Probabilidade: 0.5
Alfa: 1
Palavra: GEORGE
Palavra: W.
Palavra: BUSH
Probabilidade: 0.5
Alfa: 1
Palavra: W.
Palavra: BUSH
Palavra: WE
Probabilidade: 0.5
Alfa: 1
Palavra: BUSH
Palavra: WE
Palavra: ADDED
Probabilidade: 0.5
Alfa: 1
Palavra: WE
Palavra: ADDED
Palavra: $4.9
Probabilidade: 0.5
Alfa: 1
Palavra: ADDED
Palavra: $4.9
Palavra: TRILLION
Probabilidade: 0.5
Alfa: 1
Palavra: $4.9
Palavra: TRILLION
Palavra: TO
Probabilidade: 0.5
Alfa: 1
Palavra: TRILLION
Palavra: TO
Palavra: THE
Probabilidade: 0.5
Alfa: 1
Palavra: TO
Palavra: THE
Palavra: DEBT.
Probabilidade: 0.5
Alfa: 1
Palavra: THE
Palavra: DEBT.
Palavra: UNDER
Probabilidade: 0.5
Alfa: 1
Palavra: DEBT.
Palavra: UNDER
Palavra: PRESIDENT
Probabilidade: 0.5
Alfa: 1
Palavra: UNDER
Palavra: PRESIDENT
Palavra: OBAMA
Probabilidade: 0.5
Alfa: 1
Palavra: PRESIDENT
Palavra: OBAMA
Palavra: WEVE
Probabilidade: 0.5
Alfa: 1
Palavra: OBAMA
Palavra: WEVE
Palavra: ADDED
Probabilidade: 0.5
Alfa: 1
Palavra: WEVE
Palavra: ADDED
Palavra: $6.5
Probabilidade: 0.5
Alfa: 1
Palavra: ADDED
Palavra: $6.5
Palavra: TRILLION
Probabilidade: 0.5
Alfa: 1
Palavra: $6.5
Palavra: TRILLION
Palavra: TO
Probabilidade: 0.5
Alfa: 1
Palavra: TRILLION
Palavra: TO
Palavra: THE
Probabilidade: 0.5
Alfa: 1
Palavra: TO
Palavra: THE
Palavra: DEBT.
Probabilidade: 0.5
Alfa: 1
['1', 'Under President George W. Bush we added $4.9 trillion to the debt. Under President Obama weve added $6.5 trillion to the debt.']
Probabilidade do texto:  1
Probabilidade calculada: 0.6666669845581055
Numero de frases:    40
Erro positivo:   3.6901941399555653
Erro negativo:   -8.960004806052893
Erro total:      12.650198946008459
Contagem de Erros Positivos:     18
Contagem de Erros Negativos:     22
