SELECT ID FROM WORDS WHERE WORD = 'WHEN';
SELECT ID FROM WORDS WHERE WORD = 'MITT';
SELECT ID FROM WORDS WHERE WORD = 'ROMNEY';
SELECT ID FROM WORDS WHERE WORD = 'WAS';
SELECT ID FROM WORDS WHERE WORD = 'GOVERNOR';
SELECT ID FROM WORDS WHERE WORD = 'OF';
SELECT ID FROM WORDS WHERE WORD = 'MASSACHUSETTS,';
SELECT ID FROM WORDS WHERE WORD = 'WE';
SELECT ID FROM WORDS WHERE WORD = 'DIDNT';
SELECT ID FROM WORDS WHERE WORD = 'JUST';
SELECT ID FROM WORDS WHERE WORD = 'SLOW';
SELECT ID FROM WORDS WHERE WORD = 'THE';
SELECT ID FROM WORDS WHERE WORD = 'RATE';
SELECT ID FROM WORDS WHERE WORD = 'OF';
SELECT ID FROM WORDS WHERE WORD = 'GROWTH';
SELECT ID FROM WORDS WHERE WORD = 'OF';
SELECT ID FROM WORDS WHERE WORD = 'OUR';
SELECT ID FROM WORDS WHERE WORD = 'GOVERNMENT,';
SELECT ID FROM WORDS WHERE WORD = 'WE';
SELECT ID FROM WORDS WHERE WORD = 'ACTUALLY';
SELECT ID FROM WORDS WHERE WORD = 'THE';
SELECT ID FROM WORDS WHERE WORD = 'ECONOMY';
SELECT ID FROM WORDS WHERE WORD = 'BLED';
SELECT ID FROM WORDS WHERE WORD = '$24';
SELECT ID FROM WORDS WHERE WORD = 'BILLION';
SELECT ID FROM WORDS WHERE WORD = 'DUE';
SELECT ID FROM WORDS WHERE WORD = 'TO';
SELECT ID FROM WORDS WHERE WORD = 'THE';
SELECT ID FROM WORDS WHERE WORD = 'MOST';
SELECT ID FROM WORDS WHERE WORD = 'OF';
SELECT ID FROM WORDS WHERE WORD = 'THE';
SELECT ID FROM WORDS WHERE WORD = '(AFFORDABLE';
SELECT ID FROM WORDS WHERE WORD = 'CARE';
SELECT ID FROM WORDS WHERE WORD = 'ACT)';
SELECT ID FROM WORDS WHERE WORD = 'HAS';
SELECT ID FROM WORDS WHERE WORD = 'ALREADY';
SELECT ID FROM WORDS WHERE WORD = 'IN';
SELECT ID FROM WORDS WHERE WORD = 'SOME';
SELECT ID FROM WORDS WHERE WORD = 'SENSE';
SELECT ID FROM WORDS WHERE WORD = 'BEEN';
SELECT ID FROM WORDS WHERE WORD = 'WAIVED';
SELECT ID FROM WORDS WHERE WORD = 'OR';
SELECT ID FROM WORDS WHERE WORD = 'IN';
SELECT ID FROM WORDS WHERE WORD = 'THIS';
SELECT ID FROM WORDS WHERE WORD = 'LAST';
SELECT ID FROM WORDS WHERE WORD = 'ELECTION';
SELECT ID FROM WORDS WHERE WORD = 'IN';
SELECT ID FROM WORDS WHERE WORD = 'NOVEMBER,';
SELECT ID FROM WORDS WHERE WORD = '...';
SELECT ID FROM WORDS WHERE WORD = '63';
SELECT ID FROM WORDS WHERE WORD = 'PERCENT';
SELECT ID FROM WORDS WHERE WORD = 'OF';
SELECT ID FROM WORDS WHERE WORD = 'THE';
SELECT ID FROM WORDS WHERE WORD = 'AMERICAN';
SELECT ID FROM WORDS WHERE WORD = 'PEOPLE';
SELECT ID FROM WORDS WHERE WORD = 'CHOSE';
SELECT ID FROM WORDS WHERE WORD = 'NOT';
SELECT ID FROM WORDS WHERE WORD = 'TO';
SELECT ID FROM WORDS WHERE WORD = 'VOTE,';
SELECT ID FROM WORDS WHERE WORD = '...';
SELECT ID FROM WORDS WHERE WORD = '80';
SELECT ID FROM WORDS WHERE WORD = 'PERCENT';
SELECT ID FROM WORDS WHERE WORD = 'OF';
SELECT ID FROM WORDS WHERE WORD = 'YOUNG';
SELECT ID FROM WORDS WHERE WORD = 'PEOPLE,';
SELECT ID FROM WORDS WHERE WORD = '(AND)';
SELECT ID FROM WORDS WHERE WORD = '75';
SELECT ID FROM WORDS WHERE WORD = 'PERCENT';
SELECT ID FROM WORDS WHERE WORD = 'OF';
SELECT ID FROM WORDS WHERE WORD = 'LOW-INCOME';
SELECT ID FROM WORDS WHERE WORD = 'WORKERS';
SELECT ID FROM WORDS WHERE WORD = 'CHOSE';
SELECT ID FROM WORDS WHERE WORD = 'NOT';
