Data:    (DD/MM/AAAA)17/3/2019
Hora:    (HH:MM:SS)15:14:30
Training_File:   ../reports/report17320191565/training_tab.csv
Validation_File: ../reports/report17320191565/validation_tab.csv
['0', 'Says the Annies List political group supports third-trimester abortions on demand.']
0
0.66650390625
['0.5', 'When did the decline of coal start? It started when natural gas took off that started to begin in (President George W.) Bushs administration.']
0.5
0.6666666865348816
['0.75', 'Hillary Clinton agrees with John McCain "by voting to give George Bush the benefit of the doubt on Iran."']
0.75
0.6666660308837891
['0', 'Health care reform legislation is likely to mandate free sex change surgeries.']
0
0.666748046875
['0.5', 'The economic turnaround started at the end of my term.']
0.5
0.67724609375
['1', 'The Chicago Bears have had more starting quarterbacks in the last 10 years than the total number of tenured (UW) faculty fired during the last two decades.']
1
0.6666666641831398
['0.25', 'Jim Dunnam has not lived in the district he represents for years now.']
0.25
0.6666259765625
['0.5', 'Im the only person on this stage who has worked actively just last year passing along with Russ Feingold some of the toughest ethics reform since Watergate.']
0.5
0.6666666641831398
['0.5', 'However it took $19.5 million in Oregon Lottery funds for the Port of Newport to eventually land the new NOAA Marine Operations Center-Pacific.']
0.5
0.6666666269302368
['0.75', 'Says GOP primary opponents Glenn Grothman and Joe Leibham cast a compromise vote that cost $788 million in higher electricity costs.']
0.75
0.6666665077209473
['0.75', 'For the first time in history the share of the national popular vote margin is smaller than the Latino vote margin.']
0.75
0.6666665077209473
['0.5', 'Since 2000 nearly 12 million Americans have slipped out of the middle class and into poverty.']
0.5
0.6666717529296875
['0', 'When Mitt Romney was governor of Massachusetts we didnt just slow the rate of growth of our government we actually cut it.']
0
0.6666667461395264
['0.75', 'The economy bled $24 billion due to the government shutdown.']
0.75
0.6669921875
['0.25', 'Most of the (Affordable Care Act) has already in some sense been waived or otherwise suspended.']
0.25
0.6666717529296875
['0.5', 'In this last election in November ... 63 percent of the American people chose not to vote ... 80 percent of young people (and) 75 percent of low-income workers chose not to vote.']
0.5
0.6666666785720736
['1', 'McCain opposed a requirement that the government buy American-made motorcycles. And he said all buy-American provisions were quote disgraceful. ']
1
0.6666660308837891
['0.25', 'U.S. Rep. Ron Kind D-Wis., and his fellow Democrats went on a spending spree and now their credit card is maxed out']
0.25
0.6666667461395264
['0.5', 'Water rates in Manila Philippines were raised up to 845 percent when a subsidiary of the World Bank became a partial owner.']
0.5
0.6666667461395264
['0.75', 'Almost 100000 people left Puerto Rico last year.']
0.75
0.66796875
Numero de frases:    20
Erro positivo:   1.0817073211073875
Erro negativo:   -4.427134423935786
