[[0.25891675029296335, 0.420571580830845, 0.5112747213686085, 0.7579544029403025, 0.8444218515250481], [0.30331272607892745, 0.4049341374504143, 0.4765969541523558, 0.5833820394550312, 0.7837985890347726], [0.28183784439970383, 0.5046868558173903, 0.6183689966753316, 0.7558042041572239, 0.9081128851953352]]
brilho [2.4775257448934367, 2.4675105782734956, 2.4927792982231822]
[[0.30331272607892745, 0.4049341374504143, 0.4765969541523558, 0.5833820394550312, 0.7837985890347726], [0.426928936386664, 0.8106193364271241, 0.9289585617204386, 1.0446919679885633, 1.277426617001641], [0.28183784439970383, 0.5046868558173903, 0.6183689966753316, 0.7558042041572239, 0.9081128851953352]]
brilho [2.4675105782734956, 2.499713999273715, 2.4927792982231822]
[[0.30331272607892745, 0.4049341374504143, 0.4765969541523558, 0.5833820394550312, 0.7837985890347726], [0.4319933486601063, 0.6507110627210271, 0.7612818786808202, 0.9984656390901043, 1.2255161446513616], [0.426928936386664, 0.8106193364271241, 0.9289585617204386, 1.0446919679885633, 1.277426617001641]]
brilho [2.4675105782734956, 2.49838995266937, 2.499713999273715]
[[0.30331272607892745, 0.4049341374504143, 0.4765969541523558, 0.5833820394550312, 0.7837985890347726], [0.4514370929389751, 0.6246893178991835, 0.8767009528571383, 1.1882592604048845, 1.4480954203932577], [0.426928936386664, 0.8106193364271241, 0.9289585617204386, 1.0446919679885633, 1.277426617001641]]
brilho [2.4675105782734956, 2.4995125264034885, 2.499713999273715]
[[0.30331272607892745, 0.4049341374504143, 0.4765969541523558, 0.5833820394550312, 0.7837985890347726], [0.6690917070568849, 0.8406286106770235, 1.0365187517489587, 1.3811572257600606, 1.6946241609330432], [0.426928936386664, 0.8106193364271241, 0.9289585617204386, 1.0446919679885633, 1.277426617001641]]
brilho [2.4675105782734956, 2.4999017824191174, 2.499713999273715]
[[0.30331272607892745, 0.4049341374504143, 0.4765969541523558, 0.5833820394550312, 0.7837985890347726], [0.41852632928267913, 1.0144521715703418, 1.155088346141772, 1.2841174793955283, 1.526218885745588], [0.6690917070568849, 0.8406286106770235, 1.0365187517489587, 1.3811572257600606, 1.6946241609330432]]
brilho [2.4675105782734956, 2.499966643155432, 2.4999017824191174]
[[0.30331272607892745, 0.4049341374504143, 0.4765969541523558, 0.5833820394550312, 0.7837985890347726], [0.8497237006235294, 1.077292178682513, 1.2982934411568285, 1.7586576018982136, 2.081571293497303], [0.41852632928267913, 1.0144521715703418, 1.155088346141772, 1.2841174793955283, 1.526218885745588]]
brilho [2.4675105782734956, 2.253649628180517, 2.499966643155432]
[[0.8497237006235294, 1.077292178682513, 1.2982934411568285, 1.7586576018982136, 2.081571293497303], [0.35973959135133016, 0.522698879360076, 0.6520729953615044, 0.993843714419228, 1.206298034715908], [0.41852632928267913, 1.0144521715703418, 1.155088346141772, 1.2841174793955283, 1.526218885745588]]
brilho [2.253649628180517, 2.4949403364773706, 2.499966643155432]
[[0.8497237006235294, 1.077292178682513, 1.2982934411568285, 1.7586576018982136, 2.081571293497303], [0.42626647503451276, 0.7624726109441361, 0.9114193448145498, 1.357259607699107, 1.7828912284576928], [0.41852632928267913, 1.0144521715703418, 1.155088346141772, 1.2841174793955283, 1.526218885745588]]
brilho [2.253649628180517, 2.4996581915337517, 2.499966643155432]
[[0.8497237006235294, 1.077292178682513, 1.2982934411568285, 1.7586576018982136, 2.081571293497303], [0.731293327216433, 1.0326309367728532, 1.237684418471176, 1.7360813416076644, 2.257908377432316], [0.41852632928267913, 1.0144521715703418, 1.155088346141772, 1.2841174793955283, 1.526218885745588]]
brilho [2.253649628180517, 2.4456604448609545, 2.499966643155432]
[[0.8497237006235294, 1.077292178682513, 1.2982934411568285, 1.7586576018982136, 2.081571293497303], [0.8728270920191923, 1.4113791864955185, 1.6333635946361018, 2.180240978630134, 2.573663435778932], [0.41852632928267913, 1.0144521715703418, 1.155088346141772, 1.2841174793955283, 1.526218885745588]]
brilho [2.253649628180517, 1.600124838743563, 2.499966643155432]
[[0.8728270920191923, 1.4113791864955185, 1.6333635946361018, 2.180240978630134, 2.573663435778932], [0.8680717457036832, 1.378162941451816, 1.6527898900380362, 2.2603000272930163, 2.7587631455083033], [0.41852632928267913, 1.0144521715703418, 1.155088346141772, 1.2841174793955283, 1.526218885745588]]
brilho [1.600124838743563, 1.5751855870535783, 2.499966643155432]
[[0.8680717457036832, 1.378162941451816, 1.6527898900380362, 2.2603000272930163, 2.7587631455083033], [1.0622767481671207, 1.5867436897058083, 1.9625260517661154, 2.5738676998260246, 3.1089286306477666], [0.41852632928267913, 1.0144521715703418, 1.155088346141772, 1.2841174793955283, 1.526218885745588]]
brilho [1.5751855870535783, 1.2767357800051429, 2.499966643155432]
[[1.0622767481671207, 1.5867436897058083, 1.9625260517661154, 2.5738676998260246, 3.1089286306477666], [1.0218888597021518, 1.7193784410463662, 2.069920683215698, 2.801988715014229, 3.344847639269292], [0.41852632928267913, 1.0144521715703418, 1.155088346141772, 1.2841174793955283, 1.526218885745588]]
brilho [1.2767357800051429, 1.2039947764734058, 2.499966643155432]
[[1.0218888597021518, 1.7193784410463662, 2.069920683215698, 2.801988715014229, 3.344847639269292], [1.121111518239347, 1.9356753532383308, 2.4605578648799233, 3.1787009386204725, 3.7518523093899883], [0.41852632928267913, 1.0144521715703418, 1.155088346141772, 1.2841174793955283, 1.526218885745588]]
brilho [1.2039947764734058, 1.0152049587859975, 2.499966643155432]
[[1.121111518239347, 1.9356753532383308, 2.4605578648799233, 3.1787009386204725, 3.7518523093899883], [1.0822471067874193, 1.8972767852747379, 2.362360736889623, 3.290844533729784, 3.998963527544148], [0.41852632928267913, 1.0144521715703418, 1.155088346141772, 1.2841174793955283, 1.526218885745588]]
brilho [1.0152049587859975, 1.0540083357454846, 2.499966643155432]
[[1.121111518239347, 1.9356753532383308, 2.4605578648799233, 3.1787009386204725, 3.7518523093899883], [1.1846095979580986, 2.192934422671798, 2.7778333554527084, 3.584140527520256, 4.20295634531261], [0.41852632928267913, 1.0144521715703418, 1.155088346141772, 1.2841174793955283, 1.526218885745588]]
brilho [1.0152049587859975, 0.9166074082508827, 2.499966643155432]
[[1.1846095979580986, 2.192934422671798, 2.7778333554527084, 3.584140527520256, 4.20295634531261], [1.179163311087345, 2.4134604595331384, 2.9963425145928952, 3.7714435319615904, 4.389627540464343], [0.41852632928267913, 1.0144521715703418, 1.155088346141772, 1.2841174793955283, 1.526218885745588]]
brilho [0.9166074082508827, 0.8661353089187063, 2.499966643155432]
[[1.179163311087345, 2.4134604595331384, 2.9963425145928952, 3.7714435319615904, 4.389627540464343], [1.2005993666348396, 2.461597654739321, 3.131986485277876, 4.053010555920598, 4.720272039154463], [0.41852632928267913, 1.0144521715703418, 1.155088346141772, 1.2841174793955283, 1.526218885745588]]
brilho [0.8661353089187063, 0.8400297657590446, 2.499966643155432]
[[1.2005993666348396, 2.461597654739321, 3.131986485277876, 4.053010555920598, 4.720272039154463], [1.23197427464871, 2.502188397444423, 3.270577734219119, 4.201311715465895, 4.865062066153196], [0.41852632928267913, 1.0144521715703418, 1.155088346141772, 1.2841174793955283, 1.526218885745588]]
brilho [0.8400297657590446, 0.8167094473400126, 2.499966643155432]
[[1.23197427464871, 2.502188397444423, 3.270577734219119, 4.201311715465895, 4.865062066153196], [1.4177914167009718, 2.813012667887201, 3.709082101883837, 4.651851394975104, 5.3432578804070205], [0.41852632928267913, 1.0144521715703418, 1.155088346141772, 1.2841174793955283, 1.526218885745588]]
brilho [0.8167094473400126, 0.7599523697544505, 2.499966643155432]
[[1.4177914167009718, 2.813012667887201, 3.709082101883837, 4.651851394975104, 5.3432578804070205], [1.5034687783753657, 2.8597860072088563, 3.769106675058696, 4.752703843499984, 5.584030036851524], [0.41852632928267913, 1.0144521715703418, 1.155088346141772, 1.2841174793955283, 1.526218885745588]]
brilho [0.7599523697544505, 0.7537728687066868, 2.499966643155432]
[[1.5034687783753657, 2.8597860072088563, 3.769106675058696, 4.752703843499984, 5.584030036851524], [1.517831626538039, 2.9155900831620873, 3.868037219998146, 4.943808230557239, 6.039216344457224], [0.41852632928267913, 1.0144521715703418, 1.155088346141772, 1.2841174793955283, 1.526218885745588]]
brilho [0.7537728687066868, 0.7442612865289429, 2.499966643155432]
[[1.517831626538039, 2.9155900831620873, 3.868037219998146, 4.943808230557239, 6.039216344457224], [1.6758086711780176, 3.150653703353724, 4.18559469117925, 5.339352340433222, 6.39464227374957], [0.41852632928267913, 1.0144521715703418, 1.155088346141772, 1.2841174793955283, 1.526218885745588]]
brilho [0.7442612865289429, 0.7185815741195747, 2.499966643155432]
[[1.6758086711780176, 3.150653703353724, 4.18559469117925, 5.339352340433222, 6.39464227374957], [1.634912144444585, 3.137597035251885, 4.1961792622811895, 5.584635743868278, 6.683898278778449], [0.41852632928267913, 1.0144521715703418, 1.155088346141772, 1.2841174793955283, 1.526218885745588]]
brilho [0.7185815741195747, 0.717836540552859, 2.499966643155432]
[[1.634912144444585, 3.137597035251885, 4.1961792622811895, 5.584635743868278, 6.683898278778449], [1.7148698753252554, 3.2197133211396, 4.360040552587458, 5.879402650639276, 7.0666354142477505], [0.41852632928267913, 1.0144521715703418, 1.155088346141772, 1.2841174793955283, 1.526218885745588]]
brilho [0.717836540552859, 0.7070834431656463, 2.499966643155432]
[[1.7148698753252554, 3.2197133211396, 4.360040552587458, 5.879402650639276, 7.0666354142477505], [1.7987977816891023, 3.4677806745200783, 4.620154890975056, 6.221747800906469, 7.42798165670861], [0.41852632928267913, 1.0144521715703418, 1.155088346141772, 1.2841174793955283, 1.526218885745588]]
brilho [0.7070834431656463, 0.6926617620239832, 2.499966643155432]
[[1.7987977816891023, 3.4677806745200783, 4.620154890975056, 6.221747800906469, 7.42798165670861], [1.8048455408620758, 3.515907449188297, 4.688612901411299, 6.542523584929053, 7.7842302327949096], [0.41852632928267913, 1.0144521715703418, 1.155088346141772, 1.2841174793955283, 1.526218885745588]]
brilho [0.6926617620239832, 0.6893324193952821, 2.499966643155432]
[[1.8048455408620758, 3.515907449188297, 4.688612901411299, 6.542523584929053, 7.7842302327949096], [1.8792570157898423, 3.7516734784776853, 5.010947703359514, 6.833469588008468, 8.140763601007892], [0.41852632928267913, 1.0144521715703418, 1.155088346141772, 1.2841174793955283, 1.526218885745588]]
brilho [0.6893324193952821, 0.6758228788610536, 2.499966643155432]
[[1.8792570157898423, 3.7516734784776853, 5.010947703359514, 6.833469588008468, 8.140763601007892], [1.9085427999209426, 3.8509914288535447, 5.101461429762285, 7.016702313958568, 8.417043992950598], [0.41852632928267913, 1.0144521715703418, 1.155088346141772, 1.2841174793955283, 1.526218885745588]]
brilho [0.6758228788610536, 0.6725910222381021, 2.499966643155432]
[[1.9085427999209426, 3.8509914288535447, 5.101461429762285, 7.016702313958568, 8.417043992950598], [1.9685576659515833, 4.2386577326106725, 5.5267886323132025, 7.450447110731116, 8.842094405690379], [0.41852632928267913, 1.0144521715703418, 1.155088346141772, 1.2841174793955283, 1.526218885745588]]
brilho [0.6725910222381021, 0.6600308426635806, 2.499966643155432]
[[1.9685576659515833, 4.2386577326106725, 5.5267886323132025, 7.450447110731116, 8.842094405690379], [1.9605588773839682, 4.080480246419596, 5.554997786645514, 7.681856883647728, 9.09450563380588], [0.41852632928267913, 1.0144521715703418, 1.155088346141772, 1.2841174793955283, 1.526218885745588]]
brilho [0.6600308426635806, 0.6593301713113526, 2.499966643155432]
[[1.9605588773839682, 4.080480246419596, 5.554997786645514, 7.681856883647728, 9.09450563380588], [2.0183481140193846, 4.254231982633933, 5.764220689676253, 7.934000527516811, 9.522282143284126], [0.41852632928267913, 1.0144521715703418, 1.155088346141772, 1.2841174793955283, 1.526218885745588]]
brilho [0.6593301713113526, 0.6545641129170411, 2.499966643155432]
[[2.0183481140193846, 4.254231982633933, 5.764220689676253, 7.934000527516811, 9.522282143284126], [2.0375250130433584, 4.245431506904537, 5.8859642321773205, 8.225514447718007, 9.885055746319], [0.41852632928267913, 1.0144521715703418, 1.155088346141772, 1.2841174793955283, 1.526218885745588]]
brilho [0.6545641129170411, 0.6521093773577906, 2.499966643155432]
[[2.0375250130433584, 4.245431506904537, 5.8859642321773205, 8.225514447718007, 9.885055746319], [2.0371488999575673, 4.259577652092016, 5.922365133399717, 8.34975470648489, 10.279115849799467], [0.41852632928267913, 1.0144521715703418, 1.155088346141772, 1.2841174793955283, 1.526218885745588]]
brilho [0.6521093773577906, 0.6514167930936314, 2.499966643155432]
[[2.0371488999575673, 4.259577652092016, 5.922365133399717, 8.34975470648489, 10.279115849799467], [2.129231186097326, 4.4036553502206015, 6.234563399939069, 8.798660028936508, 10.695839051555852], [0.41852632928267913, 1.0144521715703418, 1.155088346141772, 1.2841174793955283, 1.526218885745588]]
brilho [0.6514167930936314, 0.6461718871976961, 2.499966643155432]
[[2.129231186097326, 4.4036553502206015, 6.234563399939069, 8.798660028936508, 10.695839051555852], [2.1031695669789547, 4.369928940897552, 6.177484294731681, 8.767048046508837, 10.741289328688934], [0.41852632928267913, 1.0144521715703418, 1.155088346141772, 1.2841174793955283, 1.526218885745588]]
brilho [0.6461718871976961, 0.647044426243987, 2.499966643155432]
[[2.129231186097326, 4.4036553502206015, 6.234563399939069, 8.798660028936508, 10.695839051555852], [2.1579484690593884, 4.588009959620618, 6.438413786777399, 9.007016499660395, 11.170673468243034], [0.41852632928267913, 1.0144521715703418, 1.155088346141772, 1.2841174793955283, 1.526218885745588]]
brilho [0.6461718871976961, 0.6433329201100287, 2.499966643155432]
[[2.1579484690593884, 4.588009959620618, 6.438413786777399, 9.007016499660395, 11.170673468243034], [2.348952791702464, 4.7500451142176345, 6.601981012447364, 9.330006334877906, 11.429872167829396], [0.41852632928267913, 1.0144521715703418, 1.155088346141772, 1.2841174793955283, 1.526218885745588]]
brilho [0.6433329201100287, 0.6413370398168671, 2.499966643155432]
[[2.348952791702464, 4.7500451142176345, 6.601981012447364, 9.330006334877906, 11.429872167829396], [2.3089639733651772, 4.862102772846747, 6.873774425179622, 9.570269924779517, 11.754646674354904], [0.41852632928267913, 1.0144521715703418, 1.155088346141772, 1.2841174793955283, 1.526218885745588]]
brilho [0.6413370398168671, 0.6384953820766361, 2.499966643155432]
[[2.3089639733651772, 4.862102772846747, 6.873774425179622, 9.570269924779517, 11.754646674354904], [2.338121399664643, 4.897623994805174, 6.941681063918408, 9.779944233083263, 12.12435420252705], [0.41852632928267913, 1.0144521715703418, 1.155088346141772, 1.2841174793955283, 1.526218885745588]]
brilho [0.6384953820766361, 0.6378671986135152, 2.499966643155432]
[[2.338121399664643, 4.897623994805174, 6.941681063918408, 9.779944233083263, 12.12435420252705], [2.4576629904323797, 5.044356689308973, 7.100023517201413, 10.009211315264928, 12.521173811559754], [0.41852632928267913, 1.0144521715703418, 1.155088346141772, 1.2841174793955283, 1.526218885745588]]
brilho [0.6378671986135152, 0.6365148779015766, 2.499966643155432]
[[2.4576629904323797, 5.044356689308973, 7.100023517201413, 10.009211315264928, 12.521173811559754], [2.5754199652413114, 5.195435635615425, 7.3768504782948, 10.34407582396666, 12.821087638383057], [0.41852632928267913, 1.0144521715703418, 1.155088346141772, 1.2841174793955283, 1.526218885745588]]
brilho [0.6365148779015766, 0.634486052978666, 2.499966643155432]
[[2.5754199652413114, 5.195435635615425, 7.3768504782948, 10.34407582396666, 12.821087638383057], [2.5736767821997955, 5.304660105837145, 7.461086581424946, 10.579519441912746, 13.087306281200943], [0.41852632928267913, 1.0144521715703418, 1.155088346141772, 1.2841174793955283, 1.526218885745588]]
brilho [0.634486052978666, 0.6339433989860713, 2.499966643155432]
[[2.5736767821997955, 5.304660105837145, 7.461086581424946, 10.579519441912746, 13.087306281200943], [2.5771243046678642, 5.310474540569541, 7.784195983312237, 10.890819886532535, 13.422272539304267], [0.41852632928267913, 1.0144521715703418, 1.155088346141772, 1.2841174793955283, 1.526218885745588]]
brilho [0.6339433989860713, 0.6321364891509997, 2.499966643155432]
[[2.5771243046678642, 5.310474540569541, 7.784195983312237, 10.890819886532535, 13.422272539304267], [2.660324081398312, 5.474007434752025, 7.9080839793911215, 11.024666528946733, 13.780714729360866], [0.41852632928267913, 1.0144521715703418, 1.155088346141772, 1.2841174793955283, 1.526218885745588]]
brilho [0.6321364891509997, 0.6315455128078027, 2.499966643155432]
[[2.660324081398312, 5.474007434752025, 7.9080839793911215, 11.024666528946733, 13.780714729360866], [2.670452590905433, 5.543077359792464, 7.996173378723886, 11.294173617543697, 14.187107862053912], [0.41852632928267913, 1.0144521715703418, 1.155088346141772, 1.2841174793955283, 1.526218885745588]]
brilho [0.6315455128078027, 0.6311554932691628, 2.499966643155432]
[[2.670452590905433, 5.543077359792464, 7.996173378723886, 11.294173617543697, 14.187107862053912], [2.8104208362178418, 5.704311968746644, 8.205806260574024, 11.49052953925057, 14.5358090749098], [0.41852632928267913, 1.0144521715703418, 1.155088346141772, 1.2841174793955283, 1.526218885745588]]
brilho [0.6311554932691628, 0.6303187034179115, 2.499966643155432]
[[2.8104208362178418, 5.704311968746644, 8.205806260574024, 11.49052953925057, 14.5358090749098], [2.781431932473585, 5.6905905841885405, 8.240916354685321, 11.580080444523016, 14.786076844609395], [0.41852632928267913, 1.0144521715703418, 1.155088346141772, 1.2841174793955283, 1.526218885745588]]
brilho [0.6303187034179115, 0.6301901806889167, 2.499966643155432]
[[2.781431932473585, 5.6905905841885405, 8.240916354685321, 11.580080444523016, 14.786076844609395], [2.7978849860006703, 5.853019958110326, 8.401019151167631, 11.80165543108383, 15.1658731327714], [0.41852632928267913, 1.0144521715703418, 1.155088346141772, 1.2841174793955283, 1.526218885745588]]
brilho [0.6301901806889167, 0.629642539703815, 2.499966643155432]
[[2.7978849860006703, 5.853019958110326, 8.401019151167631, 11.80165543108383, 15.1658731327714], [2.8165531831145714, 5.944964614585031, 8.53812110569886, 12.109639577260216, 15.550250344466065], [0.41852632928267913, 1.0144521715703418, 1.155088346141772, 1.2841174793955283, 1.526218885745588]]
brilho [0.629642539703815, 0.6292199248333518, 2.499966643155432]
[[2.8165531831145714, 5.944964614585031, 8.53812110569886, 12.109639577260216, 15.550250344466065], [2.8507047194147255, 6.130201057518841, 8.725978998658997, 12.419438037413189, 15.918857406977901], [0.41852632928267913, 1.0144521715703418, 1.155088346141772, 1.2841174793955283, 1.526218885745588]]
brilho [0.6292199248333518, 0.6287028273949652, 2.499966643155432]
[[2.8507047194147255, 6.130201057518841, 8.725978998658997, 12.419438037413189, 15.918857406977901], [2.9423796950692322, 6.224585566739218, 8.894347948418028, 12.60908223819156, 16.101134864762955], [0.41852632928267913, 1.0144521715703418, 1.155088346141772, 1.2841174793955283, 1.526218885745588]]
brilho [0.6287028273949652, 0.6282936210986135, 2.499966643155432]
[[2.9423796950692322, 6.224585566739218, 8.894347948418028, 12.60908223819156, 16.101134864762955], [3.0568197269015713, 6.356623255952818, 9.205890164208148, 12.956547391060129, 16.45231837701892], [0.41852632928267913, 1.0144521715703418, 1.155088346141772, 1.2841174793955283, 1.526218885745588]]
brilho [0.6282936210986135, 0.6276522287576759, 2.499966643155432]
[[3.0568197269015713, 6.356623255952818, 9.205890164208148, 12.956547391060129, 16.45231837701892], [3.1320759506211124, 6.435706131094685, 9.368262528553883, 13.186015321967346, 16.759209176425745], [0.41852632928267913, 1.0144521715703418, 1.155088346141772, 1.2841174793955283, 1.526218885745588]]
brilho [0.6276522287576759, 0.627369227049189, 2.499966643155432]
[[3.1320759506211124, 6.435706131094685, 9.368262528553883, 13.186015321967346, 16.759209176425745], [3.1575861018719196, 6.620131919394444, 9.59605961421017, 13.52975661807693, 17.19522435048406], [0.41852632928267913, 1.0144521715703418, 1.155088346141772, 1.2841174793955283, 1.526218885745588]]
brilho [0.627369227049189, 0.6270224433854237, 2.499966643155432]
[[3.1575861018719196, 6.620131919394444, 9.59605961421017, 13.52975661807693, 17.19522435048406], [3.2032716293340013, 6.823189942601537, 9.836246804706391, 13.834594973641156, 17.503400976501602], [0.41852632928267913, 1.0144521715703418, 1.155088346141772, 1.2841174793955283, 1.526218885745588]]
brilho [0.6270224433854237, 0.6267117024667126, 2.499966643155432]
[[3.2032716293340013, 6.823189942601537, 9.836246804706391, 13.834594973641156, 17.503400976501602], [3.3213873877528295, 7.074391714478519, 10.12768857285834, 14.168953224740283, 17.849963860584797], [0.41852632928267913, 1.0144521715703418, 1.155088346141772, 1.2841174793955283, 1.526218885745588]]
brilho [0.6267117024667126, 0.6263981146657919, 2.499966643155432]
[[3.3213873877528295, 7.074391714478519, 10.12768857285834, 14.168953224740283, 17.849963860584797], [3.4129852684954862, 7.145058172267926, 10.210981679785633, 14.329851542336094, 18.072924437933864], [0.41852632928267913, 1.0144521715703418, 1.155088346141772, 1.2841174793955283, 1.526218885745588]]
brilho [0.6263981146657919, 0.6263195599865337, 2.499966643155432]
[[3.4129852684954862, 7.145058172267926, 10.210981679785633, 14.329851542336094, 18.072924437933864], [3.512869453377294, 7.349921144822495, 10.420969904650644, 14.761349520364902, 18.538578075745196], [0.41852632928267913, 1.0144521715703418, 1.155088346141772, 1.2841174793955283, 1.526218885745588]]
brilho [0.6263195599865337, 0.6261405692982653, 2.499966643155432]
[[3.512869453377294, 7.349921144822495, 10.420969904650644, 14.761349520364902, 18.538578075745196], [3.4945943106377477, 7.47389703607511, 10.569790091677392, 14.935136538890907, 18.816375872833742], [0.41852632928267913, 1.0144521715703418, 1.155088346141772, 1.2841174793955283, 1.526218885745588]]
brilho [0.6261405692982653, 0.6260286308268129, 2.499966643155432]
[[3.4945943106377477, 7.47389703607511, 10.569790091677392, 14.935136538890907, 18.816375872833742], [3.508052258066976, 7.541560930969492, 10.673070857240983, 15.30548604218058, 19.182058789615454], [0.41852632928267913, 1.0144521715703418, 1.155088346141772, 1.2841174793955283, 1.526218885745588]]
brilho [0.6260286308268129, 0.6259574741035197, 2.499966643155432]
[[3.508052258066976, 7.541560930969492, 10.673070857240983, 15.30548604218058, 19.182058789615454], [3.5183352304265427, 7.542872700401548, 11.013716560876425, 15.616227592177893, 19.55722635473277], [0.41852632928267913, 1.0144521715703418, 1.155088346141772, 1.2841174793955283, 1.526218885745588]]
brilho [0.6259574741035197, 0.6257558772028629, 2.499966643155432]
[[3.5183352304265427, 7.542872700401548, 11.013716560876425, 15.616227592177893, 19.55722635473277], [3.6706556307968063, 7.81770635375928, 11.298747383877437, 15.973976836424194, 19.934186034443535], [0.41852632928267913, 1.0144521715703418, 1.155088346141772, 1.2841174793955283, 1.526218885745588]]
brilho [0.6257558772028629, 0.6256202158111974, 2.499966643155432]
[[3.6706556307968063, 7.81770635375928, 11.298747383877437, 15.973976836424194, 19.934186034443535], [3.7603419069160626, 8.009105579876525, 11.535811893061366, 16.187380135572198, 20.18553066685956], [0.41852632928267913, 1.0144521715703418, 1.155088346141772, 1.2841174793955283, 1.526218885745588]]
brilho [0.6256202158111974, 0.6255261277609074, 2.499966643155432]
[[3.7603419069160626, 8.009105579876525, 11.535811893061366, 16.187380135572198, 20.18553066685956], [3.9200613989638815, 8.265987795143591, 11.83164894282814, 16.507071013027893, 20.596185966709267], [0.41852632928267913, 1.0144521715703418, 1.155088346141772, 1.2841174793955283, 1.526218885745588]]
brilho [0.6255261277609074, 0.6254284708340198, 2.499966643155432]
[[3.9200613989638815, 8.265987795143591, 11.83164894282814, 16.507071013027893, 20.596185966709267], [3.862704371679863, 8.243303481218486, 12.024824138712924, 16.782645599750552, 20.94114864302676], [0.41852632928267913, 1.0144521715703418, 1.155088346141772, 1.2841174793955283, 1.526218885745588]]
brilho [0.6254284708340198, 0.6253747059367121, 2.499966643155432]
[[3.862704371679863, 8.243303481218486, 12.024824138712924, 16.782645599750552, 20.94114864302676], [3.959694142335705, 8.334990036150923, 12.196145187001578, 16.999139706071652, 21.34350804600255], [0.41852632928267913, 1.0144521715703418, 1.155088346141772, 1.2841174793955283, 1.526218885745588]]
brilho [0.6253747059367121, 0.6253326926287965, 2.499966643155432]
[[3.959694142335705, 8.334990036150923, 12.196145187001578, 16.999139706071652, 21.34350804600255], [4.206728923206889, 8.591566989622539, 12.516419745621606, 17.423381965547883, 21.748078584533783], [0.41852632928267913, 1.0144521715703418, 1.155088346141772, 1.2841174793955283, 1.526218885745588]]
brilho [0.6253326926287965, 0.6252663645809999, 2.499966643155432]
[[4.206728923206889, 8.591566989622539, 12.516419745621606, 17.423381965547883, 21.748078584533783], [4.279437978297045, 8.685460992997141, 12.657508659167396, 17.545385433310216, 22.046356590649804], [0.41852632928267913, 1.0144521715703418, 1.155088346141772, 1.2841174793955283, 1.526218885745588]]
brilho [0.6252663645809999, 0.6252415064113114, 2.499966643155432]
[[4.279437978297045, 8.685460992997141, 12.657508659167396, 17.545385433310216, 22.046356590649804], [4.394671559196578, 8.810605435203406, 13.085216036795392, 17.99292190152244, 22.480416170523505], [0.41852632928267913, 1.0144521715703418, 1.155088346141772, 1.2841174793955283, 1.526218885745588]]
brilho [0.6252415064113114, 0.6251794351430608, 2.499966643155432]
[[4.394671559196578, 8.810605435203406, 13.085216036795392, 17.99292190152244, 22.480416170523505], [4.46898625708877, 9.071477043316165, 13.332999300045827, 18.2548517918633, 22.754633179018676], [0.41852632928267913, 1.0144521715703418, 1.155088346141772, 1.2841174793955283, 1.526218885745588]]
brilho [0.6251794351430608, 0.6251510526169176, 2.499966643155432]
[[4.46898625708877, 9.071477043316165, 13.332999300045827, 18.2548517918633, 22.754633179018676], [4.470114839246104, 9.20264048783678, 13.505372556114963, 18.606052986827194, 23.127992183277737], [0.41852632928267913, 1.0144521715703418, 1.155088346141772, 1.2841174793955283, 1.526218885745588]]
brilho [0.6251510526169176, 0.6251339951396594, 2.499966643155432]
[[4.470114839246104, 9.20264048783678, 13.505372556114963, 18.606052986827194, 23.127992183277737], [4.491374377819796, 9.223116822165029, 13.554856016361756, 18.78283861328648, 23.492632462981963], [0.41852632928267913, 1.0144521715703418, 1.155088346141772, 1.2841174793955283, 1.526218885745588]]
brilho [0.6251339951396594, 0.6251294633868862, 2.499966643155432]
[[4.491374377819796, 9.223116822165029, 13.554856016361756, 18.78283861328648, 23.492632462981963], [4.518019115900143, 9.282649514297873, 13.614201099826222, 18.90861774722653, 23.676831873587716], [0.41852632928267913, 1.0144521715703418, 1.155088346141772, 1.2841174793955283, 1.526218885745588]]
brilho [0.6251294633868862, 0.6251242296025318, 2.499966643155432]
[[4.518019115900143, 9.282649514297873, 13.614201099826222, 18.90861774722653, 23.676831873587716], [4.557929142272999, 9.38012375042134, 13.890781860779247, 19.19452806849953, 24.073184083693086], [0.41852632928267913, 1.0144521715703418, 1.155088346141772, 1.2841174793955283, 1.526218885745588]]
brilho [0.6251242296025318, 0.6251024868675816, 2.499966643155432]
[[4.557929142272999, 9.38012375042134, 13.890781860779247, 19.19452806849953, 24.073184083693086], [4.5637118235341285, 9.645727981931135, 14.13452737975157, 19.4937463878954, 24.371697822008937], [0.41852632928267913, 1.0144521715703418, 1.155088346141772, 1.2841174793955283, 1.526218885745588]]
brilho [0.6251024868675816, 0.6250864932117417, 2.499966643155432]
[[4.5637118235341285, 9.645727981931135, 14.13452737975157, 19.4937463878954, 24.371697822008937], [4.602169777701623, 9.746888251333775, 14.341522222003672, 19.82077009193963, 24.702724702027567], [0.41852632928267913, 1.0144521715703418, 1.155088346141772, 1.2841174793955283, 1.526218885745588]]
brilho [0.6250864932117417, 0.6250748794749865, 2.499966643155432]
[[4.602169777701623, 9.746888251333775, 14.341522222003672, 19.82077009193963, 24.702724702027567], [4.6026384741993525, 9.81953953428864, 14.499290171330848, 20.10999617656537, 25.067092793366047], [0.41852632928267913, 1.0144521715703418, 1.155088346141772, 1.2841174793955283, 1.526218885745588]]
brilho [0.6250748794749865, 0.6250670818058963, 2.499966643155432]
[[4.6026384741993525, 9.81953953428864, 14.499290171330848, 20.10999617656537, 25.067092793366047], [4.780026194802248, 10.08503054966643, 14.800971182844846, 20.425023988697152, 25.438386257923796], [0.41852632928267913, 1.0144521715703418, 1.155088346141772, 1.2841174793955283, 1.526218885745588]]
brilho [0.6250670818058963, 0.6250543495291305, 2.499966643155432]
[[4.780026194802248, 10.08503054966643, 14.800971182844846, 20.425023988697152, 25.438386257923796], [4.724846613471689, 10.2204706113155, 14.972550049529694, 20.622918295249864, 25.63532412741698], [0.41852632928267913, 1.0144521715703418, 1.155088346141772, 1.2841174793955283, 1.526218885745588]]
brilho [0.6250543495291305, 0.6250482112553126, 2.499966643155432]
[[4.724846613471689, 10.2204706113155, 14.972550049529694, 20.622918295249864, 25.63532412741698], [4.74804770337927, 10.370912120441245, 15.187509791734184, 21.01229366714134, 26.08910212654005], [0.41852632928267913, 1.0144521715703418, 1.155088346141772, 1.2841174793955283, 1.526218885745588]]
brilho [0.6250482112553126, 0.625041483036375, 2.499966643155432]
[[4.74804770337927, 10.370912120441245, 15.187509791734184, 21.01229366714134, 26.08910212654005], [4.861276603655659, 10.630995327279186, 15.432876608692965, 21.316443484405333, 26.404225151493087], [0.41852632928267913, 1.0144521715703418, 1.155088346141772, 1.2841174793955283, 1.526218885745588]]
brilho [0.625041483036375, 0.6250349338271345, 2.499966643155432]
[[4.861276603655659, 10.630995327279186, 15.432876608692965, 21.316443484405333, 26.404225151493087], [4.83598297348587, 10.626428183960996, 15.594922538998587, 21.51287213925775, 26.75334664153846], [0.41852632928267913, 1.0144521715703418, 1.155088346141772, 1.2841174793955283, 1.526218885745588]]
brilho [0.6250349338271345, 0.625031180727325, 2.499966643155432]
[[4.83598297348587, 10.626428183960996, 15.594922538998587, 21.51287213925775, 26.75334664153846], [4.89625633767256, 10.817145776582732, 15.872969336967618, 21.816102010933683, 27.082851612616246], [0.41852632928267913, 1.0144521715703418, 1.155088346141772, 1.2841174793955283, 1.526218885745588]]
brilho [0.625031180727325, 0.6250256463455468, 2.499966643155432]
[[4.89625633767256, 10.817145776582732, 15.872969336967618, 21.816102010933683, 27.082851612616246], [5.095615708104099, 10.983234989190017, 16.032829931034744, 22.062879516053428, 27.476159566761893], [0.41852632928267913, 1.0144521715703418, 1.155088346141772, 1.2841174793955283, 1.526218885745588]]
brilho [0.6250256463455468, 0.6250229153072558, 2.499966643155432]
[[5.095615708104099, 10.983234989190017, 16.032829931034744, 22.062879516053428, 27.476159566761893], [5.062850995477695, 11.057657815283477, 16.15118260794405, 22.234651721140388, 27.677564549108194], [0.41852632928267913, 1.0144521715703418, 1.155088346141772, 1.2841174793955283, 1.526218885745588]]
brilho [0.6250229153072558, 0.6250210796698698, 2.499966643155432]
[[5.062850995477695, 11.057657815283477, 16.15118260794405, 22.234651721140388, 27.677564549108194], [5.14638117313162, 11.221453354685657, 16.44301374078155, 22.57635688755935, 28.122385184453222], [0.41852632928267913, 1.0144521715703418, 1.155088346141772, 1.2841174793955283, 1.526218885745588]]
brilho [0.6250210796698698, 0.6250171476326598, 2.499966643155432]
[[5.14638117313162, 11.221453354685657, 16.44301374078155, 22.57635688755935, 28.122385184453222], [5.20544180431836, 11.261671964638756, 16.632179905974994, 22.83285071307904, 28.444553583419673], [0.41852632928267913, 1.0144521715703418, 1.155088346141772, 1.2841174793955283, 1.526218885745588]]
brilho [0.6250171476326598, 0.6250149923685709, 2.499966643155432]
[[5.20544180431836, 11.261671964638756, 16.632179905974994, 22.83285071307904, 28.444553583419673], [5.23231666643045, 11.336917586466262, 16.795475342069466, 22.99945754315678, 28.738791737571926], [0.41852632928267913, 1.0144521715703418, 1.155088346141772, 1.2841174793955283, 1.526218885745588]]
brilho [0.6250149923685709, 0.6250133461045717, 2.499966643155432]
[[5.23231666643045, 11.336917586466262, 16.795475342069466, 22.99945754315678, 28.738791737571926], [5.28787256137635, 11.4941922151558, 17.13132139334103, 23.344565373523935, 29.139406211081315], [0.41852632928267913, 1.0144521715703418, 1.155088346141772, 1.2841174793955283, 1.526218885745588]]
brilho [0.6250133461045717, 0.6250104932219446, 2.499966643155432]
[[5.28787256137635, 11.4941922151558, 17.13132139334103, 23.344565373523935, 29.139406211081315], [5.421433159364908, 11.812122663532831, 17.456343178965902, 23.718434957766732, 29.4982698766417], [0.41852632928267913, 1.0144521715703418, 1.155088346141772, 1.2841174793955283, 1.526218885745588]]
brilho [0.6250104932219446, 0.6250082977829889, 2.499966643155432]
[[5.421433159364908, 11.812122663532831, 17.456343178965902, 23.718434957766732, 29.4982698766417], [5.628000454635568, 12.012036243378915, 17.67824154882888, 23.925124440225712, 29.82633995378541], [0.41852632928267913, 1.0144521715703418, 1.155088346141772, 1.2841174793955283, 1.526218885745588]]
brilho [0.6250082977829889, 0.6250070591237595, 2.499966643155432]
[[5.628000454635568, 12.012036243378915, 17.67824154882888, 23.925124440225712, 29.82633995378541], [5.631275975757723, 12.189192586406948, 17.8640300594639, 24.166426788133236, 30.15435083493286], [0.41852632928267913, 1.0144521715703418, 1.155088346141772, 1.2841174793955283, 1.526218885745588]]
brilho [0.6250070591237595, 0.6250061589533026, 2.499966643155432]
[[5.631275975757723, 12.189192586406948, 17.8640300594639, 24.166426788133236, 30.15435083493286], [5.889168226569381, 12.456676673692408, 18.23934522732336, 24.54129887295546, 30.525834467582857], [0.41852632928267913, 1.0144521715703418, 1.155088346141772, 1.2841174793955283, 1.526218885745588]]
brilho [0.6250061589533026, 0.6250046586798821, 2.499966643155432]
[[5.889168226569381, 12.456676673692408, 18.23934522732336, 24.54129887295546, 30.525834467582857], [5.822360457233469, 12.509636541575036, 18.30672395069672, 24.63450209918348, 30.661195829035332], [0.41852632928267913, 1.0144521715703418, 1.155088346141772, 1.2841174793955283, 1.526218885745588]]
brilho [0.6250046586798821, 0.6250044282813101, 2.499966643155432]
[[5.822360457233469, 12.509636541575036, 18.30672395069672, 24.63450209918348, 30.661195829035332], [5.859150035640737, 12.542042139200264, 18.375977981497122, 24.827575518585633, 31.07184413202217], [0.41852632928267913, 1.0144521715703418, 1.155088346141772, 1.2841174793955283, 1.526218885745588]]
brilho [0.6250044282813101, 0.6250042024215724, 2.499966643155432]
[[5.859150035640737, 12.542042139200264, 18.375977981497122, 24.827575518585633, 31.07184413202217], [5.855616571501908, 12.604226868424098, 18.641824475675037, 25.06988093211282, 31.42404564078571], [0.41852632928267913, 1.0144521715703418, 1.155088346141772, 1.2841174793955283, 1.526218885745588]]
brilho [0.6250042024215724, 0.6250034294576785, 2.499966643155432]
[[5.855616571501908, 12.604226868424098, 18.641824475675037, 25.06988093211282, 31.42404564078571], [5.968726291982151, 12.745866580405822, 18.82932636729325, 25.434201859755177, 31.817592783989472], [0.41852632928267913, 1.0144521715703418, 1.155088346141772, 1.2841174793955283, 1.526218885745588]]
brilho [0.6250034294576785, 0.6250029638833605, 2.499966643155432]
[[5.968726291982151, 12.745866580405822, 18.82932636729325, 25.434201859755177, 31.817592783989472], [6.114460804895017, 12.895649088562825, 19.013773886826822, 25.696368368158797, 32.14005619901449], [0.41852632928267913, 1.0144521715703418, 1.155088346141772, 1.2841174793955283, 1.526218885745588]]
brilho [0.6250029638833605, 0.6250025612942903, 2.499966643155432]
[[6.114460804895017, 12.895649088562825, 19.013773886826822, 25.696368368158797, 32.14005619901449], [6.282617155516151, 13.102333460945806, 19.356063480239488, 26.071551344129883, 32.56515335495337], [0.41852632928267913, 1.0144521715703418, 1.155088346141772, 1.2841174793955283, 1.526218885745588]]
bests [6.114460804895017, 12.895649088562825, 19.013773886826822, 25.696368368158797, 32.14005619901449]
Melhores fireflies:
[6.114460804895017, 12.895649088562825, 19.013773886826822, 25.696368368158797, 32.14005619901449]
